[1.889s] Invoking command in '/home/igor/Code/Modulo8/src/pond2': PYTHONPATH=/home/igor/Code/Modulo8/build/pond2/prefix_override:/home/igor/Code/Modulo8/install/pond2/lib/python3.10/site-packages:${PYTHONPATH} /usr/bin/python3 setup.py egg_info --egg-base ../../build/pond2 build --build-base /home/igor/Code/Modulo8/build/pond2/build install --record /home/igor/Code/Modulo8/build/pond2/install.log --single-version-externally-managed
[2.276s] running egg_info
[2.276s] creating ../../build/pond2/pond2.egg-info
[2.277s] writing ../../build/pond2/pond2.egg-info/PKG-INFO
[2.277s] writing dependency_links to ../../build/pond2/pond2.egg-info/dependency_links.txt
[2.278s] writing entry points to ../../build/pond2/pond2.egg-info/entry_points.txt
[2.278s] writing requirements to ../../build/pond2/pond2.egg-info/requires.txt
[2.278s] writing top-level names to ../../build/pond2/pond2.egg-info/top_level.txt
[2.279s] writing manifest file '../../build/pond2/pond2.egg-info/SOURCES.txt'
[2.281s] reading manifest file '../../build/pond2/pond2.egg-info/SOURCES.txt'
[2.282s] writing manifest file '../../build/pond2/pond2.egg-info/SOURCES.txt'
[2.282s] running build
[2.283s] running build_py
[2.283s] creating /home/igor/Code/Modulo8/build/pond2/build
[2.283s] creating /home/igor/Code/Modulo8/build/pond2/build/lib
[2.283s] creating /home/igor/Code/Modulo8/build/pond2/build/lib/pond2
[2.284s] copying pond2/tartabot.py -> /home/igor/Code/Modulo8/build/pond2/build/lib/pond2
[2.284s] copying pond2/__init__.py -> /home/igor/Code/Modulo8/build/pond2/build/lib/pond2
[2.284s] running install
[2.284s] running install_lib
[2.285s] creating /home/igor/Code/Modulo8/install/pond2/lib/python3.10/site-packages/pond2
[2.286s] copying /home/igor/Code/Modulo8/build/pond2/build/lib/pond2/tartabot.py -> /home/igor/Code/Modulo8/install/pond2/lib/python3.10/site-packages/pond2
[2.286s] copying /home/igor/Code/Modulo8/build/pond2/build/lib/pond2/__init__.py -> /home/igor/Code/Modulo8/install/pond2/lib/python3.10/site-packages/pond2
[2.286s] byte-compiling /home/igor/Code/Modulo8/install/pond2/lib/python3.10/site-packages/pond2/tartabot.py to tartabot.cpython-310.pyc
[2.287s] byte-compiling /home/igor/Code/Modulo8/install/pond2/lib/python3.10/site-packages/pond2/__init__.py to __init__.cpython-310.pyc
[2.287s] running install_data
[2.288s] creating /home/igor/Code/Modulo8/install/pond2/share/ament_index
[2.289s] creating /home/igor/Code/Modulo8/install/pond2/share/ament_index/resource_index
[2.289s] creating /home/igor/Code/Modulo8/install/pond2/share/ament_index/resource_index/packages
[2.289s] copying resource/pond2 -> /home/igor/Code/Modulo8/install/pond2/share/ament_index/resource_index/packages
[2.289s] copying package.xml -> /home/igor/Code/Modulo8/install/pond2/share/pond2
[2.289s] running install_egg_info
[2.291s] Copying ../../build/pond2/pond2.egg-info to /home/igor/Code/Modulo8/install/pond2/lib/python3.10/site-packages/pond2-1.0.0-py3.10.egg-info
[2.293s] running install_scripts
[2.326s] Installing tartabot script to /home/igor/Code/Modulo8/install/pond2/lib/pond2
[2.326s] writing list of installed files to '/home/igor/Code/Modulo8/build/pond2/install.log'
[2.375s] Invoked command in '/home/igor/Code/Modulo8/src/pond2' returned '0': PYTHONPATH=/home/igor/Code/Modulo8/build/pond2/prefix_override:/home/igor/Code/Modulo8/install/pond2/lib/python3.10/site-packages:${PYTHONPATH} /usr/bin/python3 setup.py egg_info --egg-base ../../build/pond2 build --build-base /home/igor/Code/Modulo8/build/pond2/build install --record /home/igor/Code/Modulo8/build/pond2/install.log --single-version-externally-managed
