[1.071s] Invoking command in '/home/igor/Code/Modulo8/src/pond2': PYTHONPATH=/home/igor/Code/Modulo8/src/pond2/build/pond2/prefix_override:/home/igor/Code/Modulo8/src/pond2/install/pond2/lib/python3.10/site-packages:${PYTHONPATH} /usr/bin/python3 setup.py egg_info --egg-base build/pond2 build --build-base /home/igor/Code/Modulo8/src/pond2/build/pond2/build install --record /home/igor/Code/Modulo8/src/pond2/build/pond2/install.log --single-version-externally-managed
[1.409s] running egg_info
[1.410s] writing build/pond2/pond2.egg-info/PKG-INFO
[1.410s] writing dependency_links to build/pond2/pond2.egg-info/dependency_links.txt
[1.419s] writing entry points to build/pond2/pond2.egg-info/entry_points.txt
[1.420s] writing requirements to build/pond2/pond2.egg-info/requires.txt
[1.421s] writing top-level names to build/pond2/pond2.egg-info/top_level.txt
[1.425s] reading manifest file 'build/pond2/pond2.egg-info/SOURCES.txt'
[1.426s] writing manifest file 'build/pond2/pond2.egg-info/SOURCES.txt'
[1.426s] running build
[1.426s] running build_py
[1.427s] running install
[1.427s] running install_lib
[1.430s] running install_data
[1.433s] copying launch/tarta2_launch.py -> /home/igor/Code/Modulo8/src/pond2/install/pond2/share/pond2/launch
[1.433s] running install_egg_info
[1.435s] removing '/home/igor/Code/Modulo8/src/pond2/install/pond2/lib/python3.10/site-packages/pond2-1.0.0-py3.10.egg-info' (and everything under it)
[1.436s] Copying build/pond2/pond2.egg-info to /home/igor/Code/Modulo8/src/pond2/install/pond2/lib/python3.10/site-packages/pond2-1.0.0-py3.10.egg-info
[1.437s] running install_scripts
[1.466s] Installing savemap script to /home/igor/Code/Modulo8/src/pond2/install/pond2/lib/pond2
[1.466s] Installing tartabot script to /home/igor/Code/Modulo8/src/pond2/install/pond2/lib/pond2
[1.468s] writing list of installed files to '/home/igor/Code/Modulo8/src/pond2/build/pond2/install.log'
[1.500s] Invoked command in '/home/igor/Code/Modulo8/src/pond2' returned '0': PYTHONPATH=/home/igor/Code/Modulo8/src/pond2/build/pond2/prefix_override:/home/igor/Code/Modulo8/src/pond2/install/pond2/lib/python3.10/site-packages:${PYTHONPATH} /usr/bin/python3 setup.py egg_info --egg-base build/pond2 build --build-base /home/igor/Code/Modulo8/src/pond2/build/pond2/build install --record /home/igor/Code/Modulo8/src/pond2/build/pond2/install.log --single-version-externally-managed
