[2.808s] Invoking command in '/home/igor/Code/Modulo8/src/pond3': PYTHONPATH=/home/igor/Code/Modulo8/build/pond3/prefix_override:/home/igor/Code/Modulo8/install/pond3/lib/python3.10/site-packages:${PYTHONPATH} /usr/bin/python3 setup.py egg_info --egg-base ../../build/pond3 build --build-base /home/igor/Code/Modulo8/build/pond3/build install --record /home/igor/Code/Modulo8/build/pond3/install.log --single-version-externally-managed
[3.170s] running egg_info
[3.172s] writing ../../build/pond3/pond3.egg-info/PKG-INFO
[3.172s] writing dependency_links to ../../build/pond3/pond3.egg-info/dependency_links.txt
[3.174s] writing entry points to ../../build/pond3/pond3.egg-info/entry_points.txt
[3.182s] writing requirements to ../../build/pond3/pond3.egg-info/requires.txt
[3.183s] writing top-level names to ../../build/pond3/pond3.egg-info/top_level.txt
[3.187s] reading manifest file '../../build/pond3/pond3.egg-info/SOURCES.txt'
[3.191s] writing manifest file '../../build/pond3/pond3.egg-info/SOURCES.txt'
[3.191s] running build
[3.192s] running build_py
[3.195s] copying pond3/chatbot.py -> /home/igor/Code/Modulo8/build/pond3/build/lib/pond3
[3.195s] running install
[3.195s] running install_lib
[3.196s] copying /home/igor/Code/Modulo8/build/pond3/build/lib/pond3/chatbot.py -> /home/igor/Code/Modulo8/install/pond3/lib/python3.10/site-packages/pond3
[3.196s] byte-compiling /home/igor/Code/Modulo8/install/pond3/lib/python3.10/site-packages/pond3/chatbot.py to chatbot.cpython-310.pyc
[3.196s]   File "/home/igor/Code/Modulo8/install/pond3/lib/python3.10/site-packages/pond3/chatbot.py", line 3
[3.197s]     import .dictionary.intent
[3.197s]            ^
[3.197s] SyntaxError: invalid syntax
[3.197s] 
[3.197s] running install_data
[3.198s] running install_egg_info
[3.200s] removing '/home/igor/Code/Modulo8/install/pond3/lib/python3.10/site-packages/pond3-0.0.0-py3.10.egg-info' (and everything under it)
[3.201s] Copying ../../build/pond3/pond3.egg-info to /home/igor/Code/Modulo8/install/pond3/lib/python3.10/site-packages/pond3-0.0.0-py3.10.egg-info
[3.203s] running install_scripts
[3.236s] writing list of installed files to '/home/igor/Code/Modulo8/build/pond3/install.log'
[3.409s] Invoked command in '/home/igor/Code/Modulo8/src/pond3' returned '0': PYTHONPATH=/home/igor/Code/Modulo8/build/pond3/prefix_override:/home/igor/Code/Modulo8/install/pond3/lib/python3.10/site-packages:${PYTHONPATH} /usr/bin/python3 setup.py egg_info --egg-base ../../build/pond3 build --build-base /home/igor/Code/Modulo8/build/pond3/build install --record /home/igor/Code/Modulo8/build/pond3/install.log --single-version-externally-managed
