[1.951s] Invoking command in '/home/igor/Code/Modulo8/src/pond2': PYTHONPATH=/home/igor/Code/Modulo8/src/build/pond2/prefix_override:/home/igor/Code/Modulo8/src/install/pond2/lib/python3.10/site-packages:${PYTHONPATH} /usr/bin/python3 setup.py egg_info --egg-base ../build/pond2 build --build-base /home/igor/Code/Modulo8/src/build/pond2/build install --record /home/igor/Code/Modulo8/src/build/pond2/install.log --single-version-externally-managed
[2.320s] running egg_info
[2.321s] writing ../build/pond2/pond2.egg-info/PKG-INFO
[2.322s] writing dependency_links to ../build/pond2/pond2.egg-info/dependency_links.txt
[2.322s] writing entry points to ../build/pond2/pond2.egg-info/entry_points.txt
[2.323s] writing requirements to ../build/pond2/pond2.egg-info/requires.txt
[2.324s] writing top-level names to ../build/pond2/pond2.egg-info/top_level.txt
[2.330s] reading manifest file '../build/pond2/pond2.egg-info/SOURCES.txt'
[2.332s] writing manifest file '../build/pond2/pond2.egg-info/SOURCES.txt'
[2.332s] running build
[2.332s] running build_py
[2.335s] running install
[2.336s] running install_lib
[2.336s] running install_data
[2.337s] copying launch/tartalaunch.py -> /home/igor/Code/Modulo8/src/install/pond2/share/pond2/launch
[2.338s] running install_egg_info
[2.341s] removing '/home/igor/Code/Modulo8/src/install/pond2/lib/python3.10/site-packages/pond2-1.0.0-py3.10.egg-info' (and everything under it)
[2.342s] Copying ../build/pond2/pond2.egg-info to /home/igor/Code/Modulo8/src/install/pond2/lib/python3.10/site-packages/pond2-1.0.0-py3.10.egg-info
[2.345s] running install_scripts
[2.383s] Installing savemap script to /home/igor/Code/Modulo8/src/install/pond2/lib/pond2
[2.384s] Installing tartabot script to /home/igor/Code/Modulo8/src/install/pond2/lib/pond2
[2.384s] writing list of installed files to '/home/igor/Code/Modulo8/src/build/pond2/install.log'
[2.439s] Invoked command in '/home/igor/Code/Modulo8/src/pond2' returned '0': PYTHONPATH=/home/igor/Code/Modulo8/src/build/pond2/prefix_override:/home/igor/Code/Modulo8/src/install/pond2/lib/python3.10/site-packages:${PYTHONPATH} /usr/bin/python3 setup.py egg_info --egg-base ../build/pond2 build --build-base /home/igor/Code/Modulo8/src/build/pond2/build install --record /home/igor/Code/Modulo8/src/build/pond2/install.log --single-version-externally-managed
