[2.287s] Invoking command in '/home/igor/Code/Modulo8/src/pond2': PYTHONPATH=/home/igor/Code/Modulo8/build/pond2/prefix_override:/home/igor/Code/Modulo8/install/pond2/lib/python3.10/site-packages:${PYTHONPATH} /usr/bin/python3 setup.py egg_info --egg-base ../../build/pond2 build --build-base /home/igor/Code/Modulo8/build/pond2/build install --record /home/igor/Code/Modulo8/build/pond2/install.log --single-version-externally-managed
[2.744s] running egg_info
[2.745s] writing ../../build/pond2/pond2.egg-info/PKG-INFO
[2.745s] writing dependency_links to ../../build/pond2/pond2.egg-info/dependency_links.txt
[2.746s] writing entry points to ../../build/pond2/pond2.egg-info/entry_points.txt
[2.747s] writing requirements to ../../build/pond2/pond2.egg-info/requires.txt
[2.749s] writing top-level names to ../../build/pond2/pond2.egg-info/top_level.txt
[2.754s] reading manifest file '../../build/pond2/pond2.egg-info/SOURCES.txt'
[2.756s] writing manifest file '../../build/pond2/pond2.egg-info/SOURCES.txt'
[2.757s] running build
[2.758s] running build_py
[2.758s] running install
[2.759s] running install_lib
[2.761s] running install_data
[2.762s] copying launch/tarta_launch.py -> /home/igor/Code/Modulo8/install/pond2/share/pond2/launch
[2.763s] running install_egg_info
[2.767s] removing '/home/igor/Code/Modulo8/install/pond2/lib/python3.10/site-packages/pond2-1.0.0-py3.10.egg-info' (and everything under it)
[2.768s] Copying ../../build/pond2/pond2.egg-info to /home/igor/Code/Modulo8/install/pond2/lib/python3.10/site-packages/pond2-1.0.0-py3.10.egg-info
[2.770s] running install_scripts
[2.814s] Installing savemap script to /home/igor/Code/Modulo8/install/pond2/lib/pond2
[2.814s] Installing tartabot script to /home/igor/Code/Modulo8/install/pond2/lib/pond2
[2.817s] writing list of installed files to '/home/igor/Code/Modulo8/build/pond2/install.log'
[2.881s] Invoked command in '/home/igor/Code/Modulo8/src/pond2' returned '0': PYTHONPATH=/home/igor/Code/Modulo8/build/pond2/prefix_override:/home/igor/Code/Modulo8/install/pond2/lib/python3.10/site-packages:${PYTHONPATH} /usr/bin/python3 setup.py egg_info --egg-base ../../build/pond2 build --build-base /home/igor/Code/Modulo8/build/pond2/build install --record /home/igor/Code/Modulo8/build/pond2/install.log --single-version-externally-managed
