[1.735s] Invoking command in '/home/igor/Code/Modulo8/src/pond2': PYTHONPATH=/home/igor/Code/Modulo8/build/pond2/prefix_override:/home/igor/Code/Modulo8/install/pond2/lib/python3.10/site-packages:${PYTHONPATH} /usr/bin/python3 setup.py egg_info --egg-base ../../build/pond2 build --build-base /home/igor/Code/Modulo8/build/pond2/build install --record /home/igor/Code/Modulo8/build/pond2/install.log --single-version-externally-managed
[2.097s] running egg_info
[2.098s] writing ../../build/pond2/pond2.egg-info/PKG-INFO
[2.099s] writing dependency_links to ../../build/pond2/pond2.egg-info/dependency_links.txt
[2.101s] writing entry points to ../../build/pond2/pond2.egg-info/entry_points.txt
[2.102s] writing requirements to ../../build/pond2/pond2.egg-info/requires.txt
[2.103s] writing top-level names to ../../build/pond2/pond2.egg-info/top_level.txt
[2.108s] reading manifest file '../../build/pond2/pond2.egg-info/SOURCES.txt'
[2.110s] writing manifest file '../../build/pond2/pond2.egg-info/SOURCES.txt'
[2.110s] running build
[2.110s] running build_py
[2.111s] copying pond2/teleop.py -> /home/igor/Code/Modulo8/build/pond2/build/lib/pond2
[2.111s] running install
[2.112s] running install_lib
[2.113s] copying /home/igor/Code/Modulo8/build/pond2/build/lib/pond2/teleop.py -> /home/igor/Code/Modulo8/install/pond2/lib/python3.10/site-packages/pond2
[2.114s] byte-compiling /home/igor/Code/Modulo8/install/pond2/lib/python3.10/site-packages/pond2/teleop.py to teleop.cpython-310.pyc
[2.117s] running install_data
[2.118s] copying launch/mapping_launch.py -> /home/igor/Code/Modulo8/install/pond2/share/pond2/launch
[2.118s] running install_egg_info
[2.121s] removing '/home/igor/Code/Modulo8/install/pond2/lib/python3.10/site-packages/pond2-1.0.0-py3.10.egg-info' (and everything under it)
[2.121s] Copying ../../build/pond2/pond2.egg-info to /home/igor/Code/Modulo8/install/pond2/lib/python3.10/site-packages/pond2-1.0.0-py3.10.egg-info
[2.122s] running install_scripts
[2.150s] Installing tartabot script to /home/igor/Code/Modulo8/install/pond2/lib/pond2
[2.175s] Installing teleop script to /home/igor/Code/Modulo8/install/pond2/lib/pond2
[2.200s] writing list of installed files to '/home/igor/Code/Modulo8/build/pond2/install.log'
[2.245s] Invoked command in '/home/igor/Code/Modulo8/src/pond2' returned '0': PYTHONPATH=/home/igor/Code/Modulo8/build/pond2/prefix_override:/home/igor/Code/Modulo8/install/pond2/lib/python3.10/site-packages:${PYTHONPATH} /usr/bin/python3 setup.py egg_info --egg-base ../../build/pond2 build --build-base /home/igor/Code/Modulo8/build/pond2/build install --record /home/igor/Code/Modulo8/build/pond2/install.log --single-version-externally-managed
