[1.365s] DEBUG:colcon:Command line arguments: ['/usr/bin/colcon', 'build', '--packages-select', 'pond2']
[1.365s] DEBUG:colcon:Parsed command line arguments: Namespace(log_base=None, log_level=None, verb_name='build', build_base='build', install_base='install', merge_install=False, symlink_install=False, test_result_base=None, continue_on_error=False, executor='parallel', parallel_workers=4, event_handlers=None, ignore_user_meta=False, metas=['./colcon.meta'], base_paths=['.'], packages_ignore=None, packages_ignore_regex=None, paths=None, packages_up_to=None, packages_up_to_regex=None, packages_above=None, packages_above_and_dependencies=None, packages_above_depth=None, packages_select_by_dep=None, packages_skip_by_dep=None, packages_skip_up_to=None, packages_select_build_failed=False, packages_skip_build_finished=False, packages_select_test_failures=False, packages_skip_test_passed=False, packages_select=['pond2'], packages_skip=None, packages_select_regex=None, packages_skip_regex=None, packages_start=None, packages_end=None, allow_overriding=[], cmake_args=None, cmake_target=None, cmake_target_skip_unavailable=False, cmake_clean_cache=False, cmake_clean_first=False, cmake_force_configure=False, ament_cmake_args=None, catkin_cmake_args=None, catkin_skip_building_tests=False, verb_parser=<colcon_defaults.argument_parser.defaults.DefaultArgumentsDecorator object at 0x7fbdfeeee710>, verb_extension=<colcon_core.verb.build.BuildVerb object at 0x7fbdff137190>, main=<bound method BuildVerb.main of <colcon_core.verb.build.BuildVerb object at 0x7fbdff137190>>)
[1.427s] Level 1:colcon.colcon_core.package_discovery:discover_packages(colcon_meta) check parameters
[1.427s] Level 1:colcon.colcon_core.package_discovery:discover_packages(recursive) check parameters
[1.427s] Level 1:colcon.colcon_core.package_discovery:discover_packages(ignore) check parameters
[1.427s] Level 1:colcon.colcon_core.package_discovery:discover_packages(path) check parameters
[1.427s] Level 1:colcon.colcon_core.package_discovery:discover_packages(colcon_meta) discover
[1.427s] Level 1:colcon.colcon_core.package_discovery:discover_packages(recursive) discover
[1.428s] INFO:colcon.colcon_core.package_discovery:Crawling recursively for packages in '/home/igor/Code/Modulo8'
[1.428s] Level 1:colcon.colcon_core.package_identification:_identify(.) by extensions ['ignore', 'ignore_ament_install']
[1.428s] Level 1:colcon.colcon_core.package_identification:_identify(.) by extension 'ignore'
[1.428s] Level 1:colcon.colcon_core.package_identification:_identify(.) by extension 'ignore_ament_install'
[1.428s] Level 1:colcon.colcon_core.package_identification:_identify(.) by extensions ['colcon_pkg']
[1.428s] Level 1:colcon.colcon_core.package_identification:_identify(.) by extension 'colcon_pkg'
[1.428s] Level 1:colcon.colcon_core.package_identification:_identify(.) by extensions ['colcon_meta']
[1.428s] Level 1:colcon.colcon_core.package_identification:_identify(.) by extension 'colcon_meta'
[1.428s] Level 1:colcon.colcon_core.package_identification:_identify(.) by extensions ['ros']
[1.428s] Level 1:colcon.colcon_core.package_identification:_identify(.) by extension 'ros'
[1.443s] Level 1:colcon.colcon_core.package_identification:_identify(.) by extensions ['cmake', 'python']
[1.443s] Level 1:colcon.colcon_core.package_identification:_identify(.) by extension 'cmake'
[1.443s] Level 1:colcon.colcon_core.package_identification:_identify(.) by extension 'python'
[1.443s] Level 1:colcon.colcon_core.package_identification:_identify(.) by extensions ['python_setup_py']
[1.443s] Level 1:colcon.colcon_core.package_identification:_identify(.) by extension 'python_setup_py'
[1.443s] Level 1:colcon.colcon_core.package_identification:_identify(build) by extensions ['ignore', 'ignore_ament_install']
[1.443s] Level 1:colcon.colcon_core.package_identification:_identify(build) by extension 'ignore'
[1.444s] Level 1:colcon.colcon_core.package_identification:_identify(build) ignored
[1.444s] Level 1:colcon.colcon_core.package_identification:_identify(codes) by extensions ['ignore', 'ignore_ament_install']
[1.444s] Level 1:colcon.colcon_core.package_identification:_identify(codes) by extension 'ignore'
[1.444s] Level 1:colcon.colcon_core.package_identification:_identify(codes) by extension 'ignore_ament_install'
[1.444s] Level 1:colcon.colcon_core.package_identification:_identify(codes) by extensions ['colcon_pkg']
[1.444s] Level 1:colcon.colcon_core.package_identification:_identify(codes) by extension 'colcon_pkg'
[1.444s] Level 1:colcon.colcon_core.package_identification:_identify(codes) by extensions ['colcon_meta']
[1.444s] Level 1:colcon.colcon_core.package_identification:_identify(codes) by extension 'colcon_meta'
[1.444s] Level 1:colcon.colcon_core.package_identification:_identify(codes) by extensions ['ros']
[1.444s] Level 1:colcon.colcon_core.package_identification:_identify(codes) by extension 'ros'
[1.444s] Level 1:colcon.colcon_core.package_identification:_identify(codes) by extensions ['cmake', 'python']
[1.444s] Level 1:colcon.colcon_core.package_identification:_identify(codes) by extension 'cmake'
[1.445s] Level 1:colcon.colcon_core.package_identification:_identify(codes) by extension 'python'
[1.445s] Level 1:colcon.colcon_core.package_identification:_identify(codes) by extensions ['python_setup_py']
[1.445s] Level 1:colcon.colcon_core.package_identification:_identify(codes) by extension 'python_setup_py'
[1.445s] Level 1:colcon.colcon_core.package_identification:_identify(install) by extensions ['ignore', 'ignore_ament_install']
[1.445s] Level 1:colcon.colcon_core.package_identification:_identify(install) by extension 'ignore'
[1.445s] Level 1:colcon.colcon_core.package_identification:_identify(install) ignored
[1.445s] Level 1:colcon.colcon_core.package_identification:_identify(log) by extensions ['ignore', 'ignore_ament_install']
[1.445s] Level 1:colcon.colcon_core.package_identification:_identify(log) by extension 'ignore'
[1.445s] Level 1:colcon.colcon_core.package_identification:_identify(log) ignored
[1.446s] Level 1:colcon.colcon_core.package_identification:_identify(src) by extensions ['ignore', 'ignore_ament_install']
[1.446s] Level 1:colcon.colcon_core.package_identification:_identify(src) by extension 'ignore'
[1.446s] Level 1:colcon.colcon_core.package_identification:_identify(src) by extension 'ignore_ament_install'
[1.446s] Level 1:colcon.colcon_core.package_identification:_identify(src) by extensions ['colcon_pkg']
[1.446s] Level 1:colcon.colcon_core.package_identification:_identify(src) by extension 'colcon_pkg'
[1.446s] Level 1:colcon.colcon_core.package_identification:_identify(src) by extensions ['colcon_meta']
[1.446s] Level 1:colcon.colcon_core.package_identification:_identify(src) by extension 'colcon_meta'
[1.446s] Level 1:colcon.colcon_core.package_identification:_identify(src) by extensions ['ros']
[1.446s] Level 1:colcon.colcon_core.package_identification:_identify(src) by extension 'ros'
[1.446s] Level 1:colcon.colcon_core.package_identification:_identify(src) by extensions ['cmake', 'python']
[1.446s] Level 1:colcon.colcon_core.package_identification:_identify(src) by extension 'cmake'
[1.446s] Level 1:colcon.colcon_core.package_identification:_identify(src) by extension 'python'
[1.446s] Level 1:colcon.colcon_core.package_identification:_identify(src) by extensions ['python_setup_py']
[1.446s] Level 1:colcon.colcon_core.package_identification:_identify(src) by extension 'python_setup_py'
[1.447s] Level 1:colcon.colcon_core.package_identification:_identify(src/build) by extensions ['ignore', 'ignore_ament_install']
[1.447s] Level 1:colcon.colcon_core.package_identification:_identify(src/build) by extension 'ignore'
[1.447s] Level 1:colcon.colcon_core.package_identification:_identify(src/build) ignored
[1.447s] Level 1:colcon.colcon_core.package_identification:_identify(src/install) by extensions ['ignore', 'ignore_ament_install']
[1.447s] Level 1:colcon.colcon_core.package_identification:_identify(src/install) by extension 'ignore'
[1.447s] Level 1:colcon.colcon_core.package_identification:_identify(src/install) ignored
[1.447s] Level 1:colcon.colcon_core.package_identification:_identify(src/log) by extensions ['ignore', 'ignore_ament_install']
[1.448s] Level 1:colcon.colcon_core.package_identification:_identify(src/log) by extension 'ignore'
[1.448s] Level 1:colcon.colcon_core.package_identification:_identify(src/log) ignored
[1.448s] Level 1:colcon.colcon_core.package_identification:_identify(src/pond2) by extensions ['ignore', 'ignore_ament_install']
[1.448s] Level 1:colcon.colcon_core.package_identification:_identify(src/pond2) by extension 'ignore'
[1.448s] Level 1:colcon.colcon_core.package_identification:_identify(src/pond2) by extension 'ignore_ament_install'
[1.448s] Level 1:colcon.colcon_core.package_identification:_identify(src/pond2) by extensions ['colcon_pkg']
[1.448s] Level 1:colcon.colcon_core.package_identification:_identify(src/pond2) by extension 'colcon_pkg'
[1.448s] Level 1:colcon.colcon_core.package_identification:_identify(src/pond2) by extensions ['colcon_meta']
[1.448s] Level 1:colcon.colcon_core.package_identification:_identify(src/pond2) by extension 'colcon_meta'
[1.448s] Level 1:colcon.colcon_core.package_identification:_identify(src/pond2) by extensions ['ros']
[1.448s] Level 1:colcon.colcon_core.package_identification:_identify(src/pond2) by extension 'ros'
[1.451s] DEBUG:colcon.colcon_core.package_identification:Package 'src/pond2' with type 'ros.ament_python' and name 'pond2'
[1.452s] Level 1:colcon.colcon_core.package_identification:_identify(src/pond3) by extensions ['ignore', 'ignore_ament_install']
[1.452s] Level 1:colcon.colcon_core.package_identification:_identify(src/pond3) by extension 'ignore'
[1.452s] Level 1:colcon.colcon_core.package_identification:_identify(src/pond3) by extension 'ignore_ament_install'
[1.452s] Level 1:colcon.colcon_core.package_identification:_identify(src/pond3) by extensions ['colcon_pkg']
[1.452s] Level 1:colcon.colcon_core.package_identification:_identify(src/pond3) by extension 'colcon_pkg'
[1.452s] Level 1:colcon.colcon_core.package_identification:_identify(src/pond3) by extensions ['colcon_meta']
[1.452s] Level 1:colcon.colcon_core.package_identification:_identify(src/pond3) by extension 'colcon_meta'
[1.452s] Level 1:colcon.colcon_core.package_identification:_identify(src/pond3) by extensions ['ros']
[1.452s] Level 1:colcon.colcon_core.package_identification:_identify(src/pond3) by extension 'ros'
[1.453s] DEBUG:colcon.colcon_core.package_identification:Package 'src/pond3' with type 'ros.ament_python' and name 'pond3'
[1.453s] Level 1:colcon.colcon_core.package_discovery:discover_packages(recursive) using defaults
[1.453s] Level 1:colcon.colcon_core.package_discovery:discover_packages(ignore) discover
[1.453s] Level 1:colcon.colcon_core.package_discovery:discover_packages(ignore) using defaults
[1.453s] Level 1:colcon.colcon_core.package_discovery:discover_packages(path) discover
[1.453s] Level 1:colcon.colcon_core.package_discovery:discover_packages(path) using defaults
[1.536s] INFO:colcon.colcon_core.package_selection:Skipping not selected package 'pond3' in 'src/pond3'
[1.576s] Level 1:colcon.colcon_core.package_discovery:discover_packages(prefix_path) check parameters
[1.576s] Level 1:colcon.colcon_core.package_discovery:discover_packages(prefix_path) discover
[1.617s] DEBUG:colcon.colcon_installed_package_information.package_discovery:Found 3 installed packages in /home/igor/Code/Modulo8/install
[1.639s] DEBUG:colcon.colcon_installed_package_information.package_discovery:Found 399 installed packages in /opt/ros/humble
[1.652s] Level 1:colcon.colcon_core.package_discovery:discover_packages(prefix_path) using defaults
[1.798s] Level 5:colcon.colcon_core.verb:set package 'pond2' build argument 'cmake_args' from command line to 'None'
[1.798s] Level 5:colcon.colcon_core.verb:set package 'pond2' build argument 'cmake_target' from command line to 'None'
[1.798s] Level 5:colcon.colcon_core.verb:set package 'pond2' build argument 'cmake_target_skip_unavailable' from command line to 'False'
[1.798s] Level 5:colcon.colcon_core.verb:set package 'pond2' build argument 'cmake_clean_cache' from command line to 'False'
[1.798s] Level 5:colcon.colcon_core.verb:set package 'pond2' build argument 'cmake_clean_first' from command line to 'False'
[1.798s] Level 5:colcon.colcon_core.verb:set package 'pond2' build argument 'cmake_force_configure' from command line to 'False'
[1.798s] Level 5:colcon.colcon_core.verb:set package 'pond2' build argument 'ament_cmake_args' from command line to 'None'
[1.798s] Level 5:colcon.colcon_core.verb:set package 'pond2' build argument 'catkin_cmake_args' from command line to 'None'
[1.798s] Level 5:colcon.colcon_core.verb:set package 'pond2' build argument 'catkin_skip_building_tests' from command line to 'False'
[1.798s] DEBUG:colcon.colcon_core.verb:Building package 'pond2' with the following arguments: {'ament_cmake_args': None, 'build_base': '/home/igor/Code/Modulo8/build/pond2', 'catkin_cmake_args': None, 'catkin_skip_building_tests': False, 'cmake_args': None, 'cmake_clean_cache': False, 'cmake_clean_first': False, 'cmake_force_configure': False, 'cmake_target': None, 'cmake_target_skip_unavailable': False, 'install_base': '/home/igor/Code/Modulo8/install/pond2', 'merge_install': False, 'path': '/home/igor/Code/Modulo8/src/pond2', 'symlink_install': False, 'test_result_base': None}
[1.818s] INFO:colcon.colcon_core.executor:Executing jobs using 'parallel' executor
[1.838s] DEBUG:colcon.colcon_parallel_executor.executor.parallel:run_until_complete
[1.839s] INFO:colcon.colcon_ros.task.ament_python.build:Building ROS package in '/home/igor/Code/Modulo8/src/pond2' with build type 'ament_python'
[1.839s] Level 1:colcon.colcon_core.shell:create_environment_hook('pond2', 'ament_prefix_path')
[1.862s] INFO:colcon.colcon_core.plugin_system:Skipping extension 'colcon_core.shell.bat': Not used on non-Windows systems
[1.863s] INFO:colcon.colcon_core.shell:Creating environment hook '/home/igor/Code/Modulo8/install/pond2/share/pond2/hook/ament_prefix_path.ps1'
[1.864s] INFO:colcon.colcon_core.shell:Creating environment descriptor '/home/igor/Code/Modulo8/install/pond2/share/pond2/hook/ament_prefix_path.dsv'
[1.865s] INFO:colcon.colcon_core.shell:Creating environment hook '/home/igor/Code/Modulo8/install/pond2/share/pond2/hook/ament_prefix_path.sh'
[1.888s] INFO:colcon.colcon_core.shell:Skip shell extension 'powershell' for command environment: Not usable outside of PowerShell
[1.888s] DEBUG:colcon.colcon_core.shell:Skip shell extension 'dsv' for command environment
[2.348s] INFO:colcon.colcon_core.task.python.build:Building Python package in '/home/igor/Code/Modulo8/src/pond2'
[2.369s] INFO:colcon.colcon_core.shell:Skip shell extension 'powershell' for command environment: Not usable outside of PowerShell
[2.369s] DEBUG:colcon.colcon_core.shell:Skip shell extension 'dsv' for command environment
[2.934s] DEBUG:colcon.colcon_core.event_handler.log_command:Invoking command in '/home/igor/Code/Modulo8/src/pond2': PYTHONPATH=/home/igor/Code/Modulo8/build/pond2/prefix_override:/home/igor/Code/Modulo8/install/pond2/lib/python3.10/site-packages:${PYTHONPATH} /usr/bin/python3 setup.py egg_info --egg-base ../../build/pond2 build --build-base /home/igor/Code/Modulo8/build/pond2/build install --record /home/igor/Code/Modulo8/build/pond2/install.log --single-version-externally-managed
[3.359s] DEBUG:colcon.colcon_core.event_handler.log_command:Invoked command in '/home/igor/Code/Modulo8/src/pond2' returned '0': PYTHONPATH=/home/igor/Code/Modulo8/build/pond2/prefix_override:/home/igor/Code/Modulo8/install/pond2/lib/python3.10/site-packages:${PYTHONPATH} /usr/bin/python3 setup.py egg_info --egg-base ../../build/pond2 build --build-base /home/igor/Code/Modulo8/build/pond2/build install --record /home/igor/Code/Modulo8/build/pond2/install.log --single-version-externally-managed
[3.383s] Level 1:colcon.colcon_core.environment:checking '/home/igor/Code/Modulo8/install/pond2' for CMake module files
[3.384s] Level 1:colcon.colcon_core.environment:checking '/home/igor/Code/Modulo8/install/pond2' for CMake config files
[3.385s] Level 1:colcon.colcon_core.environment:checking '/home/igor/Code/Modulo8/install/pond2/lib'
[3.385s] Level 1:colcon.colcon_core.environment:checking '/home/igor/Code/Modulo8/install/pond2/bin'
[3.385s] Level 1:colcon.colcon_core.environment:checking '/home/igor/Code/Modulo8/install/pond2/lib/pkgconfig/pond2.pc'
[3.386s] Level 1:colcon.colcon_core.environment:checking '/home/igor/Code/Modulo8/install/pond2/lib/python3.10/site-packages'
[3.386s] Level 1:colcon.colcon_core.shell:create_environment_hook('pond2', 'pythonpath')
[3.406s] INFO:colcon.colcon_core.shell:Creating environment hook '/home/igor/Code/Modulo8/install/pond2/share/pond2/hook/pythonpath.ps1'
[3.407s] INFO:colcon.colcon_core.shell:Creating environment descriptor '/home/igor/Code/Modulo8/install/pond2/share/pond2/hook/pythonpath.dsv'
[3.408s] INFO:colcon.colcon_core.shell:Creating environment hook '/home/igor/Code/Modulo8/install/pond2/share/pond2/hook/pythonpath.sh'
[3.409s] Level 1:colcon.colcon_core.environment:checking '/home/igor/Code/Modulo8/install/pond2/bin'
[3.409s] Level 1:colcon.colcon_core.environment:create_environment_scripts_only(pond2)
[3.429s] INFO:colcon.colcon_core.shell:Creating package script '/home/igor/Code/Modulo8/install/pond2/share/pond2/package.ps1'
[3.431s] INFO:colcon.colcon_core.shell:Creating package descriptor '/home/igor/Code/Modulo8/install/pond2/share/pond2/package.dsv'
[3.432s] INFO:colcon.colcon_core.shell:Creating package script '/home/igor/Code/Modulo8/install/pond2/share/pond2/package.sh'
[3.433s] INFO:colcon.colcon_core.shell:Creating package script '/home/igor/Code/Modulo8/install/pond2/share/pond2/package.bash'
[3.434s] INFO:colcon.colcon_core.shell:Creating package script '/home/igor/Code/Modulo8/install/pond2/share/pond2/package.zsh'
[3.435s] Level 1:colcon.colcon_core.environment:create_file_with_runtime_dependencies(/home/igor/Code/Modulo8/install/pond2/share/colcon-core/packages/pond2)
[3.436s] DEBUG:colcon.colcon_parallel_executor.executor.parallel:closing loop
[3.437s] DEBUG:colcon.colcon_parallel_executor.executor.parallel:loop closed
[3.437s] DEBUG:colcon.colcon_parallel_executor.executor.parallel:run_until_complete finished with '0'
[3.437s] DEBUG:colcon.colcon_core.event_reactor:joining thread
[3.467s] INFO:colcon.colcon_core.plugin_system:Skipping extension 'colcon_notification.desktop_notification.terminal_notifier': Not used on non-Darwin systems
[3.467s] INFO:colcon.colcon_core.plugin_system:Skipping extension 'colcon_notification.desktop_notification.win32': Not used on non-Windows systems
[3.467s] INFO:colcon.colcon_notification.desktop_notification:Sending desktop notification using 'notify2'
[3.481s] DEBUG:colcon.colcon_core.event_reactor:joined thread
[3.504s] INFO:colcon.colcon_core.shell:Creating prefix script '/home/igor/Code/Modulo8/install/local_setup.ps1'
[3.505s] INFO:colcon.colcon_core.shell:Creating prefix util module '/home/igor/Code/Modulo8/install/_local_setup_util_ps1.py'
[3.508s] INFO:colcon.colcon_core.shell:Creating prefix chain script '/home/igor/Code/Modulo8/install/setup.ps1'
[3.537s] INFO:colcon.colcon_core.shell:Creating prefix script '/home/igor/Code/Modulo8/install/local_setup.sh'
[3.538s] INFO:colcon.colcon_core.shell:Creating prefix util module '/home/igor/Code/Modulo8/install/_local_setup_util_sh.py'
[3.539s] INFO:colcon.colcon_core.shell:Creating prefix chain script '/home/igor/Code/Modulo8/install/setup.sh'
[3.566s] INFO:colcon.colcon_core.shell:Creating prefix script '/home/igor/Code/Modulo8/install/local_setup.bash'
[3.568s] INFO:colcon.colcon_core.shell:Creating prefix chain script '/home/igor/Code/Modulo8/install/setup.bash'
[3.590s] INFO:colcon.colcon_core.shell:Creating prefix script '/home/igor/Code/Modulo8/install/local_setup.zsh'
[3.591s] INFO:colcon.colcon_core.shell:Creating prefix chain script '/home/igor/Code/Modulo8/install/setup.zsh'
