[1.286s] Invoking command in '/home/igor/Code/Modulo8/src/pond2': PYTHONPATH=/home/igor/Code/Modulo8/src/pond2/build/pond2/prefix_override:/home/igor/Code/Modulo8/src/pond2/install/pond2/lib/python3.10/site-packages:${PYTHONPATH} /usr/bin/python3 setup.py egg_info --egg-base build/pond2 build --build-base /home/igor/Code/Modulo8/src/pond2/build/pond2/build install --record /home/igor/Code/Modulo8/src/pond2/build/pond2/install.log --single-version-externally-managed
[1.711s] running egg_info
[1.712s] writing build/pond2/pond2.egg-info/PKG-INFO
[1.713s] writing dependency_links to build/pond2/pond2.egg-info/dependency_links.txt
[1.716s] writing entry points to build/pond2/pond2.egg-info/entry_points.txt
[1.717s] writing requirements to build/pond2/pond2.egg-info/requires.txt
[1.718s] writing top-level names to build/pond2/pond2.egg-info/top_level.txt
[1.722s] reading manifest file 'build/pond2/pond2.egg-info/SOURCES.txt'
[1.724s] writing manifest file 'build/pond2/pond2.egg-info/SOURCES.txt'
[1.724s] running build
[1.724s] running build_py
[1.724s] running install
[1.725s] running install_lib
[1.727s] running install_data
[1.728s] copying launch/tarta2_launch.py -> /home/igor/Code/Modulo8/src/pond2/install/pond2/share/pond2/launch
[1.728s] running install_egg_info
[1.732s] removing '/home/igor/Code/Modulo8/src/pond2/install/pond2/lib/python3.10/site-packages/pond2-1.0.0-py3.10.egg-info' (and everything under it)
[1.733s] Copying build/pond2/pond2.egg-info to /home/igor/Code/Modulo8/src/pond2/install/pond2/lib/python3.10/site-packages/pond2-1.0.0-py3.10.egg-info
[1.734s] running install_scripts
[1.768s] Installing savemap script to /home/igor/Code/Modulo8/src/pond2/install/pond2/lib/pond2
[1.769s] Installing tartabot script to /home/igor/Code/Modulo8/src/pond2/install/pond2/lib/pond2
[1.771s] writing list of installed files to '/home/igor/Code/Modulo8/src/pond2/build/pond2/install.log'
[1.808s] Invoked command in '/home/igor/Code/Modulo8/src/pond2' returned '0': PYTHONPATH=/home/igor/Code/Modulo8/src/pond2/build/pond2/prefix_override:/home/igor/Code/Modulo8/src/pond2/install/pond2/lib/python3.10/site-packages:${PYTHONPATH} /usr/bin/python3 setup.py egg_info --egg-base build/pond2 build --build-base /home/igor/Code/Modulo8/src/pond2/build/pond2/build install --record /home/igor/Code/Modulo8/src/pond2/build/pond2/install.log --single-version-externally-managed
