[2.015s] Invoking command in '/home/igor/Code/Modulo8/src/pond3': PYTHONPATH=/home/igor/Code/Modulo8/build/pond3/prefix_override:/home/igor/Code/Modulo8/install/pond3/lib/python3.10/site-packages:${PYTHONPATH} /usr/bin/python3 setup.py egg_info --egg-base ../../build/pond3 build --build-base /home/igor/Code/Modulo8/build/pond3/build install --record /home/igor/Code/Modulo8/build/pond3/install.log --single-version-externally-managed
[2.507s] running egg_info
[2.508s] writing ../../build/pond3/pond3.egg-info/PKG-INFO
[2.509s] writing dependency_links to ../../build/pond3/pond3.egg-info/dependency_links.txt
[2.511s] writing entry points to ../../build/pond3/pond3.egg-info/entry_points.txt
[2.513s] writing requirements to ../../build/pond3/pond3.egg-info/requires.txt
[2.513s] writing top-level names to ../../build/pond3/pond3.egg-info/top_level.txt
[2.519s] reading manifest file '../../build/pond3/pond3.egg-info/SOURCES.txt'
[2.521s] writing manifest file '../../build/pond3/pond3.egg-info/SOURCES.txt'
[2.522s] running build
[2.522s] running build_py
[2.522s] copying pond3/chatbot.py -> /home/igor/Code/Modulo8/build/pond3/build/lib/pond3
[2.522s] running install
[2.523s] running install_lib
[2.524s] copying /home/igor/Code/Modulo8/build/pond3/build/lib/pond3/chatbot.py -> /home/igor/Code/Modulo8/install/pond3/lib/python3.10/site-packages/pond3
[2.526s] byte-compiling /home/igor/Code/Modulo8/install/pond3/lib/python3.10/site-packages/pond3/chatbot.py to chatbot.cpython-310.pyc
[2.526s] running install_data
[2.527s] running install_egg_info
[2.533s] removing '/home/igor/Code/Modulo8/install/pond3/lib/python3.10/site-packages/pond3-0.0.0-py3.10.egg-info' (and everything under it)
[2.533s] Copying ../../build/pond3/pond3.egg-info to /home/igor/Code/Modulo8/install/pond3/lib/python3.10/site-packages/pond3-0.0.0-py3.10.egg-info
[2.533s] running install_scripts
[2.577s] writing list of installed files to '/home/igor/Code/Modulo8/build/pond3/install.log'
[2.642s] Invoked command in '/home/igor/Code/Modulo8/src/pond3' returned '0': PYTHONPATH=/home/igor/Code/Modulo8/build/pond3/prefix_override:/home/igor/Code/Modulo8/install/pond3/lib/python3.10/site-packages:${PYTHONPATH} /usr/bin/python3 setup.py egg_info --egg-base ../../build/pond3 build --build-base /home/igor/Code/Modulo8/build/pond3/build install --record /home/igor/Code/Modulo8/build/pond3/install.log --single-version-externally-managed
