[1.992s] Invoking command in '/home/igor/Code/Modulo8/src/pond3': PYTHONPATH=/home/igor/Code/Modulo8/build/pond3/prefix_override:/home/igor/Code/Modulo8/install/pond3/lib/python3.10/site-packages:${PYTHONPATH} /usr/bin/python3 setup.py egg_info --egg-base ../../build/pond3 build --build-base /home/igor/Code/Modulo8/build/pond3/build install --record /home/igor/Code/Modulo8/build/pond3/install.log --single-version-externally-managed
[2.448s] running egg_info
[2.449s] writing ../../build/pond3/pond3.egg-info/PKG-INFO
[2.450s] writing dependency_links to ../../build/pond3/pond3.egg-info/dependency_links.txt
[2.451s] writing entry points to ../../build/pond3/pond3.egg-info/entry_points.txt
[2.452s] writing requirements to ../../build/pond3/pond3.egg-info/requires.txt
[2.453s] writing top-level names to ../../build/pond3/pond3.egg-info/top_level.txt
[2.457s] reading manifest file '../../build/pond3/pond3.egg-info/SOURCES.txt'
[2.459s] writing manifest file '../../build/pond3/pond3.egg-info/SOURCES.txt'
[2.461s] running build
[2.461s] running build_py
[2.461s] running install
[2.462s] running install_lib
[2.464s] running install_data
[2.465s] running install_egg_info
[2.469s] removing '/home/igor/Code/Modulo8/install/pond3/lib/python3.10/site-packages/pond3-0.0.0-py3.10.egg-info' (and everything under it)
[2.470s] Copying ../../build/pond3/pond3.egg-info to /home/igor/Code/Modulo8/install/pond3/lib/python3.10/site-packages/pond3-0.0.0-py3.10.egg-info
[2.471s] running install_scripts
[2.518s] writing list of installed files to '/home/igor/Code/Modulo8/build/pond3/install.log'
[2.581s] Invoked command in '/home/igor/Code/Modulo8/src/pond3' returned '0': PYTHONPATH=/home/igor/Code/Modulo8/build/pond3/prefix_override:/home/igor/Code/Modulo8/install/pond3/lib/python3.10/site-packages:${PYTHONPATH} /usr/bin/python3 setup.py egg_info --egg-base ../../build/pond3 build --build-base /home/igor/Code/Modulo8/build/pond3/build install --record /home/igor/Code/Modulo8/build/pond3/install.log --single-version-externally-managed
