[1.749s] DEBUG:colcon:Command line arguments: ['/usr/bin/colcon', 'build']
[1.749s] DEBUG:colcon:Parsed command line arguments: Namespace(log_base=None, log_level=None, verb_name='build', build_base='build', install_base='install', merge_install=False, symlink_install=False, test_result_base=None, continue_on_error=False, executor='parallel', parallel_workers=4, event_handlers=None, ignore_user_meta=False, metas=['./colcon.meta'], base_paths=['.'], packages_ignore=None, packages_ignore_regex=None, paths=None, packages_up_to=None, packages_up_to_regex=None, packages_above=None, packages_above_and_dependencies=None, packages_above_depth=None, packages_select_by_dep=None, packages_skip_by_dep=None, packages_skip_up_to=None, packages_select_build_failed=False, packages_skip_build_finished=False, packages_select_test_failures=False, packages_skip_test_passed=False, packages_select=None, packages_skip=None, packages_select_regex=None, packages_skip_regex=None, packages_start=None, packages_end=None, allow_overriding=[], cmake_args=None, cmake_target=None, cmake_target_skip_unavailable=False, cmake_clean_cache=False, cmake_clean_first=False, cmake_force_configure=False, ament_cmake_args=None, catkin_cmake_args=None, catkin_skip_building_tests=False, verb_parser=<colcon_defaults.argument_parser.defaults.DefaultArgumentsDecorator object at 0x7f5b49abc940>, verb_extension=<colcon_core.verb.build.BuildVerb object at 0x7f5b49cf8790>, main=<bound method BuildVerb.main of <colcon_core.verb.build.BuildVerb object at 0x7f5b49cf8790>>)
[1.832s] Level 1:colcon.colcon_core.package_discovery:discover_packages(colcon_meta) check parameters
[1.832s] Level 1:colcon.colcon_core.package_discovery:discover_packages(recursive) check parameters
[1.832s] Level 1:colcon.colcon_core.package_discovery:discover_packages(ignore) check parameters
[1.832s] Level 1:colcon.colcon_core.package_discovery:discover_packages(path) check parameters
[1.833s] Level 1:colcon.colcon_core.package_discovery:discover_packages(colcon_meta) discover
[1.833s] Level 1:colcon.colcon_core.package_discovery:discover_packages(recursive) discover
[1.833s] INFO:colcon.colcon_core.package_discovery:Crawling recursively for packages in '/home/igor/Code/Modulo8'
[1.833s] Level 1:colcon.colcon_core.package_identification:_identify(.) by extensions ['ignore', 'ignore_ament_install']
[1.833s] Level 1:colcon.colcon_core.package_identification:_identify(.) by extension 'ignore'
[1.833s] Level 1:colcon.colcon_core.package_identification:_identify(.) by extension 'ignore_ament_install'
[1.833s] Level 1:colcon.colcon_core.package_identification:_identify(.) by extensions ['colcon_pkg']
[1.833s] Level 1:colcon.colcon_core.package_identification:_identify(.) by extension 'colcon_pkg'
[1.834s] Level 1:colcon.colcon_core.package_identification:_identify(.) by extensions ['colcon_meta']
[1.834s] Level 1:colcon.colcon_core.package_identification:_identify(.) by extension 'colcon_meta'
[1.834s] Level 1:colcon.colcon_core.package_identification:_identify(.) by extensions ['ros']
[1.834s] Level 1:colcon.colcon_core.package_identification:_identify(.) by extension 'ros'
[1.851s] Level 1:colcon.colcon_core.package_identification:_identify(.) by extensions ['cmake', 'python']
[1.851s] Level 1:colcon.colcon_core.package_identification:_identify(.) by extension 'cmake'
[1.851s] Level 1:colcon.colcon_core.package_identification:_identify(.) by extension 'python'
[1.851s] Level 1:colcon.colcon_core.package_identification:_identify(.) by extensions ['python_setup_py']
[1.851s] Level 1:colcon.colcon_core.package_identification:_identify(.) by extension 'python_setup_py'
[1.851s] Level 1:colcon.colcon_core.package_identification:_identify(build) by extensions ['ignore', 'ignore_ament_install']
[1.851s] Level 1:colcon.colcon_core.package_identification:_identify(build) by extension 'ignore'
[1.852s] Level 1:colcon.colcon_core.package_identification:_identify(build) ignored
[1.852s] Level 1:colcon.colcon_core.package_identification:_identify(codes) by extensions ['ignore', 'ignore_ament_install']
[1.852s] Level 1:colcon.colcon_core.package_identification:_identify(codes) by extension 'ignore'
[1.852s] Level 1:colcon.colcon_core.package_identification:_identify(codes) by extension 'ignore_ament_install'
[1.852s] Level 1:colcon.colcon_core.package_identification:_identify(codes) by extensions ['colcon_pkg']
[1.852s] Level 1:colcon.colcon_core.package_identification:_identify(codes) by extension 'colcon_pkg'
[1.852s] Level 1:colcon.colcon_core.package_identification:_identify(codes) by extensions ['colcon_meta']
[1.852s] Level 1:colcon.colcon_core.package_identification:_identify(codes) by extension 'colcon_meta'
[1.853s] Level 1:colcon.colcon_core.package_identification:_identify(codes) by extensions ['ros']
[1.853s] Level 1:colcon.colcon_core.package_identification:_identify(codes) by extension 'ros'
[1.853s] Level 1:colcon.colcon_core.package_identification:_identify(codes) by extensions ['cmake', 'python']
[1.853s] Level 1:colcon.colcon_core.package_identification:_identify(codes) by extension 'cmake'
[1.853s] Level 1:colcon.colcon_core.package_identification:_identify(codes) by extension 'python'
[1.853s] Level 1:colcon.colcon_core.package_identification:_identify(codes) by extensions ['python_setup_py']
[1.853s] Level 1:colcon.colcon_core.package_identification:_identify(codes) by extension 'python_setup_py'
[1.853s] Level 1:colcon.colcon_core.package_identification:_identify(install) by extensions ['ignore', 'ignore_ament_install']
[1.854s] Level 1:colcon.colcon_core.package_identification:_identify(install) by extension 'ignore'
[1.854s] Level 1:colcon.colcon_core.package_identification:_identify(install) ignored
[1.854s] Level 1:colcon.colcon_core.package_identification:_identify(log) by extensions ['ignore', 'ignore_ament_install']
[1.854s] Level 1:colcon.colcon_core.package_identification:_identify(log) by extension 'ignore'
[1.854s] Level 1:colcon.colcon_core.package_identification:_identify(log) ignored
[1.854s] Level 1:colcon.colcon_core.package_identification:_identify(src) by extensions ['ignore', 'ignore_ament_install']
[1.855s] Level 1:colcon.colcon_core.package_identification:_identify(src) by extension 'ignore'
[1.855s] Level 1:colcon.colcon_core.package_identification:_identify(src) by extension 'ignore_ament_install'
[1.855s] Level 1:colcon.colcon_core.package_identification:_identify(src) by extensions ['colcon_pkg']
[1.855s] Level 1:colcon.colcon_core.package_identification:_identify(src) by extension 'colcon_pkg'
[1.855s] Level 1:colcon.colcon_core.package_identification:_identify(src) by extensions ['colcon_meta']
[1.855s] Level 1:colcon.colcon_core.package_identification:_identify(src) by extension 'colcon_meta'
[1.855s] Level 1:colcon.colcon_core.package_identification:_identify(src) by extensions ['ros']
[1.855s] Level 1:colcon.colcon_core.package_identification:_identify(src) by extension 'ros'
[1.855s] Level 1:colcon.colcon_core.package_identification:_identify(src) by extensions ['cmake', 'python']
[1.855s] Level 1:colcon.colcon_core.package_identification:_identify(src) by extension 'cmake'
[1.856s] Level 1:colcon.colcon_core.package_identification:_identify(src) by extension 'python'
[1.856s] Level 1:colcon.colcon_core.package_identification:_identify(src) by extensions ['python_setup_py']
[1.856s] Level 1:colcon.colcon_core.package_identification:_identify(src) by extension 'python_setup_py'
[1.856s] Level 1:colcon.colcon_core.package_identification:_identify(src/build) by extensions ['ignore', 'ignore_ament_install']
[1.856s] Level 1:colcon.colcon_core.package_identification:_identify(src/build) by extension 'ignore'
[1.856s] Level 1:colcon.colcon_core.package_identification:_identify(src/build) ignored
[1.856s] Level 1:colcon.colcon_core.package_identification:_identify(src/install) by extensions ['ignore', 'ignore_ament_install']
[1.857s] Level 1:colcon.colcon_core.package_identification:_identify(src/install) by extension 'ignore'
[1.857s] Level 1:colcon.colcon_core.package_identification:_identify(src/install) ignored
[1.857s] Level 1:colcon.colcon_core.package_identification:_identify(src/log) by extensions ['ignore', 'ignore_ament_install']
[1.857s] Level 1:colcon.colcon_core.package_identification:_identify(src/log) by extension 'ignore'
[1.857s] Level 1:colcon.colcon_core.package_identification:_identify(src/log) ignored
[1.857s] Level 1:colcon.colcon_core.package_identification:_identify(src/pond2) by extensions ['ignore', 'ignore_ament_install']
[1.858s] Level 1:colcon.colcon_core.package_identification:_identify(src/pond2) by extension 'ignore'
[1.858s] Level 1:colcon.colcon_core.package_identification:_identify(src/pond2) by extension 'ignore_ament_install'
[1.858s] Level 1:colcon.colcon_core.package_identification:_identify(src/pond2) by extensions ['colcon_pkg']
[1.858s] Level 1:colcon.colcon_core.package_identification:_identify(src/pond2) by extension 'colcon_pkg'
[1.858s] Level 1:colcon.colcon_core.package_identification:_identify(src/pond2) by extensions ['colcon_meta']
[1.858s] Level 1:colcon.colcon_core.package_identification:_identify(src/pond2) by extension 'colcon_meta'
[1.858s] Level 1:colcon.colcon_core.package_identification:_identify(src/pond2) by extensions ['ros']
[1.858s] Level 1:colcon.colcon_core.package_identification:_identify(src/pond2) by extension 'ros'
[1.862s] DEBUG:colcon.colcon_core.package_identification:Package 'src/pond2' with type 'ros.ament_python' and name 'pond2'
[1.862s] Level 1:colcon.colcon_core.package_identification:_identify(src/pond3) by extensions ['ignore', 'ignore_ament_install']
[1.862s] Level 1:colcon.colcon_core.package_identification:_identify(src/pond3) by extension 'ignore'
[1.862s] Level 1:colcon.colcon_core.package_identification:_identify(src/pond3) by extension 'ignore_ament_install'
[1.863s] Level 1:colcon.colcon_core.package_identification:_identify(src/pond3) by extensions ['colcon_pkg']
[1.863s] Level 1:colcon.colcon_core.package_identification:_identify(src/pond3) by extension 'colcon_pkg'
[1.863s] Level 1:colcon.colcon_core.package_identification:_identify(src/pond3) by extensions ['colcon_meta']
[1.863s] Level 1:colcon.colcon_core.package_identification:_identify(src/pond3) by extension 'colcon_meta'
[1.863s] Level 1:colcon.colcon_core.package_identification:_identify(src/pond3) by extensions ['ros']
[1.863s] Level 1:colcon.colcon_core.package_identification:_identify(src/pond3) by extension 'ros'
[1.864s] DEBUG:colcon.colcon_core.package_identification:Package 'src/pond3' with type 'ros.ament_python' and name 'pond3'
[1.864s] Level 1:colcon.colcon_core.package_discovery:discover_packages(recursive) using defaults
[1.864s] Level 1:colcon.colcon_core.package_discovery:discover_packages(ignore) discover
[1.864s] Level 1:colcon.colcon_core.package_discovery:discover_packages(ignore) using defaults
[1.864s] Level 1:colcon.colcon_core.package_discovery:discover_packages(path) discover
[1.865s] Level 1:colcon.colcon_core.package_discovery:discover_packages(path) using defaults
[2.021s] Level 1:colcon.colcon_core.package_discovery:discover_packages(prefix_path) check parameters
[2.021s] Level 1:colcon.colcon_core.package_discovery:discover_packages(prefix_path) discover
[2.069s] DEBUG:colcon.colcon_installed_package_information.package_discovery:Found 3 installed packages in /home/igor/Code/Modulo8/install
[2.094s] DEBUG:colcon.colcon_installed_package_information.package_discovery:Found 399 installed packages in /opt/ros/humble
[2.097s] Level 1:colcon.colcon_core.package_discovery:discover_packages(prefix_path) using defaults
[2.308s] Level 5:colcon.colcon_core.verb:set package 'pond2' build argument 'cmake_args' from command line to 'None'
[2.308s] Level 5:colcon.colcon_core.verb:set package 'pond2' build argument 'cmake_target' from command line to 'None'
[2.308s] Level 5:colcon.colcon_core.verb:set package 'pond2' build argument 'cmake_target_skip_unavailable' from command line to 'False'
[2.308s] Level 5:colcon.colcon_core.verb:set package 'pond2' build argument 'cmake_clean_cache' from command line to 'False'
[2.308s] Level 5:colcon.colcon_core.verb:set package 'pond2' build argument 'cmake_clean_first' from command line to 'False'
[2.308s] Level 5:colcon.colcon_core.verb:set package 'pond2' build argument 'cmake_force_configure' from command line to 'False'
[2.308s] Level 5:colcon.colcon_core.verb:set package 'pond2' build argument 'ament_cmake_args' from command line to 'None'
[2.308s] Level 5:colcon.colcon_core.verb:set package 'pond2' build argument 'catkin_cmake_args' from command line to 'None'
[2.308s] Level 5:colcon.colcon_core.verb:set package 'pond2' build argument 'catkin_skip_building_tests' from command line to 'False'
[2.309s] DEBUG:colcon.colcon_core.verb:Building package 'pond2' with the following arguments: {'ament_cmake_args': None, 'build_base': '/home/igor/Code/Modulo8/build/pond2', 'catkin_cmake_args': None, 'catkin_skip_building_tests': False, 'cmake_args': None, 'cmake_clean_cache': False, 'cmake_clean_first': False, 'cmake_force_configure': False, 'cmake_target': None, 'cmake_target_skip_unavailable': False, 'install_base': '/home/igor/Code/Modulo8/install/pond2', 'merge_install': False, 'path': '/home/igor/Code/Modulo8/src/pond2', 'symlink_install': False, 'test_result_base': None}
[2.337s] Level 5:colcon.colcon_core.verb:set package 'pond3' build argument 'cmake_args' from command line to 'None'
[2.337s] Level 5:colcon.colcon_core.verb:set package 'pond3' build argument 'cmake_target' from command line to 'None'
[2.337s] Level 5:colcon.colcon_core.verb:set package 'pond3' build argument 'cmake_target_skip_unavailable' from command line to 'False'
[2.337s] Level 5:colcon.colcon_core.verb:set package 'pond3' build argument 'cmake_clean_cache' from command line to 'False'
[2.337s] Level 5:colcon.colcon_core.verb:set package 'pond3' build argument 'cmake_clean_first' from command line to 'False'
[2.337s] Level 5:colcon.colcon_core.verb:set package 'pond3' build argument 'cmake_force_configure' from command line to 'False'
[2.337s] Level 5:colcon.colcon_core.verb:set package 'pond3' build argument 'ament_cmake_args' from command line to 'None'
[2.337s] Level 5:colcon.colcon_core.verb:set package 'pond3' build argument 'catkin_cmake_args' from command line to 'None'
[2.337s] Level 5:colcon.colcon_core.verb:set package 'pond3' build argument 'catkin_skip_building_tests' from command line to 'False'
[2.337s] DEBUG:colcon.colcon_core.verb:Building package 'pond3' with the following arguments: {'ament_cmake_args': None, 'build_base': '/home/igor/Code/Modulo8/build/pond3', 'catkin_cmake_args': None, 'catkin_skip_building_tests': False, 'cmake_args': None, 'cmake_clean_cache': False, 'cmake_clean_first': False, 'cmake_force_configure': False, 'cmake_target': None, 'cmake_target_skip_unavailable': False, 'install_base': '/home/igor/Code/Modulo8/install/pond3', 'merge_install': False, 'path': '/home/igor/Code/Modulo8/src/pond3', 'symlink_install': False, 'test_result_base': None}
[2.380s] INFO:colcon.colcon_core.executor:Executing jobs using 'parallel' executor
[2.413s] DEBUG:colcon.colcon_parallel_executor.executor.parallel:run_until_complete
[2.413s] INFO:colcon.colcon_ros.task.ament_python.build:Building ROS package in '/home/igor/Code/Modulo8/src/pond2' with build type 'ament_python'
[2.413s] Level 1:colcon.colcon_core.shell:create_environment_hook('pond2', 'ament_prefix_path')
[2.445s] INFO:colcon.colcon_core.plugin_system:Skipping extension 'colcon_core.shell.bat': Not used on non-Windows systems
[2.445s] INFO:colcon.colcon_core.shell:Creating environment hook '/home/igor/Code/Modulo8/install/pond2/share/pond2/hook/ament_prefix_path.ps1'
[2.446s] INFO:colcon.colcon_core.shell:Creating environment descriptor '/home/igor/Code/Modulo8/install/pond2/share/pond2/hook/ament_prefix_path.dsv'
[2.449s] INFO:colcon.colcon_core.shell:Creating environment hook '/home/igor/Code/Modulo8/install/pond2/share/pond2/hook/ament_prefix_path.sh'
[2.477s] INFO:colcon.colcon_core.shell:Skip shell extension 'powershell' for command environment: Not usable outside of PowerShell
[2.478s] DEBUG:colcon.colcon_core.shell:Skip shell extension 'dsv' for command environment
[2.566s] INFO:colcon.colcon_ros.task.ament_python.build:Building ROS package in '/home/igor/Code/Modulo8/src/pond3' with build type 'ament_python'
[2.567s] Level 1:colcon.colcon_core.shell:create_environment_hook('pond3', 'ament_prefix_path')
[2.594s] INFO:colcon.colcon_core.shell:Creating environment hook '/home/igor/Code/Modulo8/install/pond3/share/pond3/hook/ament_prefix_path.ps1'
[2.595s] INFO:colcon.colcon_core.shell:Creating environment descriptor '/home/igor/Code/Modulo8/install/pond3/share/pond3/hook/ament_prefix_path.dsv'
[2.596s] INFO:colcon.colcon_core.shell:Creating environment hook '/home/igor/Code/Modulo8/install/pond3/share/pond3/hook/ament_prefix_path.sh'
[2.623s] INFO:colcon.colcon_core.shell:Skip shell extension 'powershell' for command environment: Not usable outside of PowerShell
[2.624s] DEBUG:colcon.colcon_core.shell:Skip shell extension 'dsv' for command environment
[3.170s] INFO:colcon.colcon_core.task.python.build:Building Python package in '/home/igor/Code/Modulo8/src/pond2'
[3.194s] INFO:colcon.colcon_core.shell:Skip shell extension 'powershell' for command environment: Not usable outside of PowerShell
[3.194s] DEBUG:colcon.colcon_core.shell:Skip shell extension 'dsv' for command environment
[3.767s] INFO:colcon.colcon_core.task.python.build:Building Python package in '/home/igor/Code/Modulo8/src/pond3'
[3.794s] INFO:colcon.colcon_core.shell:Skip shell extension 'powershell' for command environment: Not usable outside of PowerShell
[3.794s] DEBUG:colcon.colcon_core.shell:Skip shell extension 'dsv' for command environment
[4.559s] DEBUG:colcon.colcon_core.event_handler.log_command:Invoking command in '/home/igor/Code/Modulo8/src/pond3': PYTHONPATH=/home/igor/Code/Modulo8/build/pond3/prefix_override:/home/igor/Code/Modulo8/install/pond3/lib/python3.10/site-packages:${PYTHONPATH} /usr/bin/python3 setup.py egg_info --egg-base ../../build/pond3 build --build-base /home/igor/Code/Modulo8/build/pond3/build install --record /home/igor/Code/Modulo8/build/pond3/install.log --single-version-externally-managed
[4.565s] DEBUG:colcon.colcon_core.event_handler.log_command:Invoking command in '/home/igor/Code/Modulo8/src/pond2': PYTHONPATH=/home/igor/Code/Modulo8/build/pond2/prefix_override:/home/igor/Code/Modulo8/install/pond2/lib/python3.10/site-packages:${PYTHONPATH} /usr/bin/python3 setup.py egg_info --egg-base ../../build/pond2 build --build-base /home/igor/Code/Modulo8/build/pond2/build install --record /home/igor/Code/Modulo8/build/pond2/install.log --single-version-externally-managed
[5.148s] DEBUG:colcon.colcon_core.event_handler.log_command:Invoked command in '/home/igor/Code/Modulo8/src/pond3' returned '0': PYTHONPATH=/home/igor/Code/Modulo8/build/pond3/prefix_override:/home/igor/Code/Modulo8/install/pond3/lib/python3.10/site-packages:${PYTHONPATH} /usr/bin/python3 setup.py egg_info --egg-base ../../build/pond3 build --build-base /home/igor/Code/Modulo8/build/pond3/build install --record /home/igor/Code/Modulo8/build/pond3/install.log --single-version-externally-managed
[5.180s] Level 1:colcon.colcon_core.environment:checking '/home/igor/Code/Modulo8/install/pond3' for CMake module files
[5.180s] Level 1:colcon.colcon_core.environment:checking '/home/igor/Code/Modulo8/install/pond3' for CMake config files
[5.181s] Level 1:colcon.colcon_core.environment:checking '/home/igor/Code/Modulo8/install/pond3/lib'
[5.182s] Level 1:colcon.colcon_core.environment:checking '/home/igor/Code/Modulo8/install/pond3/bin'
[5.182s] Level 1:colcon.colcon_core.environment:checking '/home/igor/Code/Modulo8/install/pond3/lib/pkgconfig/pond3.pc'
[5.182s] Level 1:colcon.colcon_core.environment:checking '/home/igor/Code/Modulo8/install/pond3/lib/python3.10/site-packages'
[5.182s] Level 1:colcon.colcon_core.shell:create_environment_hook('pond3', 'pythonpath')
[5.205s] INFO:colcon.colcon_core.shell:Creating environment hook '/home/igor/Code/Modulo8/install/pond3/share/pond3/hook/pythonpath.ps1'
[5.206s] INFO:colcon.colcon_core.shell:Creating environment descriptor '/home/igor/Code/Modulo8/install/pond3/share/pond3/hook/pythonpath.dsv'
[5.207s] INFO:colcon.colcon_core.shell:Creating environment hook '/home/igor/Code/Modulo8/install/pond3/share/pond3/hook/pythonpath.sh'
[5.208s] Level 1:colcon.colcon_core.environment:checking '/home/igor/Code/Modulo8/install/pond3/bin'
[5.208s] Level 1:colcon.colcon_core.environment:create_environment_scripts_only(pond3)
[5.236s] INFO:colcon.colcon_core.shell:Creating package script '/home/igor/Code/Modulo8/install/pond3/share/pond3/package.ps1'
[5.238s] INFO:colcon.colcon_core.shell:Creating package descriptor '/home/igor/Code/Modulo8/install/pond3/share/pond3/package.dsv'
[5.239s] INFO:colcon.colcon_core.shell:Creating package script '/home/igor/Code/Modulo8/install/pond3/share/pond3/package.sh'
[5.241s] INFO:colcon.colcon_core.shell:Creating package script '/home/igor/Code/Modulo8/install/pond3/share/pond3/package.bash'
[5.242s] INFO:colcon.colcon_core.shell:Creating package script '/home/igor/Code/Modulo8/install/pond3/share/pond3/package.zsh'
[5.243s] Level 1:colcon.colcon_core.environment:create_file_with_runtime_dependencies(/home/igor/Code/Modulo8/install/pond3/share/colcon-core/packages/pond3)
[5.246s] DEBUG:colcon.colcon_core.event_handler.log_command:Invoked command in '/home/igor/Code/Modulo8/src/pond2' returned '0': PYTHONPATH=/home/igor/Code/Modulo8/build/pond2/prefix_override:/home/igor/Code/Modulo8/install/pond2/lib/python3.10/site-packages:${PYTHONPATH} /usr/bin/python3 setup.py egg_info --egg-base ../../build/pond2 build --build-base /home/igor/Code/Modulo8/build/pond2/build install --record /home/igor/Code/Modulo8/build/pond2/install.log --single-version-externally-managed
[5.271s] Level 1:colcon.colcon_core.environment:checking '/home/igor/Code/Modulo8/install/pond2' for CMake module files
[5.272s] Level 1:colcon.colcon_core.environment:checking '/home/igor/Code/Modulo8/install/pond2' for CMake config files
[5.273s] Level 1:colcon.colcon_core.environment:checking '/home/igor/Code/Modulo8/install/pond2/lib'
[5.273s] Level 1:colcon.colcon_core.environment:checking '/home/igor/Code/Modulo8/install/pond2/bin'
[5.273s] Level 1:colcon.colcon_core.environment:checking '/home/igor/Code/Modulo8/install/pond2/lib/pkgconfig/pond2.pc'
[5.274s] Level 1:colcon.colcon_core.environment:checking '/home/igor/Code/Modulo8/install/pond2/lib/python3.10/site-packages'
[5.274s] Level 1:colcon.colcon_core.shell:create_environment_hook('pond2', 'pythonpath')
[5.298s] INFO:colcon.colcon_core.shell:Creating environment hook '/home/igor/Code/Modulo8/install/pond2/share/pond2/hook/pythonpath.ps1'
[5.299s] INFO:colcon.colcon_core.shell:Creating environment descriptor '/home/igor/Code/Modulo8/install/pond2/share/pond2/hook/pythonpath.dsv'
[5.300s] INFO:colcon.colcon_core.shell:Creating environment hook '/home/igor/Code/Modulo8/install/pond2/share/pond2/hook/pythonpath.sh'
[5.301s] Level 1:colcon.colcon_core.environment:checking '/home/igor/Code/Modulo8/install/pond2/bin'
[5.301s] Level 1:colcon.colcon_core.environment:create_environment_scripts_only(pond2)
[5.330s] INFO:colcon.colcon_core.shell:Creating package script '/home/igor/Code/Modulo8/install/pond2/share/pond2/package.ps1'
[5.331s] INFO:colcon.colcon_core.shell:Creating package descriptor '/home/igor/Code/Modulo8/install/pond2/share/pond2/package.dsv'
[5.332s] INFO:colcon.colcon_core.shell:Creating package script '/home/igor/Code/Modulo8/install/pond2/share/pond2/package.sh'
[5.333s] INFO:colcon.colcon_core.shell:Creating package script '/home/igor/Code/Modulo8/install/pond2/share/pond2/package.bash'
[5.336s] INFO:colcon.colcon_core.shell:Creating package script '/home/igor/Code/Modulo8/install/pond2/share/pond2/package.zsh'
[5.338s] Level 1:colcon.colcon_core.environment:create_file_with_runtime_dependencies(/home/igor/Code/Modulo8/install/pond2/share/colcon-core/packages/pond2)
[5.340s] DEBUG:colcon.colcon_parallel_executor.executor.parallel:closing loop
[5.341s] DEBUG:colcon.colcon_parallel_executor.executor.parallel:loop closed
[5.342s] DEBUG:colcon.colcon_parallel_executor.executor.parallel:run_until_complete finished with '0'
[5.342s] DEBUG:colcon.colcon_core.event_reactor:joining thread
[5.376s] INFO:colcon.colcon_core.plugin_system:Skipping extension 'colcon_notification.desktop_notification.terminal_notifier': Not used on non-Darwin systems
[5.376s] INFO:colcon.colcon_core.plugin_system:Skipping extension 'colcon_notification.desktop_notification.win32': Not used on non-Windows systems
[5.376s] INFO:colcon.colcon_notification.desktop_notification:Sending desktop notification using 'notify2'
[5.392s] DEBUG:colcon.colcon_core.event_reactor:joined thread
[5.419s] INFO:colcon.colcon_core.shell:Creating prefix script '/home/igor/Code/Modulo8/install/local_setup.ps1'
[5.421s] INFO:colcon.colcon_core.shell:Creating prefix util module '/home/igor/Code/Modulo8/install/_local_setup_util_ps1.py'
[5.424s] INFO:colcon.colcon_core.shell:Creating prefix chain script '/home/igor/Code/Modulo8/install/setup.ps1'
[5.454s] INFO:colcon.colcon_core.shell:Creating prefix script '/home/igor/Code/Modulo8/install/local_setup.sh'
[5.455s] INFO:colcon.colcon_core.shell:Creating prefix util module '/home/igor/Code/Modulo8/install/_local_setup_util_sh.py'
[5.456s] INFO:colcon.colcon_core.shell:Creating prefix chain script '/home/igor/Code/Modulo8/install/setup.sh'
[5.486s] INFO:colcon.colcon_core.shell:Creating prefix script '/home/igor/Code/Modulo8/install/local_setup.bash'
[5.488s] INFO:colcon.colcon_core.shell:Creating prefix chain script '/home/igor/Code/Modulo8/install/setup.bash'
[5.513s] INFO:colcon.colcon_core.shell:Creating prefix script '/home/igor/Code/Modulo8/install/local_setup.zsh'
[5.514s] INFO:colcon.colcon_core.shell:Creating prefix chain script '/home/igor/Code/Modulo8/install/setup.zsh'
