[3.226s] Invoking command in '/home/igor/Code/Modulo8/src/pond3': PYTHONPATH=/home/igor/Code/Modulo8/src/build/pond3/prefix_override:/home/igor/Code/Modulo8/src/install/pond3/lib/python3.10/site-packages:${PYTHONPATH} /usr/bin/python3 setup.py egg_info --egg-base ../build/pond3 build --build-base /home/igor/Code/Modulo8/src/build/pond3/build install --record /home/igor/Code/Modulo8/src/build/pond3/install.log --single-version-externally-managed
[4.008s] running egg_info
[4.008s] writing ../build/pond3/pond3.egg-info/PKG-INFO
[4.009s] writing dependency_links to ../build/pond3/pond3.egg-info/dependency_links.txt
[4.014s] writing entry points to ../build/pond3/pond3.egg-info/entry_points.txt
[4.014s] writing requirements to ../build/pond3/pond3.egg-info/requires.txt
[4.014s] writing top-level names to ../build/pond3/pond3.egg-info/top_level.txt
[4.025s] reading manifest file '../build/pond3/pond3.egg-info/SOURCES.txt'
[4.029s] writing manifest file '../build/pond3/pond3.egg-info/SOURCES.txt'
[4.029s] running build
[4.029s] running build_py
[4.036s] running install
[4.036s] running install_lib
[4.040s] byte-compiling /home/igor/Code/Modulo8/src/install/pond3/lib/python3.10/site-packages/pond3/chatbot.py to chatbot.cpython-310.pyc
[4.045s] running install_data
[4.046s]   File "/home/igor/Code/Modulo8/src/install/pond3/lib/python3.10/site-packages/pond3/chatbot.py", line 3
[4.046s]     import .dictionary.intent
[4.046s]            ^
[4.046s] SyntaxError: invalid syntax
[4.047s] 
[4.053s] running install_egg_info
[4.054s] removing '/home/igor/Code/Modulo8/src/install/pond3/lib/python3.10/site-packages/pond3-0.0.0-py3.10.egg-info' (and everything under it)
[4.054s] Copying ../build/pond3/pond3.egg-info to /home/igor/Code/Modulo8/src/install/pond3/lib/python3.10/site-packages/pond3-0.0.0-py3.10.egg-info
[4.056s] running install_scripts
[4.125s] writing list of installed files to '/home/igor/Code/Modulo8/src/build/pond3/install.log'
[4.216s] Invoked command in '/home/igor/Code/Modulo8/src/pond3' returned '0': PYTHONPATH=/home/igor/Code/Modulo8/src/build/pond3/prefix_override:/home/igor/Code/Modulo8/src/install/pond3/lib/python3.10/site-packages:${PYTHONPATH} /usr/bin/python3 setup.py egg_info --egg-base ../build/pond3 build --build-base /home/igor/Code/Modulo8/src/build/pond3/build install --record /home/igor/Code/Modulo8/src/build/pond3/install.log --single-version-externally-managed
