[2.285s] Invoking command in '/home/igor/Code/Modulo8/src/pond2': PYTHONPATH=/home/igor/Code/Modulo8/build/pond2/prefix_override:/home/igor/Code/Modulo8/install/pond2/lib/python3.10/site-packages:${PYTHONPATH} /usr/bin/python3 setup.py egg_info --egg-base ../../build/pond2 build --build-base /home/igor/Code/Modulo8/build/pond2/build install --record /home/igor/Code/Modulo8/build/pond2/install.log --single-version-externally-managed
[2.828s] running egg_info
[2.829s] writing ../../build/pond2/pond2.egg-info/PKG-INFO
[2.829s] writing dependency_links to ../../build/pond2/pond2.egg-info/dependency_links.txt
[2.833s] writing entry points to ../../build/pond2/pond2.egg-info/entry_points.txt
[2.834s] writing requirements to ../../build/pond2/pond2.egg-info/requires.txt
[2.835s] writing top-level names to ../../build/pond2/pond2.egg-info/top_level.txt
[2.841s] reading manifest file '../../build/pond2/pond2.egg-info/SOURCES.txt'
[2.844s] writing manifest file '../../build/pond2/pond2.egg-info/SOURCES.txt'
[2.844s] running build
[2.844s] running build_py
[2.844s] running install
[2.845s] running install_lib
[2.846s] running install_data
[2.848s] copying launch/tarta2_launch.py -> /home/igor/Code/Modulo8/install/pond2/share/pond2/launch
[2.848s] running install_egg_info
[2.852s] removing '/home/igor/Code/Modulo8/install/pond2/lib/python3.10/site-packages/pond2-1.0.0-py3.10.egg-info' (and everything under it)
[2.852s] Copying ../../build/pond2/pond2.egg-info to /home/igor/Code/Modulo8/install/pond2/lib/python3.10/site-packages/pond2-1.0.0-py3.10.egg-info
[2.854s] running install_scripts
[2.897s] Installing savemap script to /home/igor/Code/Modulo8/install/pond2/lib/pond2
[2.897s] Installing tartabot script to /home/igor/Code/Modulo8/install/pond2/lib/pond2
[2.899s] writing list of installed files to '/home/igor/Code/Modulo8/build/pond2/install.log'
[2.952s] Invoked command in '/home/igor/Code/Modulo8/src/pond2' returned '0': PYTHONPATH=/home/igor/Code/Modulo8/build/pond2/prefix_override:/home/igor/Code/Modulo8/install/pond2/lib/python3.10/site-packages:${PYTHONPATH} /usr/bin/python3 setup.py egg_info --egg-base ../../build/pond2 build --build-base /home/igor/Code/Modulo8/build/pond2/build install --record /home/igor/Code/Modulo8/build/pond2/install.log --single-version-externally-managed
