[1.921s] Invoking command in '/home/igor/Code/Modulo8/src/pond3': PYTHONPATH=/home/igor/Code/Modulo8/build/pond3/prefix_override:/home/igor/Code/Modulo8/install/pond3/lib/python3.10/site-packages:${PYTHONPATH} /usr/bin/python3 setup.py egg_info --egg-base ../../build/pond3 build --build-base /home/igor/Code/Modulo8/build/pond3/build install --record /home/igor/Code/Modulo8/build/pond3/install.log --single-version-externally-managed
[2.263s] running egg_info
[2.264s] writing ../../build/pond3/pond3.egg-info/PKG-INFO
[2.265s] writing dependency_links to ../../build/pond3/pond3.egg-info/dependency_links.txt
[2.266s] writing entry points to ../../build/pond3/pond3.egg-info/entry_points.txt
[2.267s] writing requirements to ../../build/pond3/pond3.egg-info/requires.txt
[2.268s] writing top-level names to ../../build/pond3/pond3.egg-info/top_level.txt
[2.271s] reading manifest file '../../build/pond3/pond3.egg-info/SOURCES.txt'
[2.274s] writing manifest file '../../build/pond3/pond3.egg-info/SOURCES.txt'
[2.274s] running build
[2.274s] running build_py
[2.274s] copying pond3/chatbot.py -> /home/igor/Code/Modulo8/build/pond3/build/lib/pond3
[2.274s] running install
[2.275s] running install_lib
[2.276s] copying /home/igor/Code/Modulo8/build/pond3/build/lib/pond3/chatbot.py -> /home/igor/Code/Modulo8/install/pond3/lib/python3.10/site-packages/pond3
[2.277s] byte-compiling /home/igor/Code/Modulo8/install/pond3/lib/python3.10/site-packages/pond3/chatbot.py to chatbot.cpython-310.pyc
[2.278s] running install_data
[2.279s] running install_egg_info
[2.281s] removing '/home/igor/Code/Modulo8/install/pond3/lib/python3.10/site-packages/pond3-0.0.0-py3.10.egg-info' (and everything under it)
[2.282s] Copying ../../build/pond3/pond3.egg-info to /home/igor/Code/Modulo8/install/pond3/lib/python3.10/site-packages/pond3-0.0.0-py3.10.egg-info
[2.284s] running install_scripts
[2.309s] Installing chatbot script to /home/igor/Code/Modulo8/install/pond3/lib/pond3
[2.310s] writing list of installed files to '/home/igor/Code/Modulo8/build/pond3/install.log'
[2.343s] Invoked command in '/home/igor/Code/Modulo8/src/pond3' returned '0': PYTHONPATH=/home/igor/Code/Modulo8/build/pond3/prefix_override:/home/igor/Code/Modulo8/install/pond3/lib/python3.10/site-packages:${PYTHONPATH} /usr/bin/python3 setup.py egg_info --egg-base ../../build/pond3 build --build-base /home/igor/Code/Modulo8/build/pond3/build install --record /home/igor/Code/Modulo8/build/pond3/install.log --single-version-externally-managed
