[1.559s] Invoking command in '/home/igor/Code/Modulo8/src/pond3': PYTHONPATH=/home/igor/Code/Modulo8/build/pond3/prefix_override:/home/igor/Code/Modulo8/install/pond3/lib/python3.10/site-packages:${PYTHONPATH} /usr/bin/python3 setup.py egg_info --egg-base ../../build/pond3 build --build-base /home/igor/Code/Modulo8/build/pond3/build install --record /home/igor/Code/Modulo8/build/pond3/install.log --single-version-externally-managed
[1.911s] running egg_info
[1.912s] writing ../../build/pond3/pond3.egg-info/PKG-INFO
[1.912s] writing dependency_links to ../../build/pond3/pond3.egg-info/dependency_links.txt
[1.914s] writing entry points to ../../build/pond3/pond3.egg-info/entry_points.txt
[1.914s] writing requirements to ../../build/pond3/pond3.egg-info/requires.txt
[1.915s] writing top-level names to ../../build/pond3/pond3.egg-info/top_level.txt
[1.919s] reading manifest file '../../build/pond3/pond3.egg-info/SOURCES.txt'
[1.921s] writing manifest file '../../build/pond3/pond3.egg-info/SOURCES.txt'
[1.922s] running build
[1.922s] running build_py
[1.922s] running install
[1.923s] running install_lib
[1.925s] running install_data
[1.926s] running install_egg_info
[1.929s] removing '/home/igor/Code/Modulo8/install/pond3/lib/python3.10/site-packages/pond3-0.0.0-py3.10.egg-info' (and everything under it)
[1.930s] Copying ../../build/pond3/pond3.egg-info to /home/igor/Code/Modulo8/install/pond3/lib/python3.10/site-packages/pond3-0.0.0-py3.10.egg-info
[1.932s] running install_scripts
[1.973s] Installing chatbot script to /home/igor/Code/Modulo8/install/pond3/lib/pond3
[1.973s] writing list of installed files to '/home/igor/Code/Modulo8/build/pond3/install.log'
[2.022s] Invoked command in '/home/igor/Code/Modulo8/src/pond3' returned '0': PYTHONPATH=/home/igor/Code/Modulo8/build/pond3/prefix_override:/home/igor/Code/Modulo8/install/pond3/lib/python3.10/site-packages:${PYTHONPATH} /usr/bin/python3 setup.py egg_info --egg-base ../../build/pond3 build --build-base /home/igor/Code/Modulo8/build/pond3/build install --record /home/igor/Code/Modulo8/build/pond3/install.log --single-version-externally-managed
