[1.642s] DEBUG:colcon:Command line arguments: ['/usr/bin/colcon', 'build']
[1.643s] DEBUG:colcon:Parsed command line arguments: Namespace(log_base=None, log_level=None, verb_name='build', build_base='build', install_base='install', merge_install=False, symlink_install=False, test_result_base=None, continue_on_error=False, executor='parallel', parallel_workers=4, event_handlers=None, ignore_user_meta=False, metas=['./colcon.meta'], base_paths=['.'], packages_ignore=None, packages_ignore_regex=None, paths=None, packages_up_to=None, packages_up_to_regex=None, packages_above=None, packages_above_and_dependencies=None, packages_above_depth=None, packages_select_by_dep=None, packages_skip_by_dep=None, packages_skip_up_to=None, packages_select_build_failed=False, packages_skip_build_finished=False, packages_select_test_failures=False, packages_skip_test_passed=False, packages_select=None, packages_skip=None, packages_select_regex=None, packages_skip_regex=None, packages_start=None, packages_end=None, allow_overriding=[], cmake_args=None, cmake_target=None, cmake_target_skip_unavailable=False, cmake_clean_cache=False, cmake_clean_first=False, cmake_force_configure=False, ament_cmake_args=None, catkin_cmake_args=None, catkin_skip_building_tests=False, verb_parser=<colcon_defaults.argument_parser.defaults.DefaultArgumentsDecorator object at 0x7f98548e0850>, verb_extension=<colcon_core.verb.build.BuildVerb object at 0x7f9854cbfe20>, main=<bound method BuildVerb.main of <colcon_core.verb.build.BuildVerb object at 0x7f9854cbfe20>>)
[1.715s] Level 1:colcon.colcon_core.package_discovery:discover_packages(colcon_meta) check parameters
[1.715s] Level 1:colcon.colcon_core.package_discovery:discover_packages(recursive) check parameters
[1.715s] Level 1:colcon.colcon_core.package_discovery:discover_packages(ignore) check parameters
[1.715s] Level 1:colcon.colcon_core.package_discovery:discover_packages(path) check parameters
[1.715s] Level 1:colcon.colcon_core.package_discovery:discover_packages(colcon_meta) discover
[1.715s] Level 1:colcon.colcon_core.package_discovery:discover_packages(recursive) discover
[1.715s] INFO:colcon.colcon_core.package_discovery:Crawling recursively for packages in '/home/igor/Code/Modulo8'
[1.715s] Level 1:colcon.colcon_core.package_identification:_identify(.) by extensions ['ignore', 'ignore_ament_install']
[1.715s] Level 1:colcon.colcon_core.package_identification:_identify(.) by extension 'ignore'
[1.715s] Level 1:colcon.colcon_core.package_identification:_identify(.) by extension 'ignore_ament_install'
[1.715s] Level 1:colcon.colcon_core.package_identification:_identify(.) by extensions ['colcon_pkg']
[1.715s] Level 1:colcon.colcon_core.package_identification:_identify(.) by extension 'colcon_pkg'
[1.716s] Level 1:colcon.colcon_core.package_identification:_identify(.) by extensions ['colcon_meta']
[1.716s] Level 1:colcon.colcon_core.package_identification:_identify(.) by extension 'colcon_meta'
[1.716s] Level 1:colcon.colcon_core.package_identification:_identify(.) by extensions ['ros']
[1.716s] Level 1:colcon.colcon_core.package_identification:_identify(.) by extension 'ros'
[1.733s] Level 1:colcon.colcon_core.package_identification:_identify(.) by extensions ['cmake', 'python']
[1.733s] Level 1:colcon.colcon_core.package_identification:_identify(.) by extension 'cmake'
[1.733s] Level 1:colcon.colcon_core.package_identification:_identify(.) by extension 'python'
[1.733s] Level 1:colcon.colcon_core.package_identification:_identify(.) by extensions ['python_setup_py']
[1.733s] Level 1:colcon.colcon_core.package_identification:_identify(.) by extension 'python_setup_py'
[1.733s] Level 1:colcon.colcon_core.package_identification:_identify(build) by extensions ['ignore', 'ignore_ament_install']
[1.733s] Level 1:colcon.colcon_core.package_identification:_identify(build) by extension 'ignore'
[1.733s] Level 1:colcon.colcon_core.package_identification:_identify(build) ignored
[1.734s] Level 1:colcon.colcon_core.package_identification:_identify(codes) by extensions ['ignore', 'ignore_ament_install']
[1.734s] Level 1:colcon.colcon_core.package_identification:_identify(codes) by extension 'ignore'
[1.734s] Level 1:colcon.colcon_core.package_identification:_identify(codes) by extension 'ignore_ament_install'
[1.734s] Level 1:colcon.colcon_core.package_identification:_identify(codes) by extensions ['colcon_pkg']
[1.734s] Level 1:colcon.colcon_core.package_identification:_identify(codes) by extension 'colcon_pkg'
[1.734s] Level 1:colcon.colcon_core.package_identification:_identify(codes) by extensions ['colcon_meta']
[1.734s] Level 1:colcon.colcon_core.package_identification:_identify(codes) by extension 'colcon_meta'
[1.734s] Level 1:colcon.colcon_core.package_identification:_identify(codes) by extensions ['ros']
[1.734s] Level 1:colcon.colcon_core.package_identification:_identify(codes) by extension 'ros'
[1.734s] Level 1:colcon.colcon_core.package_identification:_identify(codes) by extensions ['cmake', 'python']
[1.734s] Level 1:colcon.colcon_core.package_identification:_identify(codes) by extension 'cmake'
[1.734s] Level 1:colcon.colcon_core.package_identification:_identify(codes) by extension 'python'
[1.734s] Level 1:colcon.colcon_core.package_identification:_identify(codes) by extensions ['python_setup_py']
[1.734s] Level 1:colcon.colcon_core.package_identification:_identify(codes) by extension 'python_setup_py'
[1.734s] Level 1:colcon.colcon_core.package_identification:_identify(install) by extensions ['ignore', 'ignore_ament_install']
[1.735s] Level 1:colcon.colcon_core.package_identification:_identify(install) by extension 'ignore'
[1.735s] Level 1:colcon.colcon_core.package_identification:_identify(install) ignored
[1.735s] Level 1:colcon.colcon_core.package_identification:_identify(log) by extensions ['ignore', 'ignore_ament_install']
[1.735s] Level 1:colcon.colcon_core.package_identification:_identify(log) by extension 'ignore'
[1.735s] Level 1:colcon.colcon_core.package_identification:_identify(log) ignored
[1.735s] Level 1:colcon.colcon_core.package_identification:_identify(pond2) by extensions ['ignore', 'ignore_ament_install']
[1.735s] Level 1:colcon.colcon_core.package_identification:_identify(pond2) by extension 'ignore'
[1.736s] Level 1:colcon.colcon_core.package_identification:_identify(pond2) by extension 'ignore_ament_install'
[1.736s] Level 1:colcon.colcon_core.package_identification:_identify(pond2) by extensions ['colcon_pkg']
[1.736s] Level 1:colcon.colcon_core.package_identification:_identify(pond2) by extension 'colcon_pkg'
[1.736s] Level 1:colcon.colcon_core.package_identification:_identify(pond2) by extensions ['colcon_meta']
[1.736s] Level 1:colcon.colcon_core.package_identification:_identify(pond2) by extension 'colcon_meta'
[1.736s] Level 1:colcon.colcon_core.package_identification:_identify(pond2) by extensions ['ros']
[1.736s] Level 1:colcon.colcon_core.package_identification:_identify(pond2) by extension 'ros'
[1.736s] Level 1:colcon.colcon_core.package_identification:_identify(pond2) by extensions ['cmake', 'python']
[1.736s] Level 1:colcon.colcon_core.package_identification:_identify(pond2) by extension 'cmake'
[1.736s] Level 1:colcon.colcon_core.package_identification:_identify(pond2) by extension 'python'
[1.736s] Level 1:colcon.colcon_core.package_identification:_identify(pond2) by extensions ['python_setup_py']
[1.736s] Level 1:colcon.colcon_core.package_identification:_identify(pond2) by extension 'python_setup_py'
[1.737s] Level 1:colcon.colcon_core.package_identification:_identify(pond2/build) by extensions ['ignore', 'ignore_ament_install']
[1.737s] Level 1:colcon.colcon_core.package_identification:_identify(pond2/build) by extension 'ignore'
[1.737s] Level 1:colcon.colcon_core.package_identification:_identify(pond2/build) ignored
[1.737s] Level 1:colcon.colcon_core.package_identification:_identify(pond2/install) by extensions ['ignore', 'ignore_ament_install']
[1.737s] Level 1:colcon.colcon_core.package_identification:_identify(pond2/install) by extension 'ignore'
[1.737s] Level 1:colcon.colcon_core.package_identification:_identify(pond2/install) ignored
[1.738s] Level 1:colcon.colcon_core.package_identification:_identify(pond2/launch) by extensions ['ignore', 'ignore_ament_install']
[1.738s] Level 1:colcon.colcon_core.package_identification:_identify(pond2/launch) by extension 'ignore'
[1.738s] Level 1:colcon.colcon_core.package_identification:_identify(pond2/launch) by extension 'ignore_ament_install'
[1.738s] Level 1:colcon.colcon_core.package_identification:_identify(pond2/launch) by extensions ['colcon_pkg']
[1.738s] Level 1:colcon.colcon_core.package_identification:_identify(pond2/launch) by extension 'colcon_pkg'
[1.738s] Level 1:colcon.colcon_core.package_identification:_identify(pond2/launch) by extensions ['colcon_meta']
[1.738s] Level 1:colcon.colcon_core.package_identification:_identify(pond2/launch) by extension 'colcon_meta'
[1.738s] Level 1:colcon.colcon_core.package_identification:_identify(pond2/launch) by extensions ['ros']
[1.738s] Level 1:colcon.colcon_core.package_identification:_identify(pond2/launch) by extension 'ros'
[1.738s] Level 1:colcon.colcon_core.package_identification:_identify(pond2/launch) by extensions ['cmake', 'python']
[1.738s] Level 1:colcon.colcon_core.package_identification:_identify(pond2/launch) by extension 'cmake'
[1.738s] Level 1:colcon.colcon_core.package_identification:_identify(pond2/launch) by extension 'python'
[1.739s] Level 1:colcon.colcon_core.package_identification:_identify(pond2/launch) by extensions ['python_setup_py']
[1.739s] Level 1:colcon.colcon_core.package_identification:_identify(pond2/launch) by extension 'python_setup_py'
[1.739s] Level 1:colcon.colcon_core.package_identification:_identify(pond2/launch/__pycache__) by extensions ['ignore', 'ignore_ament_install']
[1.739s] Level 1:colcon.colcon_core.package_identification:_identify(pond2/launch/__pycache__) by extension 'ignore'
[1.739s] Level 1:colcon.colcon_core.package_identification:_identify(pond2/launch/__pycache__) by extension 'ignore_ament_install'
[1.739s] Level 1:colcon.colcon_core.package_identification:_identify(pond2/launch/__pycache__) by extensions ['colcon_pkg']
[1.739s] Level 1:colcon.colcon_core.package_identification:_identify(pond2/launch/__pycache__) by extension 'colcon_pkg'
[1.739s] Level 1:colcon.colcon_core.package_identification:_identify(pond2/launch/__pycache__) by extensions ['colcon_meta']
[1.739s] Level 1:colcon.colcon_core.package_identification:_identify(pond2/launch/__pycache__) by extension 'colcon_meta'
[1.739s] Level 1:colcon.colcon_core.package_identification:_identify(pond2/launch/__pycache__) by extensions ['ros']
[1.739s] Level 1:colcon.colcon_core.package_identification:_identify(pond2/launch/__pycache__) by extension 'ros'
[1.739s] Level 1:colcon.colcon_core.package_identification:_identify(pond2/launch/__pycache__) by extensions ['cmake', 'python']
[1.739s] Level 1:colcon.colcon_core.package_identification:_identify(pond2/launch/__pycache__) by extension 'cmake'
[1.740s] Level 1:colcon.colcon_core.package_identification:_identify(pond2/launch/__pycache__) by extension 'python'
[1.740s] Level 1:colcon.colcon_core.package_identification:_identify(pond2/launch/__pycache__) by extensions ['python_setup_py']
[1.740s] Level 1:colcon.colcon_core.package_identification:_identify(pond2/launch/__pycache__) by extension 'python_setup_py'
[1.740s] Level 1:colcon.colcon_core.package_identification:_identify(pond2/log) by extensions ['ignore', 'ignore_ament_install']
[1.740s] Level 1:colcon.colcon_core.package_identification:_identify(pond2/log) by extension 'ignore'
[1.740s] Level 1:colcon.colcon_core.package_identification:_identify(pond2/log) ignored
[1.740s] Level 1:colcon.colcon_core.package_identification:_identify(pond2/src) by extensions ['ignore', 'ignore_ament_install']
[1.740s] Level 1:colcon.colcon_core.package_identification:_identify(pond2/src) by extension 'ignore'
[1.740s] Level 1:colcon.colcon_core.package_identification:_identify(pond2/src) by extension 'ignore_ament_install'
[1.740s] Level 1:colcon.colcon_core.package_identification:_identify(pond2/src) by extensions ['colcon_pkg']
[1.740s] Level 1:colcon.colcon_core.package_identification:_identify(pond2/src) by extension 'colcon_pkg'
[1.740s] Level 1:colcon.colcon_core.package_identification:_identify(pond2/src) by extensions ['colcon_meta']
[1.740s] Level 1:colcon.colcon_core.package_identification:_identify(pond2/src) by extension 'colcon_meta'
[1.741s] Level 1:colcon.colcon_core.package_identification:_identify(pond2/src) by extensions ['ros']
[1.741s] Level 1:colcon.colcon_core.package_identification:_identify(pond2/src) by extension 'ros'
[1.741s] Level 1:colcon.colcon_core.package_identification:_identify(pond2/src) by extensions ['cmake', 'python']
[1.741s] Level 1:colcon.colcon_core.package_identification:_identify(pond2/src) by extension 'cmake'
[1.741s] Level 1:colcon.colcon_core.package_identification:_identify(pond2/src) by extension 'python'
[1.741s] Level 1:colcon.colcon_core.package_identification:_identify(pond2/src) by extensions ['python_setup_py']
[1.741s] Level 1:colcon.colcon_core.package_identification:_identify(pond2/src) by extension 'python_setup_py'
[1.741s] Level 1:colcon.colcon_core.package_identification:_identify(pond2/src/tartabot) by extensions ['ignore', 'ignore_ament_install']
[1.741s] Level 1:colcon.colcon_core.package_identification:_identify(pond2/src/tartabot) by extension 'ignore'
[1.741s] Level 1:colcon.colcon_core.package_identification:_identify(pond2/src/tartabot) by extension 'ignore_ament_install'
[1.741s] Level 1:colcon.colcon_core.package_identification:_identify(pond2/src/tartabot) by extensions ['colcon_pkg']
[1.741s] Level 1:colcon.colcon_core.package_identification:_identify(pond2/src/tartabot) by extension 'colcon_pkg'
[1.741s] Level 1:colcon.colcon_core.package_identification:_identify(pond2/src/tartabot) by extensions ['colcon_meta']
[1.741s] Level 1:colcon.colcon_core.package_identification:_identify(pond2/src/tartabot) by extension 'colcon_meta'
[1.741s] Level 1:colcon.colcon_core.package_identification:_identify(pond2/src/tartabot) by extensions ['ros']
[1.741s] Level 1:colcon.colcon_core.package_identification:_identify(pond2/src/tartabot) by extension 'ros'
[1.749s] DEBUG:colcon.colcon_core.package_identification:Package 'pond2/src/tartabot' with type 'ros.ament_python' and name 'tartabot'
[1.749s] Level 1:colcon.colcon_core.package_identification:_identify(pond3) by extensions ['ignore', 'ignore_ament_install']
[1.749s] Level 1:colcon.colcon_core.package_identification:_identify(pond3) by extension 'ignore'
[1.749s] Level 1:colcon.colcon_core.package_identification:_identify(pond3) by extension 'ignore_ament_install'
[1.749s] Level 1:colcon.colcon_core.package_identification:_identify(pond3) by extensions ['colcon_pkg']
[1.750s] Level 1:colcon.colcon_core.package_identification:_identify(pond3) by extension 'colcon_pkg'
[1.750s] Level 1:colcon.colcon_core.package_identification:_identify(pond3) by extensions ['colcon_meta']
[1.750s] Level 1:colcon.colcon_core.package_identification:_identify(pond3) by extension 'colcon_meta'
[1.750s] Level 1:colcon.colcon_core.package_identification:_identify(pond3) by extensions ['ros']
[1.750s] Level 1:colcon.colcon_core.package_identification:_identify(pond3) by extension 'ros'
[1.750s] Level 1:colcon.colcon_core.package_identification:_identify(pond3) by extensions ['cmake', 'python']
[1.750s] Level 1:colcon.colcon_core.package_identification:_identify(pond3) by extension 'cmake'
[1.750s] Level 1:colcon.colcon_core.package_identification:_identify(pond3) by extension 'python'
[1.750s] Level 1:colcon.colcon_core.package_identification:_identify(pond3) by extensions ['python_setup_py']
[1.750s] Level 1:colcon.colcon_core.package_identification:_identify(pond3) by extension 'python_setup_py'
[1.750s] Level 1:colcon.colcon_core.package_identification:_identify(src) by extensions ['ignore', 'ignore_ament_install']
[1.750s] Level 1:colcon.colcon_core.package_identification:_identify(src) by extension 'ignore'
[1.750s] Level 1:colcon.colcon_core.package_identification:_identify(src) by extension 'ignore_ament_install'
[1.750s] Level 1:colcon.colcon_core.package_identification:_identify(src) by extensions ['colcon_pkg']
[1.750s] Level 1:colcon.colcon_core.package_identification:_identify(src) by extension 'colcon_pkg'
[1.750s] Level 1:colcon.colcon_core.package_identification:_identify(src) by extensions ['colcon_meta']
[1.750s] Level 1:colcon.colcon_core.package_identification:_identify(src) by extension 'colcon_meta'
[1.751s] Level 1:colcon.colcon_core.package_identification:_identify(src) by extensions ['ros']
[1.751s] Level 1:colcon.colcon_core.package_identification:_identify(src) by extension 'ros'
[1.751s] Level 1:colcon.colcon_core.package_identification:_identify(src) by extensions ['cmake', 'python']
[1.751s] Level 1:colcon.colcon_core.package_identification:_identify(src) by extension 'cmake'
[1.751s] Level 1:colcon.colcon_core.package_identification:_identify(src) by extension 'python'
[1.751s] Level 1:colcon.colcon_core.package_identification:_identify(src) by extensions ['python_setup_py']
[1.751s] Level 1:colcon.colcon_core.package_identification:_identify(src) by extension 'python_setup_py'
[1.751s] Level 1:colcon.colcon_core.package_discovery:discover_packages(recursive) using defaults
[1.751s] Level 1:colcon.colcon_core.package_discovery:discover_packages(ignore) discover
[1.751s] Level 1:colcon.colcon_core.package_discovery:discover_packages(ignore) using defaults
[1.751s] Level 1:colcon.colcon_core.package_discovery:discover_packages(path) discover
[1.751s] Level 1:colcon.colcon_core.package_discovery:discover_packages(path) using defaults
[1.893s] Level 1:colcon.colcon_core.package_discovery:discover_packages(prefix_path) check parameters
[1.893s] Level 1:colcon.colcon_core.package_discovery:discover_packages(prefix_path) discover
[1.937s] DEBUG:colcon.colcon_installed_package_information.package_discovery:Found 0 installed packages in /home/igor/Code/Modulo8/pond2/install
[1.961s] DEBUG:colcon.colcon_installed_package_information.package_discovery:Found 399 installed packages in /opt/ros/humble
[1.963s] Level 1:colcon.colcon_core.package_discovery:discover_packages(prefix_path) using defaults
[2.133s] Level 5:colcon.colcon_core.verb:set package 'tartabot' build argument 'cmake_args' from command line to 'None'
[2.133s] Level 5:colcon.colcon_core.verb:set package 'tartabot' build argument 'cmake_target' from command line to 'None'
[2.133s] Level 5:colcon.colcon_core.verb:set package 'tartabot' build argument 'cmake_target_skip_unavailable' from command line to 'False'
[2.133s] Level 5:colcon.colcon_core.verb:set package 'tartabot' build argument 'cmake_clean_cache' from command line to 'False'
[2.133s] Level 5:colcon.colcon_core.verb:set package 'tartabot' build argument 'cmake_clean_first' from command line to 'False'
[2.133s] Level 5:colcon.colcon_core.verb:set package 'tartabot' build argument 'cmake_force_configure' from command line to 'False'
[2.133s] Level 5:colcon.colcon_core.verb:set package 'tartabot' build argument 'ament_cmake_args' from command line to 'None'
[2.133s] Level 5:colcon.colcon_core.verb:set package 'tartabot' build argument 'catkin_cmake_args' from command line to 'None'
[2.133s] Level 5:colcon.colcon_core.verb:set package 'tartabot' build argument 'catkin_skip_building_tests' from command line to 'False'
[2.133s] DEBUG:colcon.colcon_core.verb:Building package 'tartabot' with the following arguments: {'ament_cmake_args': None, 'build_base': '/home/igor/Code/Modulo8/build/tartabot', 'catkin_cmake_args': None, 'catkin_skip_building_tests': False, 'cmake_args': None, 'cmake_clean_cache': False, 'cmake_clean_first': False, 'cmake_force_configure': False, 'cmake_target': None, 'cmake_target_skip_unavailable': False, 'install_base': '/home/igor/Code/Modulo8/install/tartabot', 'merge_install': False, 'path': '/home/igor/Code/Modulo8/pond2/src/tartabot', 'symlink_install': False, 'test_result_base': None}
[2.153s] INFO:colcon.colcon_core.executor:Executing jobs using 'parallel' executor
[2.175s] DEBUG:colcon.colcon_parallel_executor.executor.parallel:run_until_complete
[2.175s] INFO:colcon.colcon_ros.task.ament_python.build:Building ROS package in '/home/igor/Code/Modulo8/pond2/src/tartabot' with build type 'ament_python'
[2.175s] Level 1:colcon.colcon_core.shell:create_environment_hook('tartabot', 'ament_prefix_path')
[2.201s] INFO:colcon.colcon_core.plugin_system:Skipping extension 'colcon_core.shell.bat': Not used on non-Windows systems
[2.201s] INFO:colcon.colcon_core.shell:Creating environment hook '/home/igor/Code/Modulo8/install/tartabot/share/tartabot/hook/ament_prefix_path.ps1'
[2.204s] INFO:colcon.colcon_core.shell:Creating environment descriptor '/home/igor/Code/Modulo8/install/tartabot/share/tartabot/hook/ament_prefix_path.dsv'
[2.206s] INFO:colcon.colcon_core.shell:Creating environment hook '/home/igor/Code/Modulo8/install/tartabot/share/tartabot/hook/ament_prefix_path.sh'
[2.232s] INFO:colcon.colcon_core.shell:Skip shell extension 'powershell' for command environment: Not usable outside of PowerShell
[2.232s] DEBUG:colcon.colcon_core.shell:Skip shell extension 'dsv' for command environment
[2.696s] INFO:colcon.colcon_core.task.python.build:Building Python package in '/home/igor/Code/Modulo8/pond2/src/tartabot'
[2.722s] INFO:colcon.colcon_core.shell:Skip shell extension 'powershell' for command environment: Not usable outside of PowerShell
[2.722s] DEBUG:colcon.colcon_core.shell:Skip shell extension 'dsv' for command environment
[4.002s] DEBUG:colcon.colcon_core.event_handler.log_command:Invoking command in '/home/igor/Code/Modulo8/pond2/src/tartabot': PYTHONPATH=/home/igor/Code/Modulo8/build/tartabot/prefix_override:/home/igor/Code/Modulo8/install/tartabot/lib/python3.10/site-packages:${PYTHONPATH} /usr/bin/python3 setup.py egg_info --egg-base ../../../build/tartabot build --build-base /home/igor/Code/Modulo8/build/tartabot/build install --record /home/igor/Code/Modulo8/build/tartabot/install.log --single-version-externally-managed
[4.412s] DEBUG:colcon.colcon_core.event_handler.log_command:Invoked command in '/home/igor/Code/Modulo8/pond2/src/tartabot' returned '0': PYTHONPATH=/home/igor/Code/Modulo8/build/tartabot/prefix_override:/home/igor/Code/Modulo8/install/tartabot/lib/python3.10/site-packages:${PYTHONPATH} /usr/bin/python3 setup.py egg_info --egg-base ../../../build/tartabot build --build-base /home/igor/Code/Modulo8/build/tartabot/build install --record /home/igor/Code/Modulo8/build/tartabot/install.log --single-version-externally-managed
[4.450s] Level 1:colcon.colcon_core.environment:checking '/home/igor/Code/Modulo8/install/tartabot' for CMake module files
[4.451s] Level 1:colcon.colcon_core.environment:checking '/home/igor/Code/Modulo8/install/tartabot' for CMake config files
[4.453s] Level 1:colcon.colcon_core.environment:checking '/home/igor/Code/Modulo8/install/tartabot/lib'
[4.454s] Level 1:colcon.colcon_core.environment:checking '/home/igor/Code/Modulo8/install/tartabot/bin'
[4.454s] Level 1:colcon.colcon_core.environment:checking '/home/igor/Code/Modulo8/install/tartabot/lib/pkgconfig/tartabot.pc'
[4.455s] Level 1:colcon.colcon_core.environment:checking '/home/igor/Code/Modulo8/install/tartabot/lib/python3.10/site-packages'
[4.455s] Level 1:colcon.colcon_core.shell:create_environment_hook('tartabot', 'pythonpath')
[4.490s] INFO:colcon.colcon_core.shell:Creating environment hook '/home/igor/Code/Modulo8/install/tartabot/share/tartabot/hook/pythonpath.ps1'
[4.491s] INFO:colcon.colcon_core.shell:Creating environment descriptor '/home/igor/Code/Modulo8/install/tartabot/share/tartabot/hook/pythonpath.dsv'
[4.491s] INFO:colcon.colcon_core.shell:Creating environment hook '/home/igor/Code/Modulo8/install/tartabot/share/tartabot/hook/pythonpath.sh'
[4.492s] Level 1:colcon.colcon_core.environment:checking '/home/igor/Code/Modulo8/install/tartabot/bin'
[4.492s] Level 1:colcon.colcon_core.environment:create_environment_scripts_only(tartabot)
[4.516s] INFO:colcon.colcon_core.shell:Creating package script '/home/igor/Code/Modulo8/install/tartabot/share/tartabot/package.ps1'
[4.519s] INFO:colcon.colcon_core.shell:Creating package descriptor '/home/igor/Code/Modulo8/install/tartabot/share/tartabot/package.dsv'
[4.522s] INFO:colcon.colcon_core.shell:Creating package script '/home/igor/Code/Modulo8/install/tartabot/share/tartabot/package.sh'
[4.523s] INFO:colcon.colcon_core.shell:Creating package script '/home/igor/Code/Modulo8/install/tartabot/share/tartabot/package.bash'
[4.527s] INFO:colcon.colcon_core.shell:Creating package script '/home/igor/Code/Modulo8/install/tartabot/share/tartabot/package.zsh'
[4.530s] Level 1:colcon.colcon_core.environment:create_file_with_runtime_dependencies(/home/igor/Code/Modulo8/install/tartabot/share/colcon-core/packages/tartabot)
[4.531s] DEBUG:colcon.colcon_parallel_executor.executor.parallel:closing loop
[4.532s] DEBUG:colcon.colcon_parallel_executor.executor.parallel:loop closed
[4.532s] DEBUG:colcon.colcon_parallel_executor.executor.parallel:run_until_complete finished with '0'
[4.532s] DEBUG:colcon.colcon_core.event_reactor:joining thread
[4.570s] INFO:colcon.colcon_core.plugin_system:Skipping extension 'colcon_notification.desktop_notification.terminal_notifier': Not used on non-Darwin systems
[4.570s] INFO:colcon.colcon_core.plugin_system:Skipping extension 'colcon_notification.desktop_notification.win32': Not used on non-Windows systems
[4.570s] INFO:colcon.colcon_notification.desktop_notification:Sending desktop notification using 'notify2'
[4.584s] DEBUG:colcon.colcon_core.event_reactor:joined thread
[4.612s] INFO:colcon.colcon_core.shell:Creating prefix script '/home/igor/Code/Modulo8/install/local_setup.ps1'
[4.613s] INFO:colcon.colcon_core.shell:Creating prefix util module '/home/igor/Code/Modulo8/install/_local_setup_util_ps1.py'
[4.614s] INFO:colcon.colcon_core.shell:Creating prefix chain script '/home/igor/Code/Modulo8/install/setup.ps1'
[4.640s] INFO:colcon.colcon_core.shell:Creating prefix script '/home/igor/Code/Modulo8/install/local_setup.sh'
[4.641s] INFO:colcon.colcon_core.shell:Creating prefix util module '/home/igor/Code/Modulo8/install/_local_setup_util_sh.py'
[4.642s] INFO:colcon.colcon_core.shell:Creating prefix chain script '/home/igor/Code/Modulo8/install/setup.sh'
[4.668s] INFO:colcon.colcon_core.shell:Creating prefix script '/home/igor/Code/Modulo8/install/local_setup.bash'
[4.669s] INFO:colcon.colcon_core.shell:Creating prefix chain script '/home/igor/Code/Modulo8/install/setup.bash'
[4.694s] INFO:colcon.colcon_core.shell:Creating prefix script '/home/igor/Code/Modulo8/install/local_setup.zsh'
[4.695s] INFO:colcon.colcon_core.shell:Creating prefix chain script '/home/igor/Code/Modulo8/install/setup.zsh'
