[3.308s] Invoking command in '/home/igor/Code/Modulo8/src/pond2': PYTHONPATH=/home/igor/Code/Modulo8/build/pond2/prefix_override:/home/igor/Code/Modulo8/install/pond2/lib/python3.10/site-packages:${PYTHONPATH} /usr/bin/python3 setup.py egg_info --egg-base ../../build/pond2 build --build-base /home/igor/Code/Modulo8/build/pond2/build install --record /home/igor/Code/Modulo8/build/pond2/install.log --single-version-externally-managed
[4.142s] running egg_info
[4.144s] writing ../../build/pond2/pond2.egg-info/PKG-INFO
[4.145s] writing dependency_links to ../../build/pond2/pond2.egg-info/dependency_links.txt
[4.152s] writing entry points to ../../build/pond2/pond2.egg-info/entry_points.txt
[4.154s] writing requirements to ../../build/pond2/pond2.egg-info/requires.txt
[4.155s] writing top-level names to ../../build/pond2/pond2.egg-info/top_level.txt
[4.172s] reading manifest file '../../build/pond2/pond2.egg-info/SOURCES.txt'
[4.174s] writing manifest file '../../build/pond2/pond2.egg-info/SOURCES.txt'
[4.175s] running build
[4.176s] running build_py
[4.177s] running install
[4.178s] running install_lib
[4.185s] running install_data
[4.185s] running install_egg_info
[4.189s] removing '/home/igor/Code/Modulo8/install/pond2/lib/python3.10/site-packages/pond2-1.0.0-py3.10.egg-info' (and everything under it)
[4.190s] Copying ../../build/pond2/pond2.egg-info to /home/igor/Code/Modulo8/install/pond2/lib/python3.10/site-packages/pond2-1.0.0-py3.10.egg-info
[4.195s] running install_scripts
[4.254s] Installing savemap script to /home/igor/Code/Modulo8/install/pond2/lib/pond2
[4.255s] Installing tartabot script to /home/igor/Code/Modulo8/install/pond2/lib/pond2
[4.256s] writing list of installed files to '/home/igor/Code/Modulo8/build/pond2/install.log'
[4.516s] Invoked command in '/home/igor/Code/Modulo8/src/pond2' returned '0': PYTHONPATH=/home/igor/Code/Modulo8/build/pond2/prefix_override:/home/igor/Code/Modulo8/install/pond2/lib/python3.10/site-packages:${PYTHONPATH} /usr/bin/python3 setup.py egg_info --egg-base ../../build/pond2 build --build-base /home/igor/Code/Modulo8/build/pond2/build install --record /home/igor/Code/Modulo8/build/pond2/install.log --single-version-externally-managed
