[1.068s] Invoking command in '/home/igor/Code/Modulo8/src/pond2': PYTHONPATH=/home/igor/Code/Modulo8/src/pond2/build/pond2/prefix_override:/home/igor/Code/Modulo8/src/pond2/install/pond2/lib/python3.10/site-packages:${PYTHONPATH} /usr/bin/python3 setup.py egg_info --egg-base build/pond2 build --build-base /home/igor/Code/Modulo8/src/pond2/build/pond2/build install --record /home/igor/Code/Modulo8/src/pond2/build/pond2/install.log --single-version-externally-managed
[1.414s] running egg_info
[1.415s] writing build/pond2/pond2.egg-info/PKG-INFO
[1.415s] writing dependency_links to build/pond2/pond2.egg-info/dependency_links.txt
[1.416s] writing entry points to build/pond2/pond2.egg-info/entry_points.txt
[1.418s] writing requirements to build/pond2/pond2.egg-info/requires.txt
[1.419s] writing top-level names to build/pond2/pond2.egg-info/top_level.txt
[1.423s] reading manifest file 'build/pond2/pond2.egg-info/SOURCES.txt'
[1.424s] writing manifest file 'build/pond2/pond2.egg-info/SOURCES.txt'
[1.424s] running build
[1.424s] running build_py
[1.424s] running install
[1.425s] running install_lib
[1.426s] running install_data
[1.427s] copying launch/tarta2_launch.py -> /home/igor/Code/Modulo8/src/pond2/install/pond2/share/pond2/launch
[1.427s] running install_egg_info
[1.431s] removing '/home/igor/Code/Modulo8/src/pond2/install/pond2/lib/python3.10/site-packages/pond2-1.0.0-py3.10.egg-info' (and everything under it)
[1.432s] Copying build/pond2/pond2.egg-info to /home/igor/Code/Modulo8/src/pond2/install/pond2/lib/python3.10/site-packages/pond2-1.0.0-py3.10.egg-info
[1.433s] running install_scripts
[1.458s] Installing savemap script to /home/igor/Code/Modulo8/src/pond2/install/pond2/lib/pond2
[1.459s] Installing tartabot script to /home/igor/Code/Modulo8/src/pond2/install/pond2/lib/pond2
[1.460s] writing list of installed files to '/home/igor/Code/Modulo8/src/pond2/build/pond2/install.log'
[1.493s] Invoked command in '/home/igor/Code/Modulo8/src/pond2' returned '0': PYTHONPATH=/home/igor/Code/Modulo8/src/pond2/build/pond2/prefix_override:/home/igor/Code/Modulo8/src/pond2/install/pond2/lib/python3.10/site-packages:${PYTHONPATH} /usr/bin/python3 setup.py egg_info --egg-base build/pond2 build --build-base /home/igor/Code/Modulo8/src/pond2/build/pond2/build install --record /home/igor/Code/Modulo8/src/pond2/build/pond2/install.log --single-version-externally-managed
