[1.624s] Invoking command in '/home/igor/Code/Modulo8/src/pond2': PYTHONPATH=/home/igor/Code/Modulo8/build/pond2/prefix_override:/home/igor/Code/Modulo8/install/pond2/lib/python3.10/site-packages:${PYTHONPATH} /usr/bin/python3 setup.py egg_info --egg-base ../../build/pond2 build --build-base /home/igor/Code/Modulo8/build/pond2/build install --record /home/igor/Code/Modulo8/build/pond2/install.log --single-version-externally-managed
[1.994s] running egg_info
[1.995s] writing ../../build/pond2/pond2.egg-info/PKG-INFO
[1.996s] writing dependency_links to ../../build/pond2/pond2.egg-info/dependency_links.txt
[1.997s] writing entry points to ../../build/pond2/pond2.egg-info/entry_points.txt
[1.998s] writing requirements to ../../build/pond2/pond2.egg-info/requires.txt
[1.999s] writing top-level names to ../../build/pond2/pond2.egg-info/top_level.txt
[2.003s] reading manifest file '../../build/pond2/pond2.egg-info/SOURCES.txt'
[2.004s] writing manifest file '../../build/pond2/pond2.egg-info/SOURCES.txt'
[2.004s] running build
[2.004s] running build_py
[2.005s] running install
[2.005s] running install_lib
[2.007s] running install_data
[2.008s] running install_egg_info
[2.011s] removing '/home/igor/Code/Modulo8/install/pond2/lib/python3.10/site-packages/pond2-1.0.0-py3.10.egg-info' (and everything under it)
[2.015s] Copying ../../build/pond2/pond2.egg-info to /home/igor/Code/Modulo8/install/pond2/lib/python3.10/site-packages/pond2-1.0.0-py3.10.egg-info
[2.016s] running install_scripts
[2.044s] Installing savemap script to /home/igor/Code/Modulo8/install/pond2/lib/pond2
[2.044s] Installing tartabot script to /home/igor/Code/Modulo8/install/pond2/lib/pond2
[2.046s] writing list of installed files to '/home/igor/Code/Modulo8/build/pond2/install.log'
[2.179s] Invoked command in '/home/igor/Code/Modulo8/src/pond2' returned '0': PYTHONPATH=/home/igor/Code/Modulo8/build/pond2/prefix_override:/home/igor/Code/Modulo8/install/pond2/lib/python3.10/site-packages:${PYTHONPATH} /usr/bin/python3 setup.py egg_info --egg-base ../../build/pond2 build --build-base /home/igor/Code/Modulo8/build/pond2/build install --record /home/igor/Code/Modulo8/build/pond2/install.log --single-version-externally-managed
