[1.728s] Invoking command in '/home/igor/Code/Modulo8/src/pond2': PYTHONPATH=/home/igor/Code/Modulo8/build/pond2/prefix_override:/home/igor/Code/Modulo8/install/pond2/lib/python3.10/site-packages:${PYTHONPATH} /usr/bin/python3 setup.py egg_info --egg-base ../../build/pond2 build --build-base /home/igor/Code/Modulo8/build/pond2/build install --record /home/igor/Code/Modulo8/build/pond2/install.log --single-version-externally-managed
[2.283s] running egg_info
[2.284s] writing ../../build/pond2/pond2.egg-info/PKG-INFO
[2.284s] writing dependency_links to ../../build/pond2/pond2.egg-info/dependency_links.txt
[2.286s] writing entry points to ../../build/pond2/pond2.egg-info/entry_points.txt
[2.287s] writing requirements to ../../build/pond2/pond2.egg-info/requires.txt
[2.288s] writing top-level names to ../../build/pond2/pond2.egg-info/top_level.txt
[2.294s] reading manifest file '../../build/pond2/pond2.egg-info/SOURCES.txt'
[2.295s] writing manifest file '../../build/pond2/pond2.egg-info/SOURCES.txt'
[2.295s] running build
[2.296s] running build_py
[2.296s] running install
[2.296s] running install_lib
[2.298s] running install_data
[2.299s] running install_egg_info
[2.302s] removing '/home/igor/Code/Modulo8/install/pond2/lib/python3.10/site-packages/pond2-1.0.0-py3.10.egg-info' (and everything under it)
[2.303s] Copying ../../build/pond2/pond2.egg-info to /home/igor/Code/Modulo8/install/pond2/lib/python3.10/site-packages/pond2-1.0.0-py3.10.egg-info
[2.304s] running install_scripts
[2.336s] Installing savemap script to /home/igor/Code/Modulo8/install/pond2/lib/pond2
[2.336s] Installing tartabot script to /home/igor/Code/Modulo8/install/pond2/lib/pond2
[2.338s] writing list of installed files to '/home/igor/Code/Modulo8/build/pond2/install.log'
[2.386s] Invoked command in '/home/igor/Code/Modulo8/src/pond2' returned '0': PYTHONPATH=/home/igor/Code/Modulo8/build/pond2/prefix_override:/home/igor/Code/Modulo8/install/pond2/lib/python3.10/site-packages:${PYTHONPATH} /usr/bin/python3 setup.py egg_info --egg-base ../../build/pond2 build --build-base /home/igor/Code/Modulo8/build/pond2/build install --record /home/igor/Code/Modulo8/build/pond2/install.log --single-version-externally-managed
