[1.997s] Invoking command in '/home/igor/Code/Modulo8/src/pond2': PYTHONPATH=/home/igor/Code/Modulo8/build/pond2/prefix_override:/home/igor/Code/Modulo8/install/pond2/lib/python3.10/site-packages:${PYTHONPATH} /usr/bin/python3 setup.py egg_info --egg-base ../../build/pond2 build --build-base /home/igor/Code/Modulo8/build/pond2/build install --record /home/igor/Code/Modulo8/build/pond2/install.log --single-version-externally-managed
[2.472s] running egg_info
[2.474s] writing ../../build/pond2/pond2.egg-info/PKG-INFO
[2.475s] writing dependency_links to ../../build/pond2/pond2.egg-info/dependency_links.txt
[2.477s] writing entry points to ../../build/pond2/pond2.egg-info/entry_points.txt
[2.479s] writing requirements to ../../build/pond2/pond2.egg-info/requires.txt
[2.479s] writing top-level names to ../../build/pond2/pond2.egg-info/top_level.txt
[2.484s] reading manifest file '../../build/pond2/pond2.egg-info/SOURCES.txt'
[2.486s] writing manifest file '../../build/pond2/pond2.egg-info/SOURCES.txt'
[2.487s] running build
[2.488s] running build_py
[2.489s] running install
[2.490s] running install_lib
[2.492s] running install_data
[2.493s] copying launch/tarta_launch.py -> /home/igor/Code/Modulo8/install/pond2/share/pond2/launch
[2.494s] running install_egg_info
[2.496s] removing '/home/igor/Code/Modulo8/install/pond2/lib/python3.10/site-packages/pond2-1.0.0-py3.10.egg-info' (and everything under it)
[2.497s] Copying ../../build/pond2/pond2.egg-info to /home/igor/Code/Modulo8/install/pond2/lib/python3.10/site-packages/pond2-1.0.0-py3.10.egg-info
[2.499s] running install_scripts
[2.543s] Installing savemap script to /home/igor/Code/Modulo8/install/pond2/lib/pond2
[2.543s] Installing tartabot script to /home/igor/Code/Modulo8/install/pond2/lib/pond2
[2.547s] writing list of installed files to '/home/igor/Code/Modulo8/build/pond2/install.log'
[2.597s] Invoked command in '/home/igor/Code/Modulo8/src/pond2' returned '0': PYTHONPATH=/home/igor/Code/Modulo8/build/pond2/prefix_override:/home/igor/Code/Modulo8/install/pond2/lib/python3.10/site-packages:${PYTHONPATH} /usr/bin/python3 setup.py egg_info --egg-base ../../build/pond2 build --build-base /home/igor/Code/Modulo8/build/pond2/build install --record /home/igor/Code/Modulo8/build/pond2/install.log --single-version-externally-managed
