[2.589s] Invoking command in '/home/igor/Code/Modulo8/src/pond2': PYTHONPATH=/home/igor/Code/Modulo8/build/pond2/prefix_override:/home/igor/Code/Modulo8/install/pond2/lib/python3.10/site-packages:${PYTHONPATH} /usr/bin/python3 setup.py egg_info --egg-base ../../build/pond2 build --build-base /home/igor/Code/Modulo8/build/pond2/build install --record /home/igor/Code/Modulo8/build/pond2/install.log --single-version-externally-managed
[2.930s] running egg_info
[2.931s] writing ../../build/pond2/pond2.egg-info/PKG-INFO
[2.934s] writing dependency_links to ../../build/pond2/pond2.egg-info/dependency_links.txt
[2.935s] writing entry points to ../../build/pond2/pond2.egg-info/entry_points.txt
[2.937s] writing requirements to ../../build/pond2/pond2.egg-info/requires.txt
[2.938s] writing top-level names to ../../build/pond2/pond2.egg-info/top_level.txt
[2.947s] reading manifest file '../../build/pond2/pond2.egg-info/SOURCES.txt'
[2.950s] writing manifest file '../../build/pond2/pond2.egg-info/SOURCES.txt'
[2.950s] running build
[2.950s] running build_py
[2.955s] running install
[2.956s] running install_lib
[2.968s] running install_data
[2.972s] running install_egg_info
[2.975s] removing '/home/igor/Code/Modulo8/install/pond2/lib/python3.10/site-packages/pond2-1.0.0-py3.10.egg-info' (and everything under it)
[2.975s] Copying ../../build/pond2/pond2.egg-info to /home/igor/Code/Modulo8/install/pond2/lib/python3.10/site-packages/pond2-1.0.0-py3.10.egg-info
[2.977s] running install_scripts
[3.005s] Installing tartabot script to /home/igor/Code/Modulo8/install/pond2/lib/pond2
[3.006s] Installing teleop script to /home/igor/Code/Modulo8/install/pond2/lib/pond2
[3.007s] writing list of installed files to '/home/igor/Code/Modulo8/build/pond2/install.log'
[3.160s] Invoked command in '/home/igor/Code/Modulo8/src/pond2' returned '0': PYTHONPATH=/home/igor/Code/Modulo8/build/pond2/prefix_override:/home/igor/Code/Modulo8/install/pond2/lib/python3.10/site-packages:${PYTHONPATH} /usr/bin/python3 setup.py egg_info --egg-base ../../build/pond2 build --build-base /home/igor/Code/Modulo8/build/pond2/build install --record /home/igor/Code/Modulo8/build/pond2/install.log --single-version-externally-managed
