[1.748s] DEBUG:colcon:Command line arguments: ['/usr/bin/colcon', 'build']
[1.748s] DEBUG:colcon:Parsed command line arguments: Namespace(log_base=None, log_level=None, verb_name='build', build_base='build', install_base='install', merge_install=False, symlink_install=False, test_result_base=None, continue_on_error=False, executor='parallel', parallel_workers=4, event_handlers=None, ignore_user_meta=False, metas=['./colcon.meta'], base_paths=['.'], packages_ignore=None, packages_ignore_regex=None, paths=None, packages_up_to=None, packages_up_to_regex=None, packages_above=None, packages_above_and_dependencies=None, packages_above_depth=None, packages_select_by_dep=None, packages_skip_by_dep=None, packages_skip_up_to=None, packages_select_build_failed=False, packages_skip_build_finished=False, packages_select_test_failures=False, packages_skip_test_passed=False, packages_select=None, packages_skip=None, packages_select_regex=None, packages_skip_regex=None, packages_start=None, packages_end=None, allow_overriding=[], cmake_args=None, cmake_target=None, cmake_target_skip_unavailable=False, cmake_clean_cache=False, cmake_clean_first=False, cmake_force_configure=False, ament_cmake_args=None, catkin_cmake_args=None, catkin_skip_building_tests=False, verb_parser=<colcon_defaults.argument_parser.defaults.DefaultArgumentsDecorator object at 0x7f4533c9eaa0>, verb_extension=<colcon_core.verb.build.BuildVerb object at 0x7f4533ed4a60>, main=<bound method BuildVerb.main of <colcon_core.verb.build.BuildVerb object at 0x7f4533ed4a60>>)
[1.826s] Level 1:colcon.colcon_core.package_discovery:discover_packages(colcon_meta) check parameters
[1.826s] Level 1:colcon.colcon_core.package_discovery:discover_packages(recursive) check parameters
[1.826s] Level 1:colcon.colcon_core.package_discovery:discover_packages(ignore) check parameters
[1.826s] Level 1:colcon.colcon_core.package_discovery:discover_packages(path) check parameters
[1.826s] Level 1:colcon.colcon_core.package_discovery:discover_packages(colcon_meta) discover
[1.826s] Level 1:colcon.colcon_core.package_discovery:discover_packages(recursive) discover
[1.826s] INFO:colcon.colcon_core.package_discovery:Crawling recursively for packages in '/home/igor/Code/Modulo8/src/pond2'
[1.827s] Level 1:colcon.colcon_core.package_identification:_identify(.) by extensions ['ignore', 'ignore_ament_install']
[1.827s] Level 1:colcon.colcon_core.package_identification:_identify(.) by extension 'ignore'
[1.827s] Level 1:colcon.colcon_core.package_identification:_identify(.) by extension 'ignore_ament_install'
[1.827s] Level 1:colcon.colcon_core.package_identification:_identify(.) by extensions ['colcon_pkg']
[1.827s] Level 1:colcon.colcon_core.package_identification:_identify(.) by extension 'colcon_pkg'
[1.827s] Level 1:colcon.colcon_core.package_identification:_identify(.) by extensions ['colcon_meta']
[1.827s] Level 1:colcon.colcon_core.package_identification:_identify(.) by extension 'colcon_meta'
[1.827s] Level 1:colcon.colcon_core.package_identification:_identify(.) by extensions ['ros']
[1.827s] Level 1:colcon.colcon_core.package_identification:_identify(.) by extension 'ros'
[1.851s] DEBUG:colcon.colcon_core.package_identification:Package '.' with type 'ros.ament_python' and name 'pond2'
[1.851s] Level 1:colcon.colcon_core.package_discovery:discover_packages(recursive) using defaults
[1.851s] Level 1:colcon.colcon_core.package_discovery:discover_packages(ignore) discover
[1.851s] Level 1:colcon.colcon_core.package_discovery:discover_packages(ignore) using defaults
[1.851s] Level 1:colcon.colcon_core.package_discovery:discover_packages(path) discover
[1.851s] Level 1:colcon.colcon_core.package_discovery:discover_packages(path) using defaults
[2.010s] Level 1:colcon.colcon_core.package_discovery:discover_packages(prefix_path) check parameters
[2.010s] Level 1:colcon.colcon_core.package_discovery:discover_packages(prefix_path) discover
[2.060s] DEBUG:colcon.colcon_installed_package_information.package_discovery:Found 1 installed packages in /home/igor/Code/Modulo8/src/pond2/install
[2.086s] DEBUG:colcon.colcon_installed_package_information.package_discovery:Found 399 installed packages in /opt/ros/humble
[2.090s] Level 1:colcon.colcon_core.package_discovery:discover_packages(prefix_path) using defaults
[2.301s] Level 5:colcon.colcon_core.verb:set package 'pond2' build argument 'cmake_args' from command line to 'None'
[2.301s] Level 5:colcon.colcon_core.verb:set package 'pond2' build argument 'cmake_target' from command line to 'None'
[2.301s] Level 5:colcon.colcon_core.verb:set package 'pond2' build argument 'cmake_target_skip_unavailable' from command line to 'False'
[2.301s] Level 5:colcon.colcon_core.verb:set package 'pond2' build argument 'cmake_clean_cache' from command line to 'False'
[2.301s] Level 5:colcon.colcon_core.verb:set package 'pond2' build argument 'cmake_clean_first' from command line to 'False'
[2.301s] Level 5:colcon.colcon_core.verb:set package 'pond2' build argument 'cmake_force_configure' from command line to 'False'
[2.301s] Level 5:colcon.colcon_core.verb:set package 'pond2' build argument 'ament_cmake_args' from command line to 'None'
[2.301s] Level 5:colcon.colcon_core.verb:set package 'pond2' build argument 'catkin_cmake_args' from command line to 'None'
[2.301s] Level 5:colcon.colcon_core.verb:set package 'pond2' build argument 'catkin_skip_building_tests' from command line to 'False'
[2.301s] DEBUG:colcon.colcon_core.verb:Building package 'pond2' with the following arguments: {'ament_cmake_args': None, 'build_base': '/home/igor/Code/Modulo8/src/pond2/build/pond2', 'catkin_cmake_args': None, 'catkin_skip_building_tests': False, 'cmake_args': None, 'cmake_clean_cache': False, 'cmake_clean_first': False, 'cmake_force_configure': False, 'cmake_target': None, 'cmake_target_skip_unavailable': False, 'install_base': '/home/igor/Code/Modulo8/src/pond2/install/pond2', 'merge_install': False, 'path': '/home/igor/Code/Modulo8/src/pond2', 'symlink_install': False, 'test_result_base': None}
[2.329s] INFO:colcon.colcon_core.executor:Executing jobs using 'parallel' executor
[2.366s] DEBUG:colcon.colcon_parallel_executor.executor.parallel:run_until_complete
[2.367s] INFO:colcon.colcon_ros.task.ament_python.build:Building ROS package in '/home/igor/Code/Modulo8/src/pond2' with build type 'ament_python'
[2.367s] Level 1:colcon.colcon_core.shell:create_environment_hook('pond2', 'ament_prefix_path')
[2.402s] INFO:colcon.colcon_core.plugin_system:Skipping extension 'colcon_core.shell.bat': Not used on non-Windows systems
[2.403s] INFO:colcon.colcon_core.shell:Creating environment hook '/home/igor/Code/Modulo8/src/pond2/install/pond2/share/pond2/hook/ament_prefix_path.ps1'
[2.403s] INFO:colcon.colcon_core.shell:Creating environment descriptor '/home/igor/Code/Modulo8/src/pond2/install/pond2/share/pond2/hook/ament_prefix_path.dsv'
[2.405s] INFO:colcon.colcon_core.shell:Creating environment hook '/home/igor/Code/Modulo8/src/pond2/install/pond2/share/pond2/hook/ament_prefix_path.sh'
[2.434s] INFO:colcon.colcon_core.shell:Skip shell extension 'powershell' for command environment: Not usable outside of PowerShell
[2.434s] DEBUG:colcon.colcon_core.shell:Skip shell extension 'dsv' for command environment
[2.981s] INFO:colcon.colcon_core.task.python.build:Building Python package in '/home/igor/Code/Modulo8/src/pond2'
[3.008s] INFO:colcon.colcon_core.shell:Skip shell extension 'powershell' for command environment: Not usable outside of PowerShell
[3.008s] DEBUG:colcon.colcon_core.shell:Skip shell extension 'dsv' for command environment
[3.723s] DEBUG:colcon.colcon_core.event_handler.log_command:Invoking command in '/home/igor/Code/Modulo8/src/pond2': PYTHONPATH=/home/igor/Code/Modulo8/src/pond2/build/pond2/prefix_override:/home/igor/Code/Modulo8/src/pond2/install/pond2/lib/python3.10/site-packages:${PYTHONPATH} /usr/bin/python3 setup.py egg_info --egg-base build/pond2 build --build-base /home/igor/Code/Modulo8/src/pond2/build/pond2/build install --record /home/igor/Code/Modulo8/src/pond2/build/pond2/install.log --single-version-externally-managed
[4.255s] DEBUG:colcon.colcon_core.event_handler.log_command:Invoked command in '/home/igor/Code/Modulo8/src/pond2' returned '0': PYTHONPATH=/home/igor/Code/Modulo8/src/pond2/build/pond2/prefix_override:/home/igor/Code/Modulo8/src/pond2/install/pond2/lib/python3.10/site-packages:${PYTHONPATH} /usr/bin/python3 setup.py egg_info --egg-base build/pond2 build --build-base /home/igor/Code/Modulo8/src/pond2/build/pond2/build install --record /home/igor/Code/Modulo8/src/pond2/build/pond2/install.log --single-version-externally-managed
[4.281s] Level 1:colcon.colcon_core.environment:checking '/home/igor/Code/Modulo8/src/pond2/install/pond2' for CMake module files
[4.282s] Level 1:colcon.colcon_core.environment:checking '/home/igor/Code/Modulo8/src/pond2/install/pond2' for CMake config files
[4.283s] Level 1:colcon.colcon_core.environment:checking '/home/igor/Code/Modulo8/src/pond2/install/pond2/lib'
[4.284s] Level 1:colcon.colcon_core.environment:checking '/home/igor/Code/Modulo8/src/pond2/install/pond2/bin'
[4.284s] Level 1:colcon.colcon_core.environment:checking '/home/igor/Code/Modulo8/src/pond2/install/pond2/lib/pkgconfig/pond2.pc'
[4.284s] Level 1:colcon.colcon_core.environment:checking '/home/igor/Code/Modulo8/src/pond2/install/pond2/lib/python3.10/site-packages'
[4.285s] Level 1:colcon.colcon_core.shell:create_environment_hook('pond2', 'pythonpath')
[4.310s] INFO:colcon.colcon_core.shell:Creating environment hook '/home/igor/Code/Modulo8/src/pond2/install/pond2/share/pond2/hook/pythonpath.ps1'
[4.311s] INFO:colcon.colcon_core.shell:Creating environment descriptor '/home/igor/Code/Modulo8/src/pond2/install/pond2/share/pond2/hook/pythonpath.dsv'
[4.312s] INFO:colcon.colcon_core.shell:Creating environment hook '/home/igor/Code/Modulo8/src/pond2/install/pond2/share/pond2/hook/pythonpath.sh'
[4.314s] Level 1:colcon.colcon_core.environment:checking '/home/igor/Code/Modulo8/src/pond2/install/pond2/bin'
[4.314s] Level 1:colcon.colcon_core.environment:create_environment_scripts_only(pond2)
[4.339s] INFO:colcon.colcon_core.shell:Creating package script '/home/igor/Code/Modulo8/src/pond2/install/pond2/share/pond2/package.ps1'
[4.341s] INFO:colcon.colcon_core.shell:Creating package descriptor '/home/igor/Code/Modulo8/src/pond2/install/pond2/share/pond2/package.dsv'
[4.342s] INFO:colcon.colcon_core.shell:Creating package script '/home/igor/Code/Modulo8/src/pond2/install/pond2/share/pond2/package.sh'
[4.343s] INFO:colcon.colcon_core.shell:Creating package script '/home/igor/Code/Modulo8/src/pond2/install/pond2/share/pond2/package.bash'
[4.344s] INFO:colcon.colcon_core.shell:Creating package script '/home/igor/Code/Modulo8/src/pond2/install/pond2/share/pond2/package.zsh'
[4.345s] Level 1:colcon.colcon_core.environment:create_file_with_runtime_dependencies(/home/igor/Code/Modulo8/src/pond2/install/pond2/share/colcon-core/packages/pond2)
[4.346s] DEBUG:colcon.colcon_parallel_executor.executor.parallel:closing loop
[4.347s] DEBUG:colcon.colcon_parallel_executor.executor.parallel:loop closed
[4.347s] DEBUG:colcon.colcon_parallel_executor.executor.parallel:run_until_complete finished with '0'
[4.347s] DEBUG:colcon.colcon_core.event_reactor:joining thread
[4.379s] INFO:colcon.colcon_core.plugin_system:Skipping extension 'colcon_notification.desktop_notification.terminal_notifier': Not used on non-Darwin systems
[4.379s] INFO:colcon.colcon_core.plugin_system:Skipping extension 'colcon_notification.desktop_notification.win32': Not used on non-Windows systems
[4.379s] INFO:colcon.colcon_notification.desktop_notification:Sending desktop notification using 'notify2'
[4.399s] DEBUG:colcon.colcon_core.event_reactor:joined thread
[4.432s] INFO:colcon.colcon_core.shell:Creating prefix script '/home/igor/Code/Modulo8/src/pond2/install/local_setup.ps1'
[4.433s] INFO:colcon.colcon_core.shell:Creating prefix util module '/home/igor/Code/Modulo8/src/pond2/install/_local_setup_util_ps1.py'
[4.436s] INFO:colcon.colcon_core.shell:Creating prefix chain script '/home/igor/Code/Modulo8/src/pond2/install/setup.ps1'
[4.469s] INFO:colcon.colcon_core.shell:Creating prefix script '/home/igor/Code/Modulo8/src/pond2/install/local_setup.sh'
[4.471s] INFO:colcon.colcon_core.shell:Creating prefix util module '/home/igor/Code/Modulo8/src/pond2/install/_local_setup_util_sh.py'
[4.473s] INFO:colcon.colcon_core.shell:Creating prefix chain script '/home/igor/Code/Modulo8/src/pond2/install/setup.sh'
[4.504s] INFO:colcon.colcon_core.shell:Creating prefix script '/home/igor/Code/Modulo8/src/pond2/install/local_setup.bash'
[4.505s] INFO:colcon.colcon_core.shell:Creating prefix chain script '/home/igor/Code/Modulo8/src/pond2/install/setup.bash'
[4.532s] INFO:colcon.colcon_core.shell:Creating prefix script '/home/igor/Code/Modulo8/src/pond2/install/local_setup.zsh'
[4.533s] INFO:colcon.colcon_core.shell:Creating prefix chain script '/home/igor/Code/Modulo8/src/pond2/install/setup.zsh'
