[1.658s] Invoking command in '/home/igor/Code/Modulo8/src/pond3': PYTHONPATH=/home/igor/Code/Modulo8/src/build/pond3/prefix_override:/home/igor/Code/Modulo8/src/install/pond3/lib/python3.10/site-packages:${PYTHONPATH} /usr/bin/python3 setup.py egg_info --egg-base ../build/pond3 build --build-base /home/igor/Code/Modulo8/src/build/pond3/build install --record /home/igor/Code/Modulo8/src/build/pond3/install.log --single-version-externally-managed
[2.040s] running egg_info
[2.041s] creating ../build/pond3/pond3.egg-info
[2.041s] writing ../build/pond3/pond3.egg-info/PKG-INFO
[2.042s] writing dependency_links to ../build/pond3/pond3.egg-info/dependency_links.txt
[2.042s] writing entry points to ../build/pond3/pond3.egg-info/entry_points.txt
[2.043s] writing requirements to ../build/pond3/pond3.egg-info/requires.txt
[2.043s] writing top-level names to ../build/pond3/pond3.egg-info/top_level.txt
[2.043s] writing manifest file '../build/pond3/pond3.egg-info/SOURCES.txt'
[2.046s] reading manifest file '../build/pond3/pond3.egg-info/SOURCES.txt'
[2.047s] writing manifest file '../build/pond3/pond3.egg-info/SOURCES.txt'
[2.047s] running build
[2.048s] running build_py
[2.048s] creating /home/igor/Code/Modulo8/src/build/pond3/build
[2.048s] creating /home/igor/Code/Modulo8/src/build/pond3/build/lib
[2.048s] creating /home/igor/Code/Modulo8/src/build/pond3/build/lib/pond3
[2.048s] copying pond3/chatbot.py -> /home/igor/Code/Modulo8/src/build/pond3/build/lib/pond3
[2.048s] copying pond3/__init__.py -> /home/igor/Code/Modulo8/src/build/pond3/build/lib/pond3
[2.049s] running install
[2.049s] running install_lib
[2.049s] creating /home/igor/Code/Modulo8/src/install/pond3/lib/python3.10/site-packages/pond3
[2.050s] copying /home/igor/Code/Modulo8/src/build/pond3/build/lib/pond3/chatbot.py -> /home/igor/Code/Modulo8/src/install/pond3/lib/python3.10/site-packages/pond3
[2.050s] copying /home/igor/Code/Modulo8/src/build/pond3/build/lib/pond3/__init__.py -> /home/igor/Code/Modulo8/src/install/pond3/lib/python3.10/site-packages/pond3
[2.051s] byte-compiling /home/igor/Code/Modulo8/src/install/pond3/lib/python3.10/site-packages/pond3/chatbot.py to chatbot.cpython-310.pyc
[2.051s]   File "/home/igor/Code/Modulo8/src/install/pond3/lib/python3.10/site-packages/pond3/chatbot.py", line 3
[2.051s]     import .dictionary.intent
[2.051s]            ^
[2.051s] SyntaxError: invalid syntax
[2.051s] 
[2.052s] byte-compiling /home/igor/Code/Modulo8/src/install/pond3/lib/python3.10/site-packages/pond3/__init__.py to __init__.cpython-310.pyc
[2.052s] running install_data
[2.053s] creating /home/igor/Code/Modulo8/src/install/pond3/share/ament_index
[2.053s] creating /home/igor/Code/Modulo8/src/install/pond3/share/ament_index/resource_index
[2.053s] creating /home/igor/Code/Modulo8/src/install/pond3/share/ament_index/resource_index/packages
[2.053s] copying resource/pond3 -> /home/igor/Code/Modulo8/src/install/pond3/share/ament_index/resource_index/packages
[2.054s] copying package.xml -> /home/igor/Code/Modulo8/src/install/pond3/share/pond3
[2.054s] running install_egg_info
[2.057s] Copying ../build/pond3/pond3.egg-info to /home/igor/Code/Modulo8/src/install/pond3/lib/python3.10/site-packages/pond3-0.0.0-py3.10.egg-info
[2.058s] running install_scripts
[2.087s] writing list of installed files to '/home/igor/Code/Modulo8/src/build/pond3/install.log'
[2.136s] Invoked command in '/home/igor/Code/Modulo8/src/pond3' returned '0': PYTHONPATH=/home/igor/Code/Modulo8/src/build/pond3/prefix_override:/home/igor/Code/Modulo8/src/install/pond3/lib/python3.10/site-packages:${PYTHONPATH} /usr/bin/python3 setup.py egg_info --egg-base ../build/pond3 build --build-base /home/igor/Code/Modulo8/src/build/pond3/build install --record /home/igor/Code/Modulo8/src/build/pond3/install.log --single-version-externally-managed
