[2.217s] Invoking command in '/home/igor/Code/Modulo8/src/pond2': PYTHONPATH=/home/igor/Code/Modulo8/build/pond2/prefix_override:/home/igor/Code/Modulo8/install/pond2/lib/python3.10/site-packages:${PYTHONPATH} /usr/bin/python3 setup.py egg_info --egg-base ../../build/pond2 build --build-base /home/igor/Code/Modulo8/build/pond2/build install --record /home/igor/Code/Modulo8/build/pond2/install.log --single-version-externally-managed
[2.690s] running egg_info
[2.692s] writing ../../build/pond2/pond2.egg-info/PKG-INFO
[2.693s] writing dependency_links to ../../build/pond2/pond2.egg-info/dependency_links.txt
[2.695s] writing entry points to ../../build/pond2/pond2.egg-info/entry_points.txt
[2.696s] writing requirements to ../../build/pond2/pond2.egg-info/requires.txt
[2.700s] writing top-level names to ../../build/pond2/pond2.egg-info/top_level.txt
[2.704s] reading manifest file '../../build/pond2/pond2.egg-info/SOURCES.txt'
[2.708s] writing manifest file '../../build/pond2/pond2.egg-info/SOURCES.txt'
[2.710s] running build
[2.711s] running build_py
[2.712s] running install
[2.715s] running install_lib
[2.716s] running install_data
[2.717s] copying launch/tarta_launch.py -> /home/igor/Code/Modulo8/install/pond2/share/pond2/launch
[2.718s] copying launch/tarta2_launch.py -> /home/igor/Code/Modulo8/install/pond2/share/pond2/launch
[2.718s] copying launch/mapping2_launch.py -> /home/igor/Code/Modulo8/install/pond2/share/pond2/launch
[2.718s] running install_egg_info
[2.718s] removing '/home/igor/Code/Modulo8/install/pond2/lib/python3.10/site-packages/pond2-1.0.0-py3.10.egg-info' (and everything under it)
[2.718s] Copying ../../build/pond2/pond2.egg-info to /home/igor/Code/Modulo8/install/pond2/lib/python3.10/site-packages/pond2-1.0.0-py3.10.egg-info
[2.720s] running install_scripts
[2.763s] Installing savemap script to /home/igor/Code/Modulo8/install/pond2/lib/pond2
[2.764s] Installing tartabot script to /home/igor/Code/Modulo8/install/pond2/lib/pond2
[2.765s] writing list of installed files to '/home/igor/Code/Modulo8/build/pond2/install.log'
[2.858s] Invoked command in '/home/igor/Code/Modulo8/src/pond2' returned '0': PYTHONPATH=/home/igor/Code/Modulo8/build/pond2/prefix_override:/home/igor/Code/Modulo8/install/pond2/lib/python3.10/site-packages:${PYTHONPATH} /usr/bin/python3 setup.py egg_info --egg-base ../../build/pond2 build --build-base /home/igor/Code/Modulo8/build/pond2/build install --record /home/igor/Code/Modulo8/build/pond2/install.log --single-version-externally-managed
