[2.094s] Invoking command in '/home/igor/Code/Modulo8/src/pond2': PYTHONPATH=/home/igor/Code/Modulo8/build/pond2/prefix_override:/home/igor/Code/Modulo8/install/pond2/lib/python3.10/site-packages:${PYTHONPATH} /usr/bin/python3 setup.py egg_info --egg-base ../../build/pond2 build --build-base /home/igor/Code/Modulo8/build/pond2/build install --record /home/igor/Code/Modulo8/build/pond2/install.log --single-version-externally-managed
[2.675s] running egg_info
[2.677s] writing ../../build/pond2/pond2.egg-info/PKG-INFO
[2.677s] writing dependency_links to ../../build/pond2/pond2.egg-info/dependency_links.txt
[2.678s] writing entry points to ../../build/pond2/pond2.egg-info/entry_points.txt
[2.679s] writing requirements to ../../build/pond2/pond2.egg-info/requires.txt
[2.680s] writing top-level names to ../../build/pond2/pond2.egg-info/top_level.txt
[2.686s] reading manifest file '../../build/pond2/pond2.egg-info/SOURCES.txt'
[2.688s] writing manifest file '../../build/pond2/pond2.egg-info/SOURCES.txt'
[2.688s] running build
[2.688s] running build_py
[2.689s] copying pond2/tartabot.py -> /home/igor/Code/Modulo8/build/pond2/build/lib/pond2
[2.689s] copying pond2/savemap.py -> /home/igor/Code/Modulo8/build/pond2/build/lib/pond2
[2.692s] running install
[2.694s] running install_lib
[2.697s] copying /home/igor/Code/Modulo8/build/pond2/build/lib/pond2/tartabot.py -> /home/igor/Code/Modulo8/install/pond2/lib/python3.10/site-packages/pond2
[2.698s] copying /home/igor/Code/Modulo8/build/pond2/build/lib/pond2/savemap.py -> /home/igor/Code/Modulo8/install/pond2/lib/python3.10/site-packages/pond2
[2.698s] byte-compiling /home/igor/Code/Modulo8/install/pond2/lib/python3.10/site-packages/pond2/tartabot.py to tartabot.cpython-310.pyc
[2.699s] byte-compiling /home/igor/Code/Modulo8/install/pond2/lib/python3.10/site-packages/pond2/savemap.py to savemap.cpython-310.pyc
[2.699s] running install_data
[2.700s] copying launch/tarta_launch.py -> /home/igor/Code/Modulo8/install/pond2/share/pond2/launch
[2.700s] copying launch/mapping_launch.py -> /home/igor/Code/Modulo8/install/pond2/share/pond2/launch
[2.700s] running install_egg_info
[2.703s] removing '/home/igor/Code/Modulo8/install/pond2/lib/python3.10/site-packages/pond2-1.0.0-py3.10.egg-info' (and everything under it)
[2.703s] Copying ../../build/pond2/pond2.egg-info to /home/igor/Code/Modulo8/install/pond2/lib/python3.10/site-packages/pond2-1.0.0-py3.10.egg-info
[2.706s] running install_scripts
[2.746s] Installing savemap script to /home/igor/Code/Modulo8/install/pond2/lib/pond2
[2.747s] Installing tartabot script to /home/igor/Code/Modulo8/install/pond2/lib/pond2
[2.751s] writing list of installed files to '/home/igor/Code/Modulo8/build/pond2/install.log'
[2.812s] Invoked command in '/home/igor/Code/Modulo8/src/pond2' returned '0': PYTHONPATH=/home/igor/Code/Modulo8/build/pond2/prefix_override:/home/igor/Code/Modulo8/install/pond2/lib/python3.10/site-packages:${PYTHONPATH} /usr/bin/python3 setup.py egg_info --egg-base ../../build/pond2 build --build-base /home/igor/Code/Modulo8/build/pond2/build install --record /home/igor/Code/Modulo8/build/pond2/install.log --single-version-externally-managed
