[1.797s] Invoking command in '/home/igor/Code/Modulo8/src/pond3': PYTHONPATH=/home/igor/Code/Modulo8/src/build/pond3/prefix_override:/home/igor/Code/Modulo8/src/install/pond3/lib/python3.10/site-packages:${PYTHONPATH} /usr/bin/python3 setup.py egg_info --egg-base ../build/pond3 build --build-base /home/igor/Code/Modulo8/src/build/pond3/build install --record /home/igor/Code/Modulo8/src/build/pond3/install.log --single-version-externally-managed
[2.184s] running egg_info
[2.186s] writing ../build/pond3/pond3.egg-info/PKG-INFO
[2.186s] writing dependency_links to ../build/pond3/pond3.egg-info/dependency_links.txt
[2.187s] writing entry points to ../build/pond3/pond3.egg-info/entry_points.txt
[2.189s] writing requirements to ../build/pond3/pond3.egg-info/requires.txt
[2.192s] writing top-level names to ../build/pond3/pond3.egg-info/top_level.txt
[2.195s] reading manifest file '../build/pond3/pond3.egg-info/SOURCES.txt'
[2.197s] writing manifest file '../build/pond3/pond3.egg-info/SOURCES.txt'
[2.198s] running build
[2.199s] running build_py
[2.201s] running install
[2.202s] running install_lib
[2.203s] byte-compiling /home/igor/Code/Modulo8/src/install/pond3/lib/python3.10/site-packages/pond3/chatbot.py to chatbot.cpython-310.pyc
[2.205s]   File "/home/igor/Code/Modulo8/src/install/pond3/lib/python3.10/site-packages/pond3/chatbot.py", line 3
[2.206s]     import .dictionary.intent
[2.207s]            ^
[2.208s] SyntaxError: invalid syntax
[2.208s] 
[2.208s] running install_data
[2.209s] running install_egg_info
[2.209s] removing '/home/igor/Code/Modulo8/src/install/pond3/lib/python3.10/site-packages/pond3-0.0.0-py3.10.egg-info' (and everything under it)
[2.209s] Copying ../build/pond3/pond3.egg-info to /home/igor/Code/Modulo8/src/install/pond3/lib/python3.10/site-packages/pond3-0.0.0-py3.10.egg-info
[2.209s] running install_scripts
[2.239s] writing list of installed files to '/home/igor/Code/Modulo8/src/build/pond3/install.log'
[2.377s] Invoked command in '/home/igor/Code/Modulo8/src/pond3' returned '0': PYTHONPATH=/home/igor/Code/Modulo8/src/build/pond3/prefix_override:/home/igor/Code/Modulo8/src/install/pond3/lib/python3.10/site-packages:${PYTHONPATH} /usr/bin/python3 setup.py egg_info --egg-base ../build/pond3 build --build-base /home/igor/Code/Modulo8/src/build/pond3/build install --record /home/igor/Code/Modulo8/src/build/pond3/install.log --single-version-externally-managed
