[1.825s] Invoking command in '/home/igor/Code/Modulo8/src/pond2': PYTHONPATH=/home/igor/Code/Modulo8/src/build/pond2/prefix_override:/home/igor/Code/Modulo8/src/install/pond2/lib/python3.10/site-packages:${PYTHONPATH} /usr/bin/python3 setup.py egg_info --egg-base ../build/pond2 build --build-base /home/igor/Code/Modulo8/src/build/pond2/build install --record /home/igor/Code/Modulo8/src/build/pond2/install.log --single-version-externally-managed
[2.203s] running egg_info
[2.204s] creating ../build/pond2/pond2.egg-info
[2.204s] writing ../build/pond2/pond2.egg-info/PKG-INFO
[2.205s] writing dependency_links to ../build/pond2/pond2.egg-info/dependency_links.txt
[2.205s] writing entry points to ../build/pond2/pond2.egg-info/entry_points.txt
[2.205s] writing requirements to ../build/pond2/pond2.egg-info/requires.txt
[2.205s] writing top-level names to ../build/pond2/pond2.egg-info/top_level.txt
[2.206s] writing manifest file '../build/pond2/pond2.egg-info/SOURCES.txt'
[2.209s] reading manifest file '../build/pond2/pond2.egg-info/SOURCES.txt'
[2.211s] writing manifest file '../build/pond2/pond2.egg-info/SOURCES.txt'
[2.212s] running build
[2.213s] running build_py
[2.213s] creating /home/igor/Code/Modulo8/src/build/pond2/build
[2.213s] creating /home/igor/Code/Modulo8/src/build/pond2/build/lib
[2.213s] creating /home/igor/Code/Modulo8/src/build/pond2/build/lib/pond2
[2.214s] copying pond2/tartabot.py -> /home/igor/Code/Modulo8/src/build/pond2/build/lib/pond2
[2.214s] copying pond2/__init__.py -> /home/igor/Code/Modulo8/src/build/pond2/build/lib/pond2
[2.214s] copying pond2/savemap.py -> /home/igor/Code/Modulo8/src/build/pond2/build/lib/pond2
[2.214s] running install
[2.215s] running install_lib
[2.215s] creating /home/igor/Code/Modulo8/src/install/pond2/lib/python3.10/site-packages/pond2
[2.215s] copying /home/igor/Code/Modulo8/src/build/pond2/build/lib/pond2/tartabot.py -> /home/igor/Code/Modulo8/src/install/pond2/lib/python3.10/site-packages/pond2
[2.215s] copying /home/igor/Code/Modulo8/src/build/pond2/build/lib/pond2/__init__.py -> /home/igor/Code/Modulo8/src/install/pond2/lib/python3.10/site-packages/pond2
[2.216s] copying /home/igor/Code/Modulo8/src/build/pond2/build/lib/pond2/savemap.py -> /home/igor/Code/Modulo8/src/install/pond2/lib/python3.10/site-packages/pond2
[2.216s] byte-compiling /home/igor/Code/Modulo8/src/install/pond2/lib/python3.10/site-packages/pond2/tartabot.py to tartabot.cpython-310.pyc
[2.216s] byte-compiling /home/igor/Code/Modulo8/src/install/pond2/lib/python3.10/site-packages/pond2/__init__.py to __init__.cpython-310.pyc
[2.216s] byte-compiling /home/igor/Code/Modulo8/src/install/pond2/lib/python3.10/site-packages/pond2/savemap.py to savemap.cpython-310.pyc
[2.217s] running install_data
[2.218s] creating /home/igor/Code/Modulo8/src/install/pond2/share/ament_index
[2.218s] creating /home/igor/Code/Modulo8/src/install/pond2/share/ament_index/resource_index
[2.218s] creating /home/igor/Code/Modulo8/src/install/pond2/share/ament_index/resource_index/packages
[2.218s] copying resource/pond2 -> /home/igor/Code/Modulo8/src/install/pond2/share/ament_index/resource_index/packages
[2.218s] copying package.xml -> /home/igor/Code/Modulo8/src/install/pond2/share/pond2
[2.219s] creating /home/igor/Code/Modulo8/src/install/pond2/share/pond2/launch
[2.219s] running install_egg_info
[2.221s] Copying ../build/pond2/pond2.egg-info to /home/igor/Code/Modulo8/src/install/pond2/lib/python3.10/site-packages/pond2-1.0.0-py3.10.egg-info
[2.223s] running install_scripts
[2.251s] Installing savemap script to /home/igor/Code/Modulo8/src/install/pond2/lib/pond2
[2.251s] Installing tartabot script to /home/igor/Code/Modulo8/src/install/pond2/lib/pond2
[2.252s] writing list of installed files to '/home/igor/Code/Modulo8/src/build/pond2/install.log'
[2.372s] Invoked command in '/home/igor/Code/Modulo8/src/pond2' returned '0': PYTHONPATH=/home/igor/Code/Modulo8/src/build/pond2/prefix_override:/home/igor/Code/Modulo8/src/install/pond2/lib/python3.10/site-packages:${PYTHONPATH} /usr/bin/python3 setup.py egg_info --egg-base ../build/pond2 build --build-base /home/igor/Code/Modulo8/src/build/pond2/build install --record /home/igor/Code/Modulo8/src/build/pond2/install.log --single-version-externally-managed
