[1.629s] Invoking command in '/home/igor/Code/Modulo8/src/pond3': PYTHONPATH=/home/igor/Code/Modulo8/build/pond3/prefix_override:/home/igor/Code/Modulo8/install/pond3/lib/python3.10/site-packages:${PYTHONPATH} /usr/bin/python3 setup.py egg_info --egg-base ../../build/pond3 build --build-base /home/igor/Code/Modulo8/build/pond3/build install --record /home/igor/Code/Modulo8/build/pond3/install.log --single-version-externally-managed
[1.987s] running egg_info
[1.988s] writing ../../build/pond3/pond3.egg-info/PKG-INFO
[1.988s] writing dependency_links to ../../build/pond3/pond3.egg-info/dependency_links.txt
[1.989s] writing entry points to ../../build/pond3/pond3.egg-info/entry_points.txt
[1.990s] writing requirements to ../../build/pond3/pond3.egg-info/requires.txt
[1.991s] writing top-level names to ../../build/pond3/pond3.egg-info/top_level.txt
[1.995s] reading manifest file '../../build/pond3/pond3.egg-info/SOURCES.txt'
[1.997s] writing manifest file '../../build/pond3/pond3.egg-info/SOURCES.txt'
[1.997s] running build
[1.997s] running build_py
[1.998s] running install
[1.999s] running install_lib
[2.001s] byte-compiling /home/igor/Code/Modulo8/install/pond3/lib/python3.10/site-packages/pond3/chatbot.py to chatbot.cpython-310.pyc
[2.001s]   File "/home/igor/Code/Modulo8/install/pond3/lib/python3.10/site-packages/pond3/chatbot.py", line 3
[2.002s]     import .dictionary.intent
[2.002s]            ^
[2.002s] SyntaxError: invalid syntax
[2.002s] 
[2.002s] running install_data
[2.002s] running install_egg_info
[2.006s] removing '/home/igor/Code/Modulo8/install/pond3/lib/python3.10/site-packages/pond3-0.0.0-py3.10.egg-info' (and everything under it)
[2.006s] Copying ../../build/pond3/pond3.egg-info to /home/igor/Code/Modulo8/install/pond3/lib/python3.10/site-packages/pond3-0.0.0-py3.10.egg-info
[2.008s] running install_scripts
[2.038s] writing list of installed files to '/home/igor/Code/Modulo8/build/pond3/install.log'
[2.102s] Invoked command in '/home/igor/Code/Modulo8/src/pond3' returned '0': PYTHONPATH=/home/igor/Code/Modulo8/build/pond3/prefix_override:/home/igor/Code/Modulo8/install/pond3/lib/python3.10/site-packages:${PYTHONPATH} /usr/bin/python3 setup.py egg_info --egg-base ../../build/pond3 build --build-base /home/igor/Code/Modulo8/build/pond3/build install --record /home/igor/Code/Modulo8/build/pond3/install.log --single-version-externally-managed
