[3.086s] Invoking command in '/home/igor/Code/Modulo8/src/pond3': PYTHONPATH=/home/igor/Code/Modulo8/build/pond3/prefix_override:/home/igor/Code/Modulo8/install/pond3/lib/python3.10/site-packages:${PYTHONPATH} /usr/bin/python3 setup.py egg_info --egg-base ../../build/pond3 build --build-base /home/igor/Code/Modulo8/build/pond3/build install --record /home/igor/Code/Modulo8/build/pond3/install.log --single-version-externally-managed
[3.891s] running egg_info
[3.899s] writing ../../build/pond3/pond3.egg-info/PKG-INFO
[3.900s] writing dependency_links to ../../build/pond3/pond3.egg-info/dependency_links.txt
[3.902s] writing entry points to ../../build/pond3/pond3.egg-info/entry_points.txt
[3.905s] writing requirements to ../../build/pond3/pond3.egg-info/requires.txt
[3.906s] writing top-level names to ../../build/pond3/pond3.egg-info/top_level.txt
[3.914s] reading manifest file '../../build/pond3/pond3.egg-info/SOURCES.txt'
[3.917s] writing manifest file '../../build/pond3/pond3.egg-info/SOURCES.txt'
[3.919s] running build
[3.919s] running build_py
[3.922s] running install
[3.926s] running install_lib
[3.929s]   File "/home/igor/Code/Modulo8/install/pond3/lib/python3.10/site-packages/pond3/chatbot.py", line 3
[3.930s]     import .dictionary.intent
[3.930s]            ^
[3.930s] SyntaxError: invalid syntax
[3.930s] 
[3.934s] byte-compiling /home/igor/Code/Modulo8/install/pond3/lib/python3.10/site-packages/pond3/chatbot.py to chatbot.cpython-310.pyc
[3.935s] running install_data
[3.937s] running install_egg_info
[3.942s] removing '/home/igor/Code/Modulo8/install/pond3/lib/python3.10/site-packages/pond3-0.0.0-py3.10.egg-info' (and everything under it)
[3.942s] Copying ../../build/pond3/pond3.egg-info to /home/igor/Code/Modulo8/install/pond3/lib/python3.10/site-packages/pond3-0.0.0-py3.10.egg-info
[3.948s] running install_scripts
[4.021s] writing list of installed files to '/home/igor/Code/Modulo8/build/pond3/install.log'
[4.140s] Invoked command in '/home/igor/Code/Modulo8/src/pond3' returned '0': PYTHONPATH=/home/igor/Code/Modulo8/build/pond3/prefix_override:/home/igor/Code/Modulo8/install/pond3/lib/python3.10/site-packages:${PYTHONPATH} /usr/bin/python3 setup.py egg_info --egg-base ../../build/pond3 build --build-base /home/igor/Code/Modulo8/build/pond3/build install --record /home/igor/Code/Modulo8/build/pond3/install.log --single-version-externally-managed
