[1.021s] Invoking command in '/home/igor/Code/Modulo8/src/pond2': PYTHONPATH=/home/igor/Code/Modulo8/src/pond2/build/pond2/prefix_override:/home/igor/Code/Modulo8/src/pond2/install/pond2/lib/python3.10/site-packages:${PYTHONPATH} /usr/bin/python3 setup.py egg_info --egg-base build/pond2 build --build-base /home/igor/Code/Modulo8/src/pond2/build/pond2/build install --record /home/igor/Code/Modulo8/src/pond2/build/pond2/install.log --single-version-externally-managed
[1.366s] running egg_info
[1.367s] creating build/pond2/pond2.egg-info
[1.367s] writing build/pond2/pond2.egg-info/PKG-INFO
[1.368s] writing dependency_links to build/pond2/pond2.egg-info/dependency_links.txt
[1.368s] writing entry points to build/pond2/pond2.egg-info/entry_points.txt
[1.368s] writing requirements to build/pond2/pond2.egg-info/requires.txt
[1.368s] writing top-level names to build/pond2/pond2.egg-info/top_level.txt
[1.369s] writing manifest file 'build/pond2/pond2.egg-info/SOURCES.txt'
[1.372s] reading manifest file 'build/pond2/pond2.egg-info/SOURCES.txt'
[1.373s] writing manifest file 'build/pond2/pond2.egg-info/SOURCES.txt'
[1.373s] running build
[1.373s] running build_py
[1.373s] creating /home/igor/Code/Modulo8/src/pond2/build/pond2/build
[1.373s] creating /home/igor/Code/Modulo8/src/pond2/build/pond2/build/lib
[1.374s] creating /home/igor/Code/Modulo8/src/pond2/build/pond2/build/lib/pond2
[1.374s] copying pond2/tartabot.py -> /home/igor/Code/Modulo8/src/pond2/build/pond2/build/lib/pond2
[1.374s] copying pond2/__init__.py -> /home/igor/Code/Modulo8/src/pond2/build/pond2/build/lib/pond2
[1.374s] copying pond2/savemap.py -> /home/igor/Code/Modulo8/src/pond2/build/pond2/build/lib/pond2
[1.374s] running install
[1.374s] running install_lib
[1.375s] creating /home/igor/Code/Modulo8/src/pond2/install/pond2/lib/python3.10/site-packages/pond2
[1.375s] copying /home/igor/Code/Modulo8/src/pond2/build/pond2/build/lib/pond2/tartabot.py -> /home/igor/Code/Modulo8/src/pond2/install/pond2/lib/python3.10/site-packages/pond2
[1.376s] copying /home/igor/Code/Modulo8/src/pond2/build/pond2/build/lib/pond2/__init__.py -> /home/igor/Code/Modulo8/src/pond2/install/pond2/lib/python3.10/site-packages/pond2
[1.376s] copying /home/igor/Code/Modulo8/src/pond2/build/pond2/build/lib/pond2/savemap.py -> /home/igor/Code/Modulo8/src/pond2/install/pond2/lib/python3.10/site-packages/pond2
[1.376s] byte-compiling /home/igor/Code/Modulo8/src/pond2/install/pond2/lib/python3.10/site-packages/pond2/tartabot.py to tartabot.cpython-310.pyc
[1.377s] byte-compiling /home/igor/Code/Modulo8/src/pond2/install/pond2/lib/python3.10/site-packages/pond2/__init__.py to __init__.cpython-310.pyc
[1.377s] byte-compiling /home/igor/Code/Modulo8/src/pond2/install/pond2/lib/python3.10/site-packages/pond2/savemap.py to savemap.cpython-310.pyc
[1.378s] running install_data
[1.379s] creating /home/igor/Code/Modulo8/src/pond2/install/pond2/share/ament_index
[1.379s] creating /home/igor/Code/Modulo8/src/pond2/install/pond2/share/ament_index/resource_index
[1.379s] creating /home/igor/Code/Modulo8/src/pond2/install/pond2/share/ament_index/resource_index/packages
[1.379s] copying resource/pond2 -> /home/igor/Code/Modulo8/src/pond2/install/pond2/share/ament_index/resource_index/packages
[1.379s] copying package.xml -> /home/igor/Code/Modulo8/src/pond2/install/pond2/share/pond2
[1.380s] creating /home/igor/Code/Modulo8/src/pond2/install/pond2/share/pond2/launch
[1.380s] copying launch/tarta_launch.py -> /home/igor/Code/Modulo8/src/pond2/install/pond2/share/pond2/launch
[1.380s] copying launch/tarta2_launch.py -> /home/igor/Code/Modulo8/src/pond2/install/pond2/share/pond2/launch
[1.380s] copying launch/mapping_launch.py -> /home/igor/Code/Modulo8/src/pond2/install/pond2/share/pond2/launch
[1.380s] running install_egg_info
[1.383s] Copying build/pond2/pond2.egg-info to /home/igor/Code/Modulo8/src/pond2/install/pond2/lib/python3.10/site-packages/pond2-1.0.0-py3.10.egg-info
[1.384s] running install_scripts
[1.409s] Installing savemap script to /home/igor/Code/Modulo8/src/pond2/install/pond2/lib/pond2
[1.410s] Installing tartabot script to /home/igor/Code/Modulo8/src/pond2/install/pond2/lib/pond2
[1.410s] writing list of installed files to '/home/igor/Code/Modulo8/src/pond2/build/pond2/install.log'
[1.445s] Invoked command in '/home/igor/Code/Modulo8/src/pond2' returned '0': PYTHONPATH=/home/igor/Code/Modulo8/src/pond2/build/pond2/prefix_override:/home/igor/Code/Modulo8/src/pond2/install/pond2/lib/python3.10/site-packages:${PYTHONPATH} /usr/bin/python3 setup.py egg_info --egg-base build/pond2 build --build-base /home/igor/Code/Modulo8/src/pond2/build/pond2/build install --record /home/igor/Code/Modulo8/src/pond2/build/pond2/install.log --single-version-externally-managed
