[2.025s] Invoking command in '/home/igor/Code/Modulo8/src/pond3': PYTHONPATH=/home/igor/Code/Modulo8/build/pond3/prefix_override:/home/igor/Code/Modulo8/install/pond3/lib/python3.10/site-packages:${PYTHONPATH} /usr/bin/python3 setup.py egg_info --egg-base ../../build/pond3 build --build-base /home/igor/Code/Modulo8/build/pond3/build install --record /home/igor/Code/Modulo8/build/pond3/install.log --single-version-externally-managed
[2.467s] running egg_info
[2.470s] writing ../../build/pond3/pond3.egg-info/PKG-INFO
[2.470s] writing dependency_links to ../../build/pond3/pond3.egg-info/dependency_links.txt
[2.472s] writing entry points to ../../build/pond3/pond3.egg-info/entry_points.txt
[2.474s] writing requirements to ../../build/pond3/pond3.egg-info/requires.txt
[2.474s] writing top-level names to ../../build/pond3/pond3.egg-info/top_level.txt
[2.479s] reading manifest file '../../build/pond3/pond3.egg-info/SOURCES.txt'
[2.482s] writing manifest file '../../build/pond3/pond3.egg-info/SOURCES.txt'
[2.483s] running build
[2.484s] running build_py
[2.485s] copying pond3/chatbot.py -> /home/igor/Code/Modulo8/build/pond3/build/lib/pond3
[2.485s] running install
[2.485s] running install_lib
[2.486s] copying /home/igor/Code/Modulo8/build/pond3/build/lib/pond3/chatbot.py -> /home/igor/Code/Modulo8/install/pond3/lib/python3.10/site-packages/pond3
[2.487s] byte-compiling /home/igor/Code/Modulo8/install/pond3/lib/python3.10/site-packages/pond3/chatbot.py to chatbot.cpython-310.pyc
[2.488s] running install_data
[2.490s] running install_egg_info
[2.490s] removing '/home/igor/Code/Modulo8/install/pond3/lib/python3.10/site-packages/pond3-0.0.0-py3.10.egg-info' (and everything under it)
[2.490s] Copying ../../build/pond3/pond3.egg-info to /home/igor/Code/Modulo8/install/pond3/lib/python3.10/site-packages/pond3-0.0.0-py3.10.egg-info
[2.493s] running install_scripts
[2.524s] Installing chatbot script to /home/igor/Code/Modulo8/install/pond3/lib/pond3
[2.525s] writing list of installed files to '/home/igor/Code/Modulo8/build/pond3/install.log'
[2.577s] Invoked command in '/home/igor/Code/Modulo8/src/pond3' returned '0': PYTHONPATH=/home/igor/Code/Modulo8/build/pond3/prefix_override:/home/igor/Code/Modulo8/install/pond3/lib/python3.10/site-packages:${PYTHONPATH} /usr/bin/python3 setup.py egg_info --egg-base ../../build/pond3 build --build-base /home/igor/Code/Modulo8/build/pond3/build install --record /home/igor/Code/Modulo8/build/pond3/install.log --single-version-externally-managed
