[2.796s] Invoking command in '/home/igor/Code/Modulo8/src/pond3': PYTHONPATH=/home/igor/Code/Modulo8/src/build/pond3/prefix_override:/home/igor/Code/Modulo8/src/install/pond3/lib/python3.10/site-packages:${PYTHONPATH} /usr/bin/python3 setup.py egg_info --egg-base ../build/pond3 build --build-base /home/igor/Code/Modulo8/src/build/pond3/build install --record /home/igor/Code/Modulo8/src/build/pond3/install.log --single-version-externally-managed
[3.555s] running egg_info
[3.557s] writing ../build/pond3/pond3.egg-info/PKG-INFO
[3.559s] writing dependency_links to ../build/pond3/pond3.egg-info/dependency_links.txt
[3.562s] writing entry points to ../build/pond3/pond3.egg-info/entry_points.txt
[3.564s] writing requirements to ../build/pond3/pond3.egg-info/requires.txt
[3.564s] writing top-level names to ../build/pond3/pond3.egg-info/top_level.txt
[3.571s] reading manifest file '../build/pond3/pond3.egg-info/SOURCES.txt'
[3.574s] writing manifest file '../build/pond3/pond3.egg-info/SOURCES.txt'
[3.574s] running build
[3.575s] running build_py
[3.575s] running install
[3.576s] running install_lib
[3.580s] byte-compiling /home/igor/Code/Modulo8/src/install/pond3/lib/python3.10/site-packages/pond3/chatbot.py to chatbot.cpython-310.pyc
[3.581s]   File "/home/igor/Code/Modulo8/src/install/pond3/lib/python3.10/site-packages/pond3/chatbot.py", line 3
[3.582s]     import .dictionary.intent
[3.588s]            ^
[3.588s] SyntaxError: invalid syntax
[3.588s] 
[3.589s] running install_data
[3.589s] running install_egg_info
[3.593s] removing '/home/igor/Code/Modulo8/src/install/pond3/lib/python3.10/site-packages/pond3-0.0.0-py3.10.egg-info' (and everything under it)
[3.594s] Copying ../build/pond3/pond3.egg-info to /home/igor/Code/Modulo8/src/install/pond3/lib/python3.10/site-packages/pond3-0.0.0-py3.10.egg-info
[3.594s] running install_scripts
[3.647s] writing list of installed files to '/home/igor/Code/Modulo8/src/build/pond3/install.log'
[3.828s] Invoked command in '/home/igor/Code/Modulo8/src/pond3' returned '0': PYTHONPATH=/home/igor/Code/Modulo8/src/build/pond3/prefix_override:/home/igor/Code/Modulo8/src/install/pond3/lib/python3.10/site-packages:${PYTHONPATH} /usr/bin/python3 setup.py egg_info --egg-base ../build/pond3 build --build-base /home/igor/Code/Modulo8/src/build/pond3/build install --record /home/igor/Code/Modulo8/src/build/pond3/install.log --single-version-externally-managed
