[1.565s] Invoking command in '/home/igor/Code/Modulo8/src/pond3': PYTHONPATH=/home/igor/Code/Modulo8/build/pond3/prefix_override:/home/igor/Code/Modulo8/install/pond3/lib/python3.10/site-packages:${PYTHONPATH} /usr/bin/python3 setup.py egg_info --egg-base ../../build/pond3 build --build-base /home/igor/Code/Modulo8/build/pond3/build install --record /home/igor/Code/Modulo8/build/pond3/install.log --single-version-externally-managed
[1.970s] running egg_info
[1.971s] writing ../../build/pond3/pond3.egg-info/PKG-INFO
[1.971s] writing dependency_links to ../../build/pond3/pond3.egg-info/dependency_links.txt
[1.973s] writing entry points to ../../build/pond3/pond3.egg-info/entry_points.txt
[1.974s] writing requirements to ../../build/pond3/pond3.egg-info/requires.txt
[1.975s] writing top-level names to ../../build/pond3/pond3.egg-info/top_level.txt
[1.979s] reading manifest file '../../build/pond3/pond3.egg-info/SOURCES.txt'
[1.981s] writing manifest file '../../build/pond3/pond3.egg-info/SOURCES.txt'
[1.982s] running build
[1.983s] running build_py
[1.983s] running install
[1.983s] running install_lib
[1.985s] byte-compiling /home/igor/Code/Modulo8/install/pond3/lib/python3.10/site-packages/pond3/chatbot.py to chatbot.cpython-310.pyc
[1.986s]   File "/home/igor/Code/Modulo8/install/pond3/lib/python3.10/site-packages/pond3/chatbot.py", line 3
[1.986s]     import .dictionary.intent
[1.986s]            ^
[1.986s] SyntaxError: invalid syntax
[1.987s] 
[1.987s] running install_data
[1.987s] running install_egg_info
[1.990s] removing '/home/igor/Code/Modulo8/install/pond3/lib/python3.10/site-packages/pond3-0.0.0-py3.10.egg-info' (and everything under it)
[1.990s] Copying ../../build/pond3/pond3.egg-info to /home/igor/Code/Modulo8/install/pond3/lib/python3.10/site-packages/pond3-0.0.0-py3.10.egg-info
[1.992s] running install_scripts
[2.030s] writing list of installed files to '/home/igor/Code/Modulo8/build/pond3/install.log'
[2.146s] Invoked command in '/home/igor/Code/Modulo8/src/pond3' returned '0': PYTHONPATH=/home/igor/Code/Modulo8/build/pond3/prefix_override:/home/igor/Code/Modulo8/install/pond3/lib/python3.10/site-packages:${PYTHONPATH} /usr/bin/python3 setup.py egg_info --egg-base ../../build/pond3 build --build-base /home/igor/Code/Modulo8/build/pond3/build install --record /home/igor/Code/Modulo8/build/pond3/install.log --single-version-externally-managed
