[1.746s] Invoking command in '/home/igor/Code/Modulo8/src/pond2': PYTHONPATH=/home/igor/Code/Modulo8/src/pond2/build/pond2/prefix_override:/home/igor/Code/Modulo8/src/pond2/install/pond2/lib/python3.10/site-packages:${PYTHONPATH} /usr/bin/python3 setup.py egg_info --egg-base build/pond2 build --build-base /home/igor/Code/Modulo8/src/pond2/build/pond2/build install --record /home/igor/Code/Modulo8/src/pond2/build/pond2/install.log --single-version-externally-managed
[2.331s] running egg_info
[2.332s] writing build/pond2/pond2.egg-info/PKG-INFO
[2.333s] writing dependency_links to build/pond2/pond2.egg-info/dependency_links.txt
[2.334s] writing entry points to build/pond2/pond2.egg-info/entry_points.txt
[2.336s] writing requirements to build/pond2/pond2.egg-info/requires.txt
[2.336s] writing top-level names to build/pond2/pond2.egg-info/top_level.txt
[2.343s] reading manifest file 'build/pond2/pond2.egg-info/SOURCES.txt'
[2.347s] writing manifest file 'build/pond2/pond2.egg-info/SOURCES.txt'
[2.347s] running build
[2.347s] running build_py
[2.348s] running install
[2.348s] running install_lib
[2.351s] running install_data
[2.352s] copying launch/tarta_launch.py -> /home/igor/Code/Modulo8/src/pond2/install/pond2/share/pond2/launch
[2.352s] copying launch/mapping_launch.py -> /home/igor/Code/Modulo8/src/pond2/install/pond2/share/pond2/launch
[2.352s] running install_egg_info
[2.355s] removing '/home/igor/Code/Modulo8/src/pond2/install/pond2/lib/python3.10/site-packages/pond2-1.0.0-py3.10.egg-info' (and everything under it)
[2.359s] Copying build/pond2/pond2.egg-info to /home/igor/Code/Modulo8/src/pond2/install/pond2/lib/python3.10/site-packages/pond2-1.0.0-py3.10.egg-info
[2.361s] running install_scripts
[2.402s] Installing savemap script to /home/igor/Code/Modulo8/src/pond2/install/pond2/lib/pond2
[2.402s] Installing tartabot script to /home/igor/Code/Modulo8/src/pond2/install/pond2/lib/pond2
[2.405s] writing list of installed files to '/home/igor/Code/Modulo8/src/pond2/build/pond2/install.log'
[2.465s] Invoked command in '/home/igor/Code/Modulo8/src/pond2' returned '0': PYTHONPATH=/home/igor/Code/Modulo8/src/pond2/build/pond2/prefix_override:/home/igor/Code/Modulo8/src/pond2/install/pond2/lib/python3.10/site-packages:${PYTHONPATH} /usr/bin/python3 setup.py egg_info --egg-base build/pond2 build --build-base /home/igor/Code/Modulo8/src/pond2/build/pond2/build install --record /home/igor/Code/Modulo8/src/pond2/build/pond2/install.log --single-version-externally-managed
