[1.261s] Invoking command in '/home/igor/Code/Modulo8/src/pond3': PYTHONPATH=/home/igor/Code/Modulo8/build/pond3/prefix_override:/home/igor/Code/Modulo8/install/pond3/lib/python3.10/site-packages:${PYTHONPATH} /usr/bin/python3 setup.py egg_info --egg-base ../../build/pond3 build --build-base /home/igor/Code/Modulo8/build/pond3/build install --record /home/igor/Code/Modulo8/build/pond3/install.log --single-version-externally-managed
[1.649s] running egg_info
[1.650s] writing ../../build/pond3/pond3.egg-info/PKG-INFO
[1.651s] writing dependency_links to ../../build/pond3/pond3.egg-info/dependency_links.txt
[1.672s] writing entry points to ../../build/pond3/pond3.egg-info/entry_points.txt
[1.673s] writing requirements to ../../build/pond3/pond3.egg-info/requires.txt
[1.674s] writing top-level names to ../../build/pond3/pond3.egg-info/top_level.txt
[1.677s] reading manifest file '../../build/pond3/pond3.egg-info/SOURCES.txt'
[1.679s] writing manifest file '../../build/pond3/pond3.egg-info/SOURCES.txt'
[1.679s] running build
[1.679s] running build_py
[1.680s] copying pond3/chatbot.py -> /home/igor/Code/Modulo8/build/pond3/build/lib/pond3
[1.680s] running install
[1.680s] running install_lib
[1.682s] copying /home/igor/Code/Modulo8/build/pond3/build/lib/pond3/chatbot.py -> /home/igor/Code/Modulo8/install/pond3/lib/python3.10/site-packages/pond3
[1.683s] byte-compiling /home/igor/Code/Modulo8/install/pond3/lib/python3.10/site-packages/pond3/chatbot.py to chatbot.cpython-310.pyc
[1.683s] running install_data
[1.684s] running install_egg_info
[1.687s] removing '/home/igor/Code/Modulo8/install/pond3/lib/python3.10/site-packages/pond3-0.0.0-py3.10.egg-info' (and everything under it)
[1.687s] Copying ../../build/pond3/pond3.egg-info to /home/igor/Code/Modulo8/install/pond3/lib/python3.10/site-packages/pond3-0.0.0-py3.10.egg-info
[1.688s] running install_scripts
[1.716s] Installing chatbot script to /home/igor/Code/Modulo8/install/pond3/lib/pond3
[1.716s] writing list of installed files to '/home/igor/Code/Modulo8/build/pond3/install.log'
[1.751s] Invoked command in '/home/igor/Code/Modulo8/src/pond3' returned '0': PYTHONPATH=/home/igor/Code/Modulo8/build/pond3/prefix_override:/home/igor/Code/Modulo8/install/pond3/lib/python3.10/site-packages:${PYTHONPATH} /usr/bin/python3 setup.py egg_info --egg-base ../../build/pond3 build --build-base /home/igor/Code/Modulo8/build/pond3/build install --record /home/igor/Code/Modulo8/build/pond3/install.log --single-version-externally-managed
