[1.726s] Invoking command in '/home/igor/Code/Modulo8/src/pond2': PYTHONPATH=/home/igor/Code/Modulo8/build/pond2/prefix_override:/home/igor/Code/Modulo8/install/pond2/lib/python3.10/site-packages:${PYTHONPATH} /usr/bin/python3 setup.py egg_info --egg-base ../../build/pond2 build --build-base /home/igor/Code/Modulo8/build/pond2/build install --record /home/igor/Code/Modulo8/build/pond2/install.log --single-version-externally-managed
[2.084s] running egg_info
[2.085s] writing ../../build/pond2/pond2.egg-info/PKG-INFO
[2.085s] writing dependency_links to ../../build/pond2/pond2.egg-info/dependency_links.txt
[2.087s] writing entry points to ../../build/pond2/pond2.egg-info/entry_points.txt
[2.088s] writing requirements to ../../build/pond2/pond2.egg-info/requires.txt
[2.088s] writing top-level names to ../../build/pond2/pond2.egg-info/top_level.txt
[2.093s] reading manifest file '../../build/pond2/pond2.egg-info/SOURCES.txt'
[2.095s] writing manifest file '../../build/pond2/pond2.egg-info/SOURCES.txt'
[2.097s] running build
[2.097s] running build_py
[2.097s] copying pond2/teleop.py -> /home/igor/Code/Modulo8/build/pond2/build/lib/pond2
[2.098s] running install
[2.098s] running install_lib
[2.100s] copying /home/igor/Code/Modulo8/build/pond2/build/lib/pond2/teleop.py -> /home/igor/Code/Modulo8/install/pond2/lib/python3.10/site-packages/pond2
[2.101s] byte-compiling /home/igor/Code/Modulo8/install/pond2/lib/python3.10/site-packages/pond2/teleop.py to teleop.cpython-310.pyc
[2.102s] running install_data
[2.103s] running install_egg_info
[2.107s] removing '/home/igor/Code/Modulo8/install/pond2/lib/python3.10/site-packages/pond2-1.0.0-py3.10.egg-info' (and everything under it)
[2.107s] Copying ../../build/pond2/pond2.egg-info to /home/igor/Code/Modulo8/install/pond2/lib/python3.10/site-packages/pond2-1.0.0-py3.10.egg-info
[2.109s] running install_scripts
[2.150s] Installing tartabot script to /home/igor/Code/Modulo8/install/pond2/lib/pond2
[2.150s] Installing teleop script to /home/igor/Code/Modulo8/install/pond2/lib/pond2
[2.152s] writing list of installed files to '/home/igor/Code/Modulo8/build/pond2/install.log'
[2.213s] Invoked command in '/home/igor/Code/Modulo8/src/pond2' returned '0': PYTHONPATH=/home/igor/Code/Modulo8/build/pond2/prefix_override:/home/igor/Code/Modulo8/install/pond2/lib/python3.10/site-packages:${PYTHONPATH} /usr/bin/python3 setup.py egg_info --egg-base ../../build/pond2 build --build-base /home/igor/Code/Modulo8/build/pond2/build install --record /home/igor/Code/Modulo8/build/pond2/install.log --single-version-externally-managed
