[1.654s] Invoking command in '/home/igor/Code/Modulo8/src/pond2': PYTHONPATH=/home/igor/Code/Modulo8/src/build/pond2/prefix_override:/home/igor/Code/Modulo8/src/install/pond2/lib/python3.10/site-packages:${PYTHONPATH} /usr/bin/python3 setup.py egg_info --egg-base ../build/pond2 build --build-base /home/igor/Code/Modulo8/src/build/pond2/build install --record /home/igor/Code/Modulo8/src/build/pond2/install.log --single-version-externally-managed
[2.017s] running egg_info
[2.018s] writing ../build/pond2/pond2.egg-info/PKG-INFO
[2.021s] writing dependency_links to ../build/pond2/pond2.egg-info/dependency_links.txt
[2.022s] writing entry points to ../build/pond2/pond2.egg-info/entry_points.txt
[2.025s] writing requirements to ../build/pond2/pond2.egg-info/requires.txt
[2.026s] writing top-level names to ../build/pond2/pond2.egg-info/top_level.txt
[2.030s] reading manifest file '../build/pond2/pond2.egg-info/SOURCES.txt'
[2.032s] writing manifest file '../build/pond2/pond2.egg-info/SOURCES.txt'
[2.033s] running build
[2.035s] running build_py
[2.036s] copying pond2/tartabot.py -> /home/igor/Code/Modulo8/src/build/pond2/build/lib/pond2
[2.036s] running install
[2.036s] running install_lib
[2.037s] copying /home/igor/Code/Modulo8/src/build/pond2/build/lib/pond2/tartabot.py -> /home/igor/Code/Modulo8/src/install/pond2/lib/python3.10/site-packages/pond2
[2.039s] byte-compiling /home/igor/Code/Modulo8/src/install/pond2/lib/python3.10/site-packages/pond2/tartabot.py to tartabot.cpython-310.pyc
[2.039s] running install_data
[2.042s] copying launch/tarta_launch.py -> /home/igor/Code/Modulo8/src/install/pond2/share/pond2/launch
[2.042s] copying launch/mapping_launch.py -> /home/igor/Code/Modulo8/src/install/pond2/share/pond2/launch
[2.042s] running install_egg_info
[2.044s] removing '/home/igor/Code/Modulo8/src/install/pond2/lib/python3.10/site-packages/pond2-1.0.0-py3.10.egg-info' (and everything under it)
[2.045s] Copying ../build/pond2/pond2.egg-info to /home/igor/Code/Modulo8/src/install/pond2/lib/python3.10/site-packages/pond2-1.0.0-py3.10.egg-info
[2.046s] running install_scripts
[2.074s] Installing savemap script to /home/igor/Code/Modulo8/src/install/pond2/lib/pond2
[2.074s] Installing tartabot script to /home/igor/Code/Modulo8/src/install/pond2/lib/pond2
[2.076s] writing list of installed files to '/home/igor/Code/Modulo8/src/build/pond2/install.log'
[2.129s] Invoked command in '/home/igor/Code/Modulo8/src/pond2' returned '0': PYTHONPATH=/home/igor/Code/Modulo8/src/build/pond2/prefix_override:/home/igor/Code/Modulo8/src/install/pond2/lib/python3.10/site-packages:${PYTHONPATH} /usr/bin/python3 setup.py egg_info --egg-base ../build/pond2 build --build-base /home/igor/Code/Modulo8/src/build/pond2/build install --record /home/igor/Code/Modulo8/src/build/pond2/install.log --single-version-externally-managed
