[2.970s] Invoking command in '/home/igor/Code/Modulo8/src/pond3': PYTHONPATH=/home/igor/Code/Modulo8/src/build/pond3/prefix_override:/home/igor/Code/Modulo8/src/install/pond3/lib/python3.10/site-packages:${PYTHONPATH} /usr/bin/python3 setup.py egg_info --egg-base ../build/pond3 build --build-base /home/igor/Code/Modulo8/src/build/pond3/build install --record /home/igor/Code/Modulo8/src/build/pond3/install.log --single-version-externally-managed
[3.765s] running egg_info
[3.766s] writing ../build/pond3/pond3.egg-info/PKG-INFO
[3.769s] writing dependency_links to ../build/pond3/pond3.egg-info/dependency_links.txt
[3.770s] writing entry points to ../build/pond3/pond3.egg-info/entry_points.txt
[3.771s] writing requirements to ../build/pond3/pond3.egg-info/requires.txt
[3.771s] writing top-level names to ../build/pond3/pond3.egg-info/top_level.txt
[3.775s] reading manifest file '../build/pond3/pond3.egg-info/SOURCES.txt'
[3.778s] writing manifest file '../build/pond3/pond3.egg-info/SOURCES.txt'
[3.779s] running build
[3.779s] running build_py
[3.779s] running install
[3.779s] running install_lib
[3.784s] byte-compiling /home/igor/Code/Modulo8/src/install/pond3/lib/python3.10/site-packages/pond3/chatbot.py to chatbot.cpython-310.pyc
[3.785s]   File "/home/igor/Code/Modulo8/src/install/pond3/lib/python3.10/site-packages/pond3/chatbot.py", line 3
[3.785s]     import .dictionary.intent
[3.786s]            ^
[3.786s] SyntaxError: invalid syntax
[3.786s] 
[3.786s] running install_data
[3.786s] running install_egg_info
[3.791s] removing '/home/igor/Code/Modulo8/src/install/pond3/lib/python3.10/site-packages/pond3-0.0.0-py3.10.egg-info' (and everything under it)
[3.791s] Copying ../build/pond3/pond3.egg-info to /home/igor/Code/Modulo8/src/install/pond3/lib/python3.10/site-packages/pond3-0.0.0-py3.10.egg-info
[3.799s] running install_scripts
[3.850s] writing list of installed files to '/home/igor/Code/Modulo8/src/build/pond3/install.log'
[3.948s] Invoked command in '/home/igor/Code/Modulo8/src/pond3' returned '0': PYTHONPATH=/home/igor/Code/Modulo8/src/build/pond3/prefix_override:/home/igor/Code/Modulo8/src/install/pond3/lib/python3.10/site-packages:${PYTHONPATH} /usr/bin/python3 setup.py egg_info --egg-base ../build/pond3 build --build-base /home/igor/Code/Modulo8/src/build/pond3/build install --record /home/igor/Code/Modulo8/src/build/pond3/install.log --single-version-externally-managed
