[1.587s] Invoking command in '/home/igor/Code/Modulo8/src/pond2': PYTHONPATH=/home/igor/Code/Modulo8/build/pond2/prefix_override:/home/igor/Code/Modulo8/install/pond2/lib/python3.10/site-packages:${PYTHONPATH} /usr/bin/python3 setup.py egg_info --egg-base ../../build/pond2 build --build-base /home/igor/Code/Modulo8/build/pond2/build install --record /home/igor/Code/Modulo8/build/pond2/install.log --single-version-externally-managed
[1.967s] running egg_info
[1.967s] writing ../../build/pond2/pond2.egg-info/PKG-INFO
[1.975s] writing dependency_links to ../../build/pond2/pond2.egg-info/dependency_links.txt
[1.977s] writing entry points to ../../build/pond2/pond2.egg-info/entry_points.txt
[1.979s] writing requirements to ../../build/pond2/pond2.egg-info/requires.txt
[1.997s] writing top-level names to ../../build/pond2/pond2.egg-info/top_level.txt
[2.003s] reading manifest file '../../build/pond2/pond2.egg-info/SOURCES.txt'
[2.005s] writing manifest file '../../build/pond2/pond2.egg-info/SOURCES.txt'
[2.008s] running build
[2.009s] running build_py
[2.009s] copying pond2/teleop.py -> /home/igor/Code/Modulo8/build/pond2/build/lib/pond2
[2.010s] running install
[2.011s] running install_lib
[2.012s] copying /home/igor/Code/Modulo8/build/pond2/build/lib/pond2/teleop.py -> /home/igor/Code/Modulo8/install/pond2/lib/python3.10/site-packages/pond2
[2.013s] byte-compiling /home/igor/Code/Modulo8/install/pond2/lib/python3.10/site-packages/pond2/teleop.py to teleop.cpython-310.pyc
[2.014s] running install_data
[2.016s] copying launch/tarta_launch.py -> /home/igor/Code/Modulo8/install/pond2/share/pond2/launch
[2.016s] copying launch/mapping_launch.py -> /home/igor/Code/Modulo8/install/pond2/share/pond2/launch
[2.016s] running install_egg_info
[2.019s] removing '/home/igor/Code/Modulo8/install/pond2/lib/python3.10/site-packages/pond2-1.0.0-py3.10.egg-info' (and everything under it)
[2.020s] Copying ../../build/pond2/pond2.egg-info to /home/igor/Code/Modulo8/install/pond2/lib/python3.10/site-packages/pond2-1.0.0-py3.10.egg-info
[2.021s] running install_scripts
[2.051s] Installing tartabot script to /home/igor/Code/Modulo8/install/pond2/lib/pond2
[2.051s] Installing teleop script to /home/igor/Code/Modulo8/install/pond2/lib/pond2
[2.052s] writing list of installed files to '/home/igor/Code/Modulo8/build/pond2/install.log'
[2.092s] Invoked command in '/home/igor/Code/Modulo8/src/pond2' returned '0': PYTHONPATH=/home/igor/Code/Modulo8/build/pond2/prefix_override:/home/igor/Code/Modulo8/install/pond2/lib/python3.10/site-packages:${PYTHONPATH} /usr/bin/python3 setup.py egg_info --egg-base ../../build/pond2 build --build-base /home/igor/Code/Modulo8/build/pond2/build install --record /home/igor/Code/Modulo8/build/pond2/install.log --single-version-externally-managed
