[1.094s] Invoking command in '/home/igor/Code/Modulo8/src/pond2': PYTHONPATH=/home/igor/Code/Modulo8/build/pond2/prefix_override:/home/igor/Code/Modulo8/install/pond2/lib/python3.10/site-packages:${PYTHONPATH} /usr/bin/python3 setup.py egg_info --egg-base ../../build/pond2 build --build-base /home/igor/Code/Modulo8/build/pond2/build install --record /home/igor/Code/Modulo8/build/pond2/install.log --single-version-externally-managed
[1.441s] running egg_info
[1.442s] writing ../../build/pond2/pond2.egg-info/PKG-INFO
[1.443s] writing dependency_links to ../../build/pond2/pond2.egg-info/dependency_links.txt
[1.444s] writing entry points to ../../build/pond2/pond2.egg-info/entry_points.txt
[1.445s] writing requirements to ../../build/pond2/pond2.egg-info/requires.txt
[1.446s] writing top-level names to ../../build/pond2/pond2.egg-info/top_level.txt
[1.450s] reading manifest file '../../build/pond2/pond2.egg-info/SOURCES.txt'
[1.451s] writing manifest file '../../build/pond2/pond2.egg-info/SOURCES.txt'
[1.451s] running build
[1.451s] running build_py
[1.452s] running install
[1.453s] running install_lib
[1.455s] running install_data
[1.456s] running install_egg_info
[1.458s] removing '/home/igor/Code/Modulo8/install/pond2/lib/python3.10/site-packages/pond2-1.0.0-py3.10.egg-info' (and everything under it)
[1.458s] Copying ../../build/pond2/pond2.egg-info to /home/igor/Code/Modulo8/install/pond2/lib/python3.10/site-packages/pond2-1.0.0-py3.10.egg-info
[1.460s] running install_scripts
[1.485s] Installing tartabot script to /home/igor/Code/Modulo8/install/pond2/lib/pond2
[1.485s] Installing teleop script to /home/igor/Code/Modulo8/install/pond2/lib/pond2
[1.486s] writing list of installed files to '/home/igor/Code/Modulo8/build/pond2/install.log'
[1.519s] Invoked command in '/home/igor/Code/Modulo8/src/pond2' returned '0': PYTHONPATH=/home/igor/Code/Modulo8/build/pond2/prefix_override:/home/igor/Code/Modulo8/install/pond2/lib/python3.10/site-packages:${PYTHONPATH} /usr/bin/python3 setup.py egg_info --egg-base ../../build/pond2 build --build-base /home/igor/Code/Modulo8/build/pond2/build install --record /home/igor/Code/Modulo8/build/pond2/install.log --single-version-externally-managed
