[1.823s] Invoking command in '/home/igor/Code/Modulo8/src/pond2': PYTHONPATH=/home/igor/Code/Modulo8/build/pond2/prefix_override:/home/igor/Code/Modulo8/install/pond2/lib/python3.10/site-packages:${PYTHONPATH} /usr/bin/python3 setup.py egg_info --egg-base ../../build/pond2 build --build-base /home/igor/Code/Modulo8/build/pond2/build install --record /home/igor/Code/Modulo8/build/pond2/install.log --single-version-externally-managed
[2.208s] running egg_info
[2.209s] writing ../../build/pond2/pond2.egg-info/PKG-INFO
[2.209s] writing dependency_links to ../../build/pond2/pond2.egg-info/dependency_links.txt
[2.218s] writing entry points to ../../build/pond2/pond2.egg-info/entry_points.txt
[2.221s] writing requirements to ../../build/pond2/pond2.egg-info/requires.txt
[2.221s] writing top-level names to ../../build/pond2/pond2.egg-info/top_level.txt
[2.226s] reading manifest file '../../build/pond2/pond2.egg-info/SOURCES.txt'
[2.228s] writing manifest file '../../build/pond2/pond2.egg-info/SOURCES.txt'
[2.229s] running build
[2.229s] running build_py
[2.229s] copying pond2/savemap.py -> /home/igor/Code/Modulo8/build/pond2/build/lib/pond2
[2.229s] running install
[2.230s] running install_lib
[2.231s] copying /home/igor/Code/Modulo8/build/pond2/build/lib/pond2/savemap.py -> /home/igor/Code/Modulo8/install/pond2/lib/python3.10/site-packages/pond2
[2.232s] byte-compiling /home/igor/Code/Modulo8/install/pond2/lib/python3.10/site-packages/pond2/savemap.py to savemap.cpython-310.pyc
[2.237s] running install_data
[2.238s] running install_egg_info
[2.238s] removing '/home/igor/Code/Modulo8/install/pond2/lib/python3.10/site-packages/pond2-1.0.0-py3.10.egg-info' (and everything under it)
[2.239s] Copying ../../build/pond2/pond2.egg-info to /home/igor/Code/Modulo8/install/pond2/lib/python3.10/site-packages/pond2-1.0.0-py3.10.egg-info
[2.241s] running install_scripts
[2.269s] Installing savemap script to /home/igor/Code/Modulo8/install/pond2/lib/pond2
[2.269s] Installing tartabot script to /home/igor/Code/Modulo8/install/pond2/lib/pond2
[2.271s] writing list of installed files to '/home/igor/Code/Modulo8/build/pond2/install.log'
[2.393s] Invoked command in '/home/igor/Code/Modulo8/src/pond2' returned '0': PYTHONPATH=/home/igor/Code/Modulo8/build/pond2/prefix_override:/home/igor/Code/Modulo8/install/pond2/lib/python3.10/site-packages:${PYTHONPATH} /usr/bin/python3 setup.py egg_info --egg-base ../../build/pond2 build --build-base /home/igor/Code/Modulo8/build/pond2/build install --record /home/igor/Code/Modulo8/build/pond2/install.log --single-version-externally-managed
