[2.953s] Invoking command in '/home/igor/Code/Modulo8/src/pond2': PYTHONPATH=/home/igor/Code/Modulo8/src/build/pond2/prefix_override:/home/igor/Code/Modulo8/src/install/pond2/lib/python3.10/site-packages:${PYTHONPATH} /usr/bin/python3 setup.py egg_info --egg-base ../build/pond2 build --build-base /home/igor/Code/Modulo8/src/build/pond2/build install --record /home/igor/Code/Modulo8/src/build/pond2/install.log --single-version-externally-managed
[3.663s] running egg_info
[3.663s] writing ../build/pond2/pond2.egg-info/PKG-INFO
[3.664s] writing dependency_links to ../build/pond2/pond2.egg-info/dependency_links.txt
[3.664s] writing entry points to ../build/pond2/pond2.egg-info/entry_points.txt
[3.666s] writing requirements to ../build/pond2/pond2.egg-info/requires.txt
[3.667s] writing top-level names to ../build/pond2/pond2.egg-info/top_level.txt
[3.674s] reading manifest file '../build/pond2/pond2.egg-info/SOURCES.txt'
[3.676s] writing manifest file '../build/pond2/pond2.egg-info/SOURCES.txt'
[3.677s] running build
[3.677s] running build_py
[3.677s] running install
[3.678s] running install_lib
[3.680s] running install_data
[3.681s] running install_egg_info
[3.688s] removing '/home/igor/Code/Modulo8/src/install/pond2/lib/python3.10/site-packages/pond2-1.0.0-py3.10.egg-info' (and everything under it)
[3.688s] Copying ../build/pond2/pond2.egg-info to /home/igor/Code/Modulo8/src/install/pond2/lib/python3.10/site-packages/pond2-1.0.0-py3.10.egg-info
[3.690s] running install_scripts
[3.740s] Installing savemap script to /home/igor/Code/Modulo8/src/install/pond2/lib/pond2
[3.741s] Installing tartabot script to /home/igor/Code/Modulo8/src/install/pond2/lib/pond2
[3.744s] writing list of installed files to '/home/igor/Code/Modulo8/src/build/pond2/install.log'
[3.832s] Invoked command in '/home/igor/Code/Modulo8/src/pond2' returned '0': PYTHONPATH=/home/igor/Code/Modulo8/src/build/pond2/prefix_override:/home/igor/Code/Modulo8/src/install/pond2/lib/python3.10/site-packages:${PYTHONPATH} /usr/bin/python3 setup.py egg_info --egg-base ../build/pond2 build --build-base /home/igor/Code/Modulo8/src/build/pond2/build install --record /home/igor/Code/Modulo8/src/build/pond2/install.log --single-version-externally-managed
