[2.107s] Invoking command in '/home/igor/Code/Modulo8/src/pond2': PYTHONPATH=/home/igor/Code/Modulo8/build/pond2/prefix_override:/home/igor/Code/Modulo8/install/pond2/lib/python3.10/site-packages:${PYTHONPATH} /usr/bin/python3 setup.py egg_info --egg-base ../../build/pond2 build --build-base /home/igor/Code/Modulo8/build/pond2/build install --record /home/igor/Code/Modulo8/build/pond2/install.log --single-version-externally-managed
[2.553s] running egg_info
[2.554s] writing ../../build/pond2/pond2.egg-info/PKG-INFO
[2.555s] writing dependency_links to ../../build/pond2/pond2.egg-info/dependency_links.txt
[2.557s] writing entry points to ../../build/pond2/pond2.egg-info/entry_points.txt
[2.557s] writing requirements to ../../build/pond2/pond2.egg-info/requires.txt
[2.558s] writing top-level names to ../../build/pond2/pond2.egg-info/top_level.txt
[2.563s] reading manifest file '../../build/pond2/pond2.egg-info/SOURCES.txt'
[2.565s] writing manifest file '../../build/pond2/pond2.egg-info/SOURCES.txt'
[2.566s] running build
[2.566s] running build_py
[2.566s] running install
[2.567s] running install_lib
[2.569s] running install_data
[2.570s] copying launch/tarta2_launch.py -> /home/igor/Code/Modulo8/install/pond2/share/pond2/launch
[2.570s] running install_egg_info
[2.573s] removing '/home/igor/Code/Modulo8/install/pond2/lib/python3.10/site-packages/pond2-1.0.0-py3.10.egg-info' (and everything under it)
[2.574s] Copying ../../build/pond2/pond2.egg-info to /home/igor/Code/Modulo8/install/pond2/lib/python3.10/site-packages/pond2-1.0.0-py3.10.egg-info
[2.575s] running install_scripts
[2.603s] Installing savemap script to /home/igor/Code/Modulo8/install/pond2/lib/pond2
[2.604s] Installing tartabot script to /home/igor/Code/Modulo8/install/pond2/lib/pond2
[2.605s] writing list of installed files to '/home/igor/Code/Modulo8/build/pond2/install.log'
[2.662s] Invoked command in '/home/igor/Code/Modulo8/src/pond2' returned '0': PYTHONPATH=/home/igor/Code/Modulo8/build/pond2/prefix_override:/home/igor/Code/Modulo8/install/pond2/lib/python3.10/site-packages:${PYTHONPATH} /usr/bin/python3 setup.py egg_info --egg-base ../../build/pond2 build --build-base /home/igor/Code/Modulo8/build/pond2/build install --record /home/igor/Code/Modulo8/build/pond2/install.log --single-version-externally-managed
