[1.120s] Invoking command in '/home/igor/Code/Modulo8/src/pond2': PYTHONPATH=/home/igor/Code/Modulo8/build/pond2/prefix_override:/home/igor/Code/Modulo8/install/pond2/lib/python3.10/site-packages:${PYTHONPATH} /usr/bin/python3 setup.py egg_info --egg-base ../../build/pond2 build --build-base /home/igor/Code/Modulo8/build/pond2/build install --record /home/igor/Code/Modulo8/build/pond2/install.log --single-version-externally-managed
[1.465s] running egg_info
[1.466s] writing ../../build/pond2/pond2.egg-info/PKG-INFO
[1.466s] writing dependency_links to ../../build/pond2/pond2.egg-info/dependency_links.txt
[1.471s] writing entry points to ../../build/pond2/pond2.egg-info/entry_points.txt
[1.472s] writing requirements to ../../build/pond2/pond2.egg-info/requires.txt
[1.473s] writing top-level names to ../../build/pond2/pond2.egg-info/top_level.txt
[1.477s] reading manifest file '../../build/pond2/pond2.egg-info/SOURCES.txt'
[1.478s] writing manifest file '../../build/pond2/pond2.egg-info/SOURCES.txt'
[1.478s] running build
[1.479s] running build_py
[1.479s] copying pond2/teleop.py -> /home/igor/Code/Modulo8/build/pond2/build/lib/pond2
[1.479s] running install
[1.480s] running install_lib
[1.481s] copying /home/igor/Code/Modulo8/build/pond2/build/lib/pond2/teleop.py -> /home/igor/Code/Modulo8/install/pond2/lib/python3.10/site-packages/pond2
[1.482s] byte-compiling /home/igor/Code/Modulo8/install/pond2/lib/python3.10/site-packages/pond2/teleop.py to teleop.cpython-310.pyc
[1.483s] running install_data
[1.484s] copying launch/mapping_launch.py -> /home/igor/Code/Modulo8/install/pond2/share/pond2/launch
[1.484s] running install_egg_info
[1.487s] removing '/home/igor/Code/Modulo8/install/pond2/lib/python3.10/site-packages/pond2-1.0.0-py3.10.egg-info' (and everything under it)
[1.487s] Copying ../../build/pond2/pond2.egg-info to /home/igor/Code/Modulo8/install/pond2/lib/python3.10/site-packages/pond2-1.0.0-py3.10.egg-info
[1.489s] running install_scripts
[1.518s] Installing tartabot script to /home/igor/Code/Modulo8/install/pond2/lib/pond2
[1.518s] Installing teleop script to /home/igor/Code/Modulo8/install/pond2/lib/pond2
[1.520s] writing list of installed files to '/home/igor/Code/Modulo8/build/pond2/install.log'
[1.556s] Invoked command in '/home/igor/Code/Modulo8/src/pond2' returned '0': PYTHONPATH=/home/igor/Code/Modulo8/build/pond2/prefix_override:/home/igor/Code/Modulo8/install/pond2/lib/python3.10/site-packages:${PYTHONPATH} /usr/bin/python3 setup.py egg_info --egg-base ../../build/pond2 build --build-base /home/igor/Code/Modulo8/build/pond2/build install --record /home/igor/Code/Modulo8/build/pond2/install.log --single-version-externally-managed
