[2.975s] Invoking command in '/home/igor/Code/Modulo8/src/pond2': PYTHONPATH=/home/igor/Code/Modulo8/build/pond2/prefix_override:/home/igor/Code/Modulo8/install/pond2/lib/python3.10/site-packages:${PYTHONPATH} /usr/bin/python3 setup.py egg_info --egg-base ../../build/pond2 build --build-base /home/igor/Code/Modulo8/build/pond2/build install --record /home/igor/Code/Modulo8/build/pond2/install.log --single-version-externally-managed
[3.320s] running egg_info
[3.321s] writing ../../build/pond2/pond2.egg-info/PKG-INFO
[3.323s] writing dependency_links to ../../build/pond2/pond2.egg-info/dependency_links.txt
[3.325s] writing entry points to ../../build/pond2/pond2.egg-info/entry_points.txt
[3.329s] writing requirements to ../../build/pond2/pond2.egg-info/requires.txt
[3.331s] writing top-level names to ../../build/pond2/pond2.egg-info/top_level.txt
[3.337s] reading manifest file '../../build/pond2/pond2.egg-info/SOURCES.txt'
[3.339s] writing manifest file '../../build/pond2/pond2.egg-info/SOURCES.txt'
[3.339s] running build
[3.339s] running build_py
[3.344s] running install
[3.344s] running install_lib
[3.348s] running install_data
[3.354s] copying launch/tarta_launch.py -> /home/igor/Code/Modulo8/install/pond2/share/pond2/launch
[3.356s] running install_egg_info
[3.359s] removing '/home/igor/Code/Modulo8/install/pond2/lib/python3.10/site-packages/pond2-1.0.0-py3.10.egg-info' (and everything under it)
[3.359s] Copying ../../build/pond2/pond2.egg-info to /home/igor/Code/Modulo8/install/pond2/lib/python3.10/site-packages/pond2-1.0.0-py3.10.egg-info
[3.362s] running install_scripts
[3.402s] Installing savemap script to /home/igor/Code/Modulo8/install/pond2/lib/pond2
[3.403s] Installing tartabot script to /home/igor/Code/Modulo8/install/pond2/lib/pond2
[3.404s] writing list of installed files to '/home/igor/Code/Modulo8/build/pond2/install.log'
[3.611s] Invoked command in '/home/igor/Code/Modulo8/src/pond2' returned '0': PYTHONPATH=/home/igor/Code/Modulo8/build/pond2/prefix_override:/home/igor/Code/Modulo8/install/pond2/lib/python3.10/site-packages:${PYTHONPATH} /usr/bin/python3 setup.py egg_info --egg-base ../../build/pond2 build --build-base /home/igor/Code/Modulo8/build/pond2/build install --record /home/igor/Code/Modulo8/build/pond2/install.log --single-version-externally-managed
