[3.185s] Invoking command in '/home/igor/Code/Modulo8/src/pond3': PYTHONPATH=/home/igor/Code/Modulo8/build/pond3/prefix_override:/home/igor/Code/Modulo8/install/pond3/lib/python3.10/site-packages:${PYTHONPATH} /usr/bin/python3 setup.py egg_info --egg-base ../../build/pond3 build --build-base /home/igor/Code/Modulo8/build/pond3/build install --record /home/igor/Code/Modulo8/build/pond3/install.log --single-version-externally-managed
[3.801s] running egg_info
[3.802s] writing ../../build/pond3/pond3.egg-info/PKG-INFO
[3.802s] writing dependency_links to ../../build/pond3/pond3.egg-info/dependency_links.txt
[3.803s] writing entry points to ../../build/pond3/pond3.egg-info/entry_points.txt
[3.808s] writing requirements to ../../build/pond3/pond3.egg-info/requires.txt
[3.809s] writing top-level names to ../../build/pond3/pond3.egg-info/top_level.txt
[3.811s] reading manifest file '../../build/pond3/pond3.egg-info/SOURCES.txt'
[3.813s] writing manifest file '../../build/pond3/pond3.egg-info/SOURCES.txt'
[3.813s] running build
[3.814s] running build_py
[3.814s] running install
[3.814s] running install_lib
[3.817s] running install_data
[3.818s] running install_egg_info
[3.824s] removing '/home/igor/Code/Modulo8/install/pond3/lib/python3.10/site-packages/pond3-0.0.0-py3.10.egg-info' (and everything under it)
[3.825s] Copying ../../build/pond3/pond3.egg-info to /home/igor/Code/Modulo8/install/pond3/lib/python3.10/site-packages/pond3-0.0.0-py3.10.egg-info
[3.827s] running install_scripts
[3.878s] Installing chatbot script to /home/igor/Code/Modulo8/install/pond3/lib/pond3
[3.878s] writing list of installed files to '/home/igor/Code/Modulo8/build/pond3/install.log'
[4.088s] Invoked command in '/home/igor/Code/Modulo8/src/pond3' returned '0': PYTHONPATH=/home/igor/Code/Modulo8/build/pond3/prefix_override:/home/igor/Code/Modulo8/install/pond3/lib/python3.10/site-packages:${PYTHONPATH} /usr/bin/python3 setup.py egg_info --egg-base ../../build/pond3 build --build-base /home/igor/Code/Modulo8/build/pond3/build install --record /home/igor/Code/Modulo8/build/pond3/install.log --single-version-externally-managed
