running egg_info
creating ../../../build/tartabot/tartabot.egg-info
writing ../../../build/tartabot/tartabot.egg-info/PKG-INFO
writing dependency_links to ../../../build/tartabot/tartabot.egg-info/dependency_links.txt
writing entry points to ../../../build/tartabot/tartabot.egg-info/entry_points.txt
writing requirements to ../../../build/tartabot/tartabot.egg-info/requires.txt
writing top-level names to ../../../build/tartabot/tartabot.egg-info/top_level.txt
writing manifest file '../../../build/tartabot/tartabot.egg-info/SOURCES.txt'
reading manifest file '../../../build/tartabot/tartabot.egg-info/SOURCES.txt'
writing manifest file '../../../build/tartabot/tartabot.egg-info/SOURCES.txt'
running build
running build_py
creating /home/igor/Code/Modulo8/build/tartabot/build
creating /home/igor/Code/Modulo8/build/tartabot/build/lib
creating /home/igor/Code/Modulo8/build/tartabot/build/lib/tartabot
copying tartabot/tartabot.py -> /home/igor/Code/Modulo8/build/tartabot/build/lib/tartabot
copying tartabot/__init__.py -> /home/igor/Code/Modulo8/build/tartabot/build/lib/tartabot
running install
/usr/lib/python3/dist-packages/setuptools/command/install.py:34: SetuptoolsDeprecationWarning: setup.py install is deprecated. Use build and pip and other standards-based tools.
  warnings.warn(
running install_lib
creating /home/igor/Code/Modulo8/install/tartabot/lib/python3.10/site-packages/tartabot
copying /home/igor/Code/Modulo8/build/tartabot/build/lib/tartabot/tartabot.py -> /home/igor/Code/Modulo8/install/tartabot/lib/python3.10/site-packages/tartabot
copying /home/igor/Code/Modulo8/build/tartabot/build/lib/tartabot/__init__.py -> /home/igor/Code/Modulo8/install/tartabot/lib/python3.10/site-packages/tartabot
byte-compiling /home/igor/Code/Modulo8/install/tartabot/lib/python3.10/site-packages/tartabot/tartabot.py to tartabot.cpython-310.pyc
byte-compiling /home/igor/Code/Modulo8/install/tartabot/lib/python3.10/site-packages/tartabot/__init__.py to __init__.cpython-310.pyc
running install_data
creating /home/igor/Code/Modulo8/install/tartabot/share/ament_index
creating /home/igor/Code/Modulo8/install/tartabot/share/ament_index/resource_index
creating /home/igor/Code/Modulo8/install/tartabot/share/ament_index/resource_index/packages
copying resource/tartabot -> /home/igor/Code/Modulo8/install/tartabot/share/ament_index/resource_index/packages
copying package.xml -> /home/igor/Code/Modulo8/install/tartabot/share/tartabot
running install_egg_info
Copying ../../../build/tartabot/tartabot.egg-info to /home/igor/Code/Modulo8/install/tartabot/lib/python3.10/site-packages/tartabot-1.0.0-py3.10.egg-info
running install_scripts
Installing tartabot script to /home/igor/Code/Modulo8/install/tartabot/lib/tartabot
writing list of installed files to '/home/igor/Code/Modulo8/build/tartabot/install.log'
