[1.826s] Invoking command in '/home/igor/Code/Modulo8/pond2/src/tartabot': PYTHONPATH=/home/igor/Code/Modulo8/build/tartabot/prefix_override:/home/igor/Code/Modulo8/install/tartabot/lib/python3.10/site-packages:${PYTHONPATH} /usr/bin/python3 setup.py egg_info --egg-base ../../../build/tartabot build --build-base /home/igor/Code/Modulo8/build/tartabot/build install --record /home/igor/Code/Modulo8/build/tartabot/install.log --single-version-externally-managed
[2.156s] running egg_info
[2.157s] creating ../../../build/tartabot/tartabot.egg-info
[2.158s] writing ../../../build/tartabot/tartabot.egg-info/PKG-INFO
[2.158s] writing dependency_links to ../../../build/tartabot/tartabot.egg-info/dependency_links.txt
[2.158s] writing entry points to ../../../build/tartabot/tartabot.egg-info/entry_points.txt
[2.158s] writing requirements to ../../../build/tartabot/tartabot.egg-info/requires.txt
[2.159s] writing top-level names to ../../../build/tartabot/tartabot.egg-info/top_level.txt
[2.159s] writing manifest file '../../../build/tartabot/tartabot.egg-info/SOURCES.txt'
[2.162s] reading manifest file '../../../build/tartabot/tartabot.egg-info/SOURCES.txt'
[2.163s] writing manifest file '../../../build/tartabot/tartabot.egg-info/SOURCES.txt'
[2.163s] running build
[2.163s] running build_py
[2.164s] creating /home/igor/Code/Modulo8/build/tartabot/build
[2.164s] creating /home/igor/Code/Modulo8/build/tartabot/build/lib
[2.164s] creating /home/igor/Code/Modulo8/build/tartabot/build/lib/tartabot
[2.164s] copying tartabot/tartabot.py -> /home/igor/Code/Modulo8/build/tartabot/build/lib/tartabot
[2.164s] copying tartabot/__init__.py -> /home/igor/Code/Modulo8/build/tartabot/build/lib/tartabot
[2.164s] running install
[2.165s] /usr/lib/python3/dist-packages/setuptools/command/install.py:34: SetuptoolsDeprecationWarning: setup.py install is deprecated. Use build and pip and other standards-based tools.
[2.165s]   warnings.warn(
[2.166s] running install_lib
[2.167s] creating /home/igor/Code/Modulo8/install/tartabot/lib/python3.10/site-packages/tartabot
[2.167s] copying /home/igor/Code/Modulo8/build/tartabot/build/lib/tartabot/tartabot.py -> /home/igor/Code/Modulo8/install/tartabot/lib/python3.10/site-packages/tartabot
[2.167s] copying /home/igor/Code/Modulo8/build/tartabot/build/lib/tartabot/__init__.py -> /home/igor/Code/Modulo8/install/tartabot/lib/python3.10/site-packages/tartabot
[2.168s] byte-compiling /home/igor/Code/Modulo8/install/tartabot/lib/python3.10/site-packages/tartabot/tartabot.py to tartabot.cpython-310.pyc
[2.169s] byte-compiling /home/igor/Code/Modulo8/install/tartabot/lib/python3.10/site-packages/tartabot/__init__.py to __init__.cpython-310.pyc
[2.169s] running install_data
[2.170s] creating /home/igor/Code/Modulo8/install/tartabot/share/ament_index
[2.170s] creating /home/igor/Code/Modulo8/install/tartabot/share/ament_index/resource_index
[2.170s] creating /home/igor/Code/Modulo8/install/tartabot/share/ament_index/resource_index/packages
[2.171s] copying resource/tartabot -> /home/igor/Code/Modulo8/install/tartabot/share/ament_index/resource_index/packages
[2.171s] copying package.xml -> /home/igor/Code/Modulo8/install/tartabot/share/tartabot
[2.171s] running install_egg_info
[2.173s] Copying ../../../build/tartabot/tartabot.egg-info to /home/igor/Code/Modulo8/install/tartabot/lib/python3.10/site-packages/tartabot-1.0.0-py3.10.egg-info
[2.175s] running install_scripts
[2.202s] Installing tartabot script to /home/igor/Code/Modulo8/install/tartabot/lib/tartabot
[2.202s] writing list of installed files to '/home/igor/Code/Modulo8/build/tartabot/install.log'
[2.236s] Invoked command in '/home/igor/Code/Modulo8/pond2/src/tartabot' returned '0': PYTHONPATH=/home/igor/Code/Modulo8/build/tartabot/prefix_override:/home/igor/Code/Modulo8/install/tartabot/lib/python3.10/site-packages:${PYTHONPATH} /usr/bin/python3 setup.py egg_info --egg-base ../../../build/tartabot build --build-base /home/igor/Code/Modulo8/build/tartabot/build install --record /home/igor/Code/Modulo8/build/tartabot/install.log --single-version-externally-managed
