[1.372s] DEBUG:colcon:Command line arguments: ['/usr/bin/colcon', 'build', '--packages-select', 'pond2']
[1.373s] DEBUG:colcon:Parsed command line arguments: Namespace(log_base=None, log_level=None, verb_name='build', build_base='build', install_base='install', merge_install=False, symlink_install=False, test_result_base=None, continue_on_error=False, executor='parallel', parallel_workers=4, event_handlers=None, ignore_user_meta=False, metas=['./colcon.meta'], base_paths=['.'], packages_ignore=None, packages_ignore_regex=None, paths=None, packages_up_to=None, packages_up_to_regex=None, packages_above=None, packages_above_and_dependencies=None, packages_above_depth=None, packages_select_by_dep=None, packages_skip_by_dep=None, packages_skip_up_to=None, packages_select_build_failed=False, packages_skip_build_finished=False, packages_select_test_failures=False, packages_skip_test_passed=False, packages_select=['pond2'], packages_skip=None, packages_select_regex=None, packages_skip_regex=None, packages_start=None, packages_end=None, allow_overriding=[], cmake_args=None, cmake_target=None, cmake_target_skip_unavailable=False, cmake_clean_cache=False, cmake_clean_first=False, cmake_force_configure=False, ament_cmake_args=None, catkin_cmake_args=None, catkin_skip_building_tests=False, verb_parser=<colcon_defaults.argument_parser.defaults.DefaultArgumentsDecorator object at 0x7f542815e6e0>, verb_extension=<colcon_core.verb.build.BuildVerb object at 0x7f54283a6b60>, main=<bound method BuildVerb.main of <colcon_core.verb.build.BuildVerb object at 0x7f54283a6b60>>)
[1.435s] Level 1:colcon.colcon_core.package_discovery:discover_packages(colcon_meta) check parameters
[1.435s] Level 1:colcon.colcon_core.package_discovery:discover_packages(recursive) check parameters
[1.435s] Level 1:colcon.colcon_core.package_discovery:discover_packages(ignore) check parameters
[1.435s] Level 1:colcon.colcon_core.package_discovery:discover_packages(path) check parameters
[1.435s] Level 1:colcon.colcon_core.package_discovery:discover_packages(colcon_meta) discover
[1.435s] Level 1:colcon.colcon_core.package_discovery:discover_packages(recursive) discover
[1.435s] INFO:colcon.colcon_core.package_discovery:Crawling recursively for packages in '/home/igor/Code/Modulo8/src/pond2'
[1.435s] Level 1:colcon.colcon_core.package_identification:_identify(.) by extensions ['ignore', 'ignore_ament_install']
[1.435s] Level 1:colcon.colcon_core.package_identification:_identify(.) by extension 'ignore'
[1.436s] Level 1:colcon.colcon_core.package_identification:_identify(.) by extension 'ignore_ament_install'
[1.436s] Level 1:colcon.colcon_core.package_identification:_identify(.) by extensions ['colcon_pkg']
[1.436s] Level 1:colcon.colcon_core.package_identification:_identify(.) by extension 'colcon_pkg'
[1.436s] Level 1:colcon.colcon_core.package_identification:_identify(.) by extensions ['colcon_meta']
[1.436s] Level 1:colcon.colcon_core.package_identification:_identify(.) by extension 'colcon_meta'
[1.436s] Level 1:colcon.colcon_core.package_identification:_identify(.) by extensions ['ros']
[1.436s] Level 1:colcon.colcon_core.package_identification:_identify(.) by extension 'ros'
[1.453s] DEBUG:colcon.colcon_core.package_identification:Package '.' with type 'ros.ament_python' and name 'pond2'
[1.453s] Level 1:colcon.colcon_core.package_discovery:discover_packages(recursive) using defaults
[1.453s] Level 1:colcon.colcon_core.package_discovery:discover_packages(ignore) discover
[1.453s] Level 1:colcon.colcon_core.package_discovery:discover_packages(ignore) using defaults
[1.453s] Level 1:colcon.colcon_core.package_discovery:discover_packages(path) discover
[1.453s] Level 1:colcon.colcon_core.package_discovery:discover_packages(path) using defaults
[1.576s] Level 1:colcon.colcon_core.package_discovery:discover_packages(prefix_path) check parameters
[1.576s] Level 1:colcon.colcon_core.package_discovery:discover_packages(prefix_path) discover
[1.617s] DEBUG:colcon.colcon_installed_package_information.package_discovery:Found 3 installed packages in /home/igor/Code/Modulo8/install
[1.638s] DEBUG:colcon.colcon_installed_package_information.package_discovery:Found 399 installed packages in /opt/ros/humble
[1.651s] Level 1:colcon.colcon_core.package_discovery:discover_packages(prefix_path) using defaults
[1.798s] Level 5:colcon.colcon_core.verb:set package 'pond2' build argument 'cmake_args' from command line to 'None'
[1.798s] Level 5:colcon.colcon_core.verb:set package 'pond2' build argument 'cmake_target' from command line to 'None'
[1.798s] Level 5:colcon.colcon_core.verb:set package 'pond2' build argument 'cmake_target_skip_unavailable' from command line to 'False'
[1.798s] Level 5:colcon.colcon_core.verb:set package 'pond2' build argument 'cmake_clean_cache' from command line to 'False'
[1.798s] Level 5:colcon.colcon_core.verb:set package 'pond2' build argument 'cmake_clean_first' from command line to 'False'
[1.798s] Level 5:colcon.colcon_core.verb:set package 'pond2' build argument 'cmake_force_configure' from command line to 'False'
[1.798s] Level 5:colcon.colcon_core.verb:set package 'pond2' build argument 'ament_cmake_args' from command line to 'None'
[1.798s] Level 5:colcon.colcon_core.verb:set package 'pond2' build argument 'catkin_cmake_args' from command line to 'None'
[1.798s] Level 5:colcon.colcon_core.verb:set package 'pond2' build argument 'catkin_skip_building_tests' from command line to 'False'
[1.798s] DEBUG:colcon.colcon_core.verb:Building package 'pond2' with the following arguments: {'ament_cmake_args': None, 'build_base': '/home/igor/Code/Modulo8/src/pond2/build/pond2', 'catkin_cmake_args': None, 'catkin_skip_building_tests': False, 'cmake_args': None, 'cmake_clean_cache': False, 'cmake_clean_first': False, 'cmake_force_configure': False, 'cmake_target': None, 'cmake_target_skip_unavailable': False, 'install_base': '/home/igor/Code/Modulo8/src/pond2/install/pond2', 'merge_install': False, 'path': '/home/igor/Code/Modulo8/src/pond2', 'symlink_install': False, 'test_result_base': None}
[1.818s] INFO:colcon.colcon_core.executor:Executing jobs using 'parallel' executor
[1.838s] DEBUG:colcon.colcon_parallel_executor.executor.parallel:run_until_complete
[1.839s] INFO:colcon.colcon_ros.task.ament_python.build:Building ROS package in '/home/igor/Code/Modulo8/src/pond2' with build type 'ament_python'
[1.839s] Level 1:colcon.colcon_core.shell:create_environment_hook('pond2', 'ament_prefix_path')
[1.862s] INFO:colcon.colcon_core.plugin_system:Skipping extension 'colcon_core.shell.bat': Not used on non-Windows systems
[1.862s] INFO:colcon.colcon_core.shell:Creating environment hook '/home/igor/Code/Modulo8/src/pond2/install/pond2/share/pond2/hook/ament_prefix_path.ps1'
[1.863s] INFO:colcon.colcon_core.shell:Creating environment descriptor '/home/igor/Code/Modulo8/src/pond2/install/pond2/share/pond2/hook/ament_prefix_path.dsv'
[1.866s] INFO:colcon.colcon_core.shell:Creating environment hook '/home/igor/Code/Modulo8/src/pond2/install/pond2/share/pond2/hook/ament_prefix_path.sh'
[1.889s] INFO:colcon.colcon_core.shell:Skip shell extension 'powershell' for command environment: Not usable outside of PowerShell
[1.889s] DEBUG:colcon.colcon_core.shell:Skip shell extension 'dsv' for command environment
[2.332s] INFO:colcon.colcon_core.task.python.build:Building Python package in '/home/igor/Code/Modulo8/src/pond2'
[2.353s] INFO:colcon.colcon_core.shell:Skip shell extension 'powershell' for command environment: Not usable outside of PowerShell
[2.353s] DEBUG:colcon.colcon_core.shell:Skip shell extension 'dsv' for command environment
[2.919s] DEBUG:colcon.colcon_core.event_handler.log_command:Invoking command in '/home/igor/Code/Modulo8/src/pond2': PYTHONPATH=/home/igor/Code/Modulo8/src/pond2/build/pond2/prefix_override:/home/igor/Code/Modulo8/src/pond2/install/pond2/lib/python3.10/site-packages:${PYTHONPATH} /usr/bin/python3 setup.py egg_info --egg-base build/pond2 build --build-base /home/igor/Code/Modulo8/src/pond2/build/pond2/build install --record /home/igor/Code/Modulo8/src/pond2/build/pond2/install.log --single-version-externally-managed
[3.346s] DEBUG:colcon.colcon_core.event_handler.log_command:Invoked command in '/home/igor/Code/Modulo8/src/pond2' returned '0': PYTHONPATH=/home/igor/Code/Modulo8/src/pond2/build/pond2/prefix_override:/home/igor/Code/Modulo8/src/pond2/install/pond2/lib/python3.10/site-packages:${PYTHONPATH} /usr/bin/python3 setup.py egg_info --egg-base build/pond2 build --build-base /home/igor/Code/Modulo8/src/pond2/build/pond2/build install --record /home/igor/Code/Modulo8/src/pond2/build/pond2/install.log --single-version-externally-managed
[3.369s] Level 1:colcon.colcon_core.environment:checking '/home/igor/Code/Modulo8/src/pond2/install/pond2' for CMake module files
[3.370s] Level 1:colcon.colcon_core.environment:checking '/home/igor/Code/Modulo8/src/pond2/install/pond2' for CMake config files
[3.371s] Level 1:colcon.colcon_core.environment:checking '/home/igor/Code/Modulo8/src/pond2/install/pond2/lib'
[3.371s] Level 1:colcon.colcon_core.environment:checking '/home/igor/Code/Modulo8/src/pond2/install/pond2/bin'
[3.371s] Level 1:colcon.colcon_core.environment:checking '/home/igor/Code/Modulo8/src/pond2/install/pond2/lib/pkgconfig/pond2.pc'
[3.372s] Level 1:colcon.colcon_core.environment:checking '/home/igor/Code/Modulo8/src/pond2/install/pond2/lib/python3.10/site-packages'
[3.372s] Level 1:colcon.colcon_core.shell:create_environment_hook('pond2', 'pythonpath')
[3.392s] INFO:colcon.colcon_core.shell:Creating environment hook '/home/igor/Code/Modulo8/src/pond2/install/pond2/share/pond2/hook/pythonpath.ps1'
[3.393s] INFO:colcon.colcon_core.shell:Creating environment descriptor '/home/igor/Code/Modulo8/src/pond2/install/pond2/share/pond2/hook/pythonpath.dsv'
[3.394s] INFO:colcon.colcon_core.shell:Creating environment hook '/home/igor/Code/Modulo8/src/pond2/install/pond2/share/pond2/hook/pythonpath.sh'
[3.395s] Level 1:colcon.colcon_core.environment:checking '/home/igor/Code/Modulo8/src/pond2/install/pond2/bin'
[3.396s] Level 1:colcon.colcon_core.environment:create_environment_scripts_only(pond2)
[3.416s] INFO:colcon.colcon_core.shell:Creating package script '/home/igor/Code/Modulo8/src/pond2/install/pond2/share/pond2/package.ps1'
[3.417s] INFO:colcon.colcon_core.shell:Creating package descriptor '/home/igor/Code/Modulo8/src/pond2/install/pond2/share/pond2/package.dsv'
[3.418s] INFO:colcon.colcon_core.shell:Creating package script '/home/igor/Code/Modulo8/src/pond2/install/pond2/share/pond2/package.sh'
[3.419s] INFO:colcon.colcon_core.shell:Creating package script '/home/igor/Code/Modulo8/src/pond2/install/pond2/share/pond2/package.bash'
[3.420s] INFO:colcon.colcon_core.shell:Creating package script '/home/igor/Code/Modulo8/src/pond2/install/pond2/share/pond2/package.zsh'
[3.421s] Level 1:colcon.colcon_core.environment:create_file_with_runtime_dependencies(/home/igor/Code/Modulo8/src/pond2/install/pond2/share/colcon-core/packages/pond2)
[3.423s] DEBUG:colcon.colcon_parallel_executor.executor.parallel:closing loop
[3.424s] DEBUG:colcon.colcon_parallel_executor.executor.parallel:loop closed
[3.424s] DEBUG:colcon.colcon_parallel_executor.executor.parallel:run_until_complete finished with '0'
[3.424s] DEBUG:colcon.colcon_core.event_reactor:joining thread
[3.452s] INFO:colcon.colcon_core.plugin_system:Skipping extension 'colcon_notification.desktop_notification.terminal_notifier': Not used on non-Darwin systems
[3.452s] INFO:colcon.colcon_core.plugin_system:Skipping extension 'colcon_notification.desktop_notification.win32': Not used on non-Windows systems
[3.452s] INFO:colcon.colcon_notification.desktop_notification:Sending desktop notification using 'notify2'
[3.467s] DEBUG:colcon.colcon_core.event_reactor:joined thread
[3.488s] INFO:colcon.colcon_core.shell:Creating prefix script '/home/igor/Code/Modulo8/src/pond2/install/local_setup.ps1'
[3.490s] INFO:colcon.colcon_core.shell:Creating prefix util module '/home/igor/Code/Modulo8/src/pond2/install/_local_setup_util_ps1.py'
[3.494s] INFO:colcon.colcon_core.shell:Creating prefix chain script '/home/igor/Code/Modulo8/src/pond2/install/setup.ps1'
[3.516s] INFO:colcon.colcon_core.shell:Creating prefix script '/home/igor/Code/Modulo8/src/pond2/install/local_setup.sh'
[3.517s] INFO:colcon.colcon_core.shell:Creating prefix util module '/home/igor/Code/Modulo8/src/pond2/install/_local_setup_util_sh.py'
[3.518s] INFO:colcon.colcon_core.shell:Creating prefix chain script '/home/igor/Code/Modulo8/src/pond2/install/setup.sh'
[3.543s] INFO:colcon.colcon_core.shell:Creating prefix script '/home/igor/Code/Modulo8/src/pond2/install/local_setup.bash'
[3.545s] INFO:colcon.colcon_core.shell:Creating prefix chain script '/home/igor/Code/Modulo8/src/pond2/install/setup.bash'
[3.570s] INFO:colcon.colcon_core.shell:Creating prefix script '/home/igor/Code/Modulo8/src/pond2/install/local_setup.zsh'
[3.571s] INFO:colcon.colcon_core.shell:Creating prefix chain script '/home/igor/Code/Modulo8/src/pond2/install/setup.zsh'
