[8.960s] DEBUG:colcon:Command line arguments: ['/usr/bin/colcon', 'build']
[8.960s] DEBUG:colcon:Parsed command line arguments: Namespace(log_base=None, log_level=None, verb_name='build', build_base='build', install_base='install', merge_install=False, symlink_install=False, test_result_base=None, continue_on_error=False, executor='parallel', parallel_workers=4, event_handlers=None, ignore_user_meta=False, metas=['./colcon.meta'], base_paths=['.'], packages_ignore=None, packages_ignore_regex=None, paths=None, packages_up_to=None, packages_up_to_regex=None, packages_above=None, packages_above_and_dependencies=None, packages_above_depth=None, packages_select_by_dep=None, packages_skip_by_dep=None, packages_skip_up_to=None, packages_select_build_failed=False, packages_skip_build_finished=False, packages_select_test_failures=False, packages_skip_test_passed=False, packages_select=None, packages_skip=None, packages_select_regex=None, packages_skip_regex=None, packages_start=None, packages_end=None, allow_overriding=[], cmake_args=None, cmake_target=None, cmake_target_skip_unavailable=False, cmake_clean_cache=False, cmake_clean_first=False, cmake_force_configure=False, ament_cmake_args=None, catkin_cmake_args=None, catkin_skip_building_tests=False, verb_parser=<colcon_defaults.argument_parser.defaults.DefaultArgumentsDecorator object at 0x7fad823ecb80>, verb_extension=<colcon_core.verb.build.BuildVerb object at 0x7fad826365c0>, main=<bound method BuildVerb.main of <colcon_core.verb.build.BuildVerb object at 0x7fad826365c0>>)
[9.396s] Level 1:colcon.colcon_core.package_discovery:discover_packages(colcon_meta) check parameters
[9.397s] Level 1:colcon.colcon_core.package_discovery:discover_packages(recursive) check parameters
[9.398s] Level 1:colcon.colcon_core.package_discovery:discover_packages(ignore) check parameters
[9.398s] Level 1:colcon.colcon_core.package_discovery:discover_packages(path) check parameters
[9.399s] Level 1:colcon.colcon_core.package_discovery:discover_packages(colcon_meta) discover
[9.399s] Level 1:colcon.colcon_core.package_discovery:discover_packages(recursive) discover
[9.399s] INFO:colcon.colcon_core.package_discovery:Crawling recursively for packages in '/home/igor/Code/Modulo8/src'
[9.400s] Level 1:colcon.colcon_core.package_identification:_identify(.) by extensions ['ignore', 'ignore_ament_install']
[9.400s] Level 1:colcon.colcon_core.package_identification:_identify(.) by extension 'ignore'
[9.401s] Level 1:colcon.colcon_core.package_identification:_identify(.) by extension 'ignore_ament_install'
[9.401s] Level 1:colcon.colcon_core.package_identification:_identify(.) by extensions ['colcon_pkg']
[9.401s] Level 1:colcon.colcon_core.package_identification:_identify(.) by extension 'colcon_pkg'
[9.401s] Level 1:colcon.colcon_core.package_identification:_identify(.) by extensions ['colcon_meta']
[9.401s] Level 1:colcon.colcon_core.package_identification:_identify(.) by extension 'colcon_meta'
[9.401s] Level 1:colcon.colcon_core.package_identification:_identify(.) by extensions ['ros']
[9.401s] Level 1:colcon.colcon_core.package_identification:_identify(.) by extension 'ros'
[9.467s] Level 1:colcon.colcon_core.package_identification:_identify(.) by extensions ['cmake', 'python']
[9.468s] Level 1:colcon.colcon_core.package_identification:_identify(.) by extension 'cmake'
[9.468s] Level 1:colcon.colcon_core.package_identification:_identify(.) by extension 'python'
[9.468s] Level 1:colcon.colcon_core.package_identification:_identify(.) by extensions ['python_setup_py']
[9.469s] Level 1:colcon.colcon_core.package_identification:_identify(.) by extension 'python_setup_py'
[9.474s] Level 1:colcon.colcon_core.package_identification:_identify(build) by extensions ['ignore', 'ignore_ament_install']
[9.475s] Level 1:colcon.colcon_core.package_identification:_identify(build) by extension 'ignore'
[9.475s] Level 1:colcon.colcon_core.package_identification:_identify(build) ignored
[9.476s] Level 1:colcon.colcon_core.package_identification:_identify(install) by extensions ['ignore', 'ignore_ament_install']
[9.478s] Level 1:colcon.colcon_core.package_identification:_identify(install) by extension 'ignore'
[9.479s] Level 1:colcon.colcon_core.package_identification:_identify(install) ignored
[9.480s] Level 1:colcon.colcon_core.package_identification:_identify(log) by extensions ['ignore', 'ignore_ament_install']
[9.481s] Level 1:colcon.colcon_core.package_identification:_identify(log) by extension 'ignore'
[9.481s] Level 1:colcon.colcon_core.package_identification:_identify(log) ignored
[9.482s] Level 1:colcon.colcon_core.package_identification:_identify(pond2) by extensions ['ignore', 'ignore_ament_install']
[9.482s] Level 1:colcon.colcon_core.package_identification:_identify(pond2) by extension 'ignore'
[9.482s] Level 1:colcon.colcon_core.package_identification:_identify(pond2) by extension 'ignore_ament_install'
[9.483s] Level 1:colcon.colcon_core.package_identification:_identify(pond2) by extensions ['colcon_pkg']
[9.483s] Level 1:colcon.colcon_core.package_identification:_identify(pond2) by extension 'colcon_pkg'
[9.483s] Level 1:colcon.colcon_core.package_identification:_identify(pond2) by extensions ['colcon_meta']
[9.483s] Level 1:colcon.colcon_core.package_identification:_identify(pond2) by extension 'colcon_meta'
[9.483s] Level 1:colcon.colcon_core.package_identification:_identify(pond2) by extensions ['ros']
[9.483s] Level 1:colcon.colcon_core.package_identification:_identify(pond2) by extension 'ros'
[9.509s] DEBUG:colcon.colcon_core.package_identification:Package 'pond2' with type 'ros.ament_python' and name 'pond2'
[9.509s] Level 1:colcon.colcon_core.package_identification:_identify(pond3) by extensions ['ignore', 'ignore_ament_install']
[9.510s] Level 1:colcon.colcon_core.package_identification:_identify(pond3) by extension 'ignore'
[9.511s] Level 1:colcon.colcon_core.package_identification:_identify(pond3) by extension 'ignore_ament_install'
[9.511s] Level 1:colcon.colcon_core.package_identification:_identify(pond3) by extensions ['colcon_pkg']
[9.511s] Level 1:colcon.colcon_core.package_identification:_identify(pond3) by extension 'colcon_pkg'
[9.512s] Level 1:colcon.colcon_core.package_identification:_identify(pond3) by extensions ['colcon_meta']
[9.512s] Level 1:colcon.colcon_core.package_identification:_identify(pond3) by extension 'colcon_meta'
[9.512s] Level 1:colcon.colcon_core.package_identification:_identify(pond3) by extensions ['ros']
[9.512s] Level 1:colcon.colcon_core.package_identification:_identify(pond3) by extension 'ros'
[9.513s] DEBUG:colcon.colcon_core.package_identification:Package 'pond3' with type 'ros.ament_python' and name 'pond3'
[9.513s] Level 1:colcon.colcon_core.package_discovery:discover_packages(recursive) using defaults
[9.514s] Level 1:colcon.colcon_core.package_discovery:discover_packages(ignore) discover
[9.514s] Level 1:colcon.colcon_core.package_discovery:discover_packages(ignore) using defaults
[9.514s] Level 1:colcon.colcon_core.package_discovery:discover_packages(path) discover
[9.514s] Level 1:colcon.colcon_core.package_discovery:discover_packages(path) using defaults
[10.364s] Level 1:colcon.colcon_core.package_discovery:discover_packages(prefix_path) check parameters
[10.364s] Level 1:colcon.colcon_core.package_discovery:discover_packages(prefix_path) discover
[10.626s] DEBUG:colcon.colcon_installed_package_information.package_discovery:Found 399 installed packages in /opt/ros/humble
[10.637s] Level 1:colcon.colcon_core.package_discovery:discover_packages(prefix_path) using defaults
[11.645s] Level 5:colcon.colcon_core.verb:set package 'pond2' build argument 'cmake_args' from command line to 'None'
[11.645s] Level 5:colcon.colcon_core.verb:set package 'pond2' build argument 'cmake_target' from command line to 'None'
[11.646s] Level 5:colcon.colcon_core.verb:set package 'pond2' build argument 'cmake_target_skip_unavailable' from command line to 'False'
[11.646s] Level 5:colcon.colcon_core.verb:set package 'pond2' build argument 'cmake_clean_cache' from command line to 'False'
[11.646s] Level 5:colcon.colcon_core.verb:set package 'pond2' build argument 'cmake_clean_first' from command line to 'False'
[11.647s] Level 5:colcon.colcon_core.verb:set package 'pond2' build argument 'cmake_force_configure' from command line to 'False'
[11.647s] Level 5:colcon.colcon_core.verb:set package 'pond2' build argument 'ament_cmake_args' from command line to 'None'
[11.647s] Level 5:colcon.colcon_core.verb:set package 'pond2' build argument 'catkin_cmake_args' from command line to 'None'
[11.647s] Level 5:colcon.colcon_core.verb:set package 'pond2' build argument 'catkin_skip_building_tests' from command line to 'False'
[11.647s] DEBUG:colcon.colcon_core.verb:Building package 'pond2' with the following arguments: {'ament_cmake_args': None, 'build_base': '/home/igor/Code/Modulo8/src/build/pond2', 'catkin_cmake_args': None, 'catkin_skip_building_tests': False, 'cmake_args': None, 'cmake_clean_cache': False, 'cmake_clean_first': False, 'cmake_force_configure': False, 'cmake_target': None, 'cmake_target_skip_unavailable': False, 'install_base': '/home/igor/Code/Modulo8/src/install/pond2', 'merge_install': False, 'path': '/home/igor/Code/Modulo8/src/pond2', 'symlink_install': False, 'test_result_base': None}
[11.784s] Level 5:colcon.colcon_core.verb:set package 'pond3' build argument 'cmake_args' from command line to 'None'
[11.784s] Level 5:colcon.colcon_core.verb:set package 'pond3' build argument 'cmake_target' from command line to 'None'
[11.784s] Level 5:colcon.colcon_core.verb:set package 'pond3' build argument 'cmake_target_skip_unavailable' from command line to 'False'
[11.784s] Level 5:colcon.colcon_core.verb:set package 'pond3' build argument 'cmake_clean_cache' from command line to 'False'
[11.785s] Level 5:colcon.colcon_core.verb:set package 'pond3' build argument 'cmake_clean_first' from command line to 'False'
[11.785s] Level 5:colcon.colcon_core.verb:set package 'pond3' build argument 'cmake_force_configure' from command line to 'False'
[11.785s] Level 5:colcon.colcon_core.verb:set package 'pond3' build argument 'ament_cmake_args' from command line to 'None'
[11.786s] Level 5:colcon.colcon_core.verb:set package 'pond3' build argument 'catkin_cmake_args' from command line to 'None'
[11.787s] Level 5:colcon.colcon_core.verb:set package 'pond3' build argument 'catkin_skip_building_tests' from command line to 'False'
[11.788s] DEBUG:colcon.colcon_core.verb:Building package 'pond3' with the following arguments: {'ament_cmake_args': None, 'build_base': '/home/igor/Code/Modulo8/src/build/pond3', 'catkin_cmake_args': None, 'catkin_skip_building_tests': False, 'cmake_args': None, 'cmake_clean_cache': False, 'cmake_clean_first': False, 'cmake_force_configure': False, 'cmake_target': None, 'cmake_target_skip_unavailable': False, 'install_base': '/home/igor/Code/Modulo8/src/install/pond3', 'merge_install': False, 'path': '/home/igor/Code/Modulo8/src/pond3', 'symlink_install': False, 'test_result_base': None}
[11.949s] INFO:colcon.colcon_core.executor:Executing jobs using 'parallel' executor
[12.087s] DEBUG:colcon.colcon_parallel_executor.executor.parallel:run_until_complete
[12.089s] INFO:colcon.colcon_ros.task.ament_python.build:Building ROS package in '/home/igor/Code/Modulo8/src/pond2' with build type 'ament_python'
[12.089s] Level 1:colcon.colcon_core.shell:create_environment_hook('pond2', 'ament_prefix_path')
[12.288s] INFO:colcon.colcon_core.plugin_system:Skipping extension 'colcon_core.shell.bat': Not used on non-Windows systems
[12.294s] INFO:colcon.colcon_core.shell:Creating environment hook '/home/igor/Code/Modulo8/src/install/pond2/share/pond2/hook/ament_prefix_path.ps1'
[12.301s] INFO:colcon.colcon_core.shell:Creating environment descriptor '/home/igor/Code/Modulo8/src/install/pond2/share/pond2/hook/ament_prefix_path.dsv'
[12.308s] INFO:colcon.colcon_core.shell:Creating environment hook '/home/igor/Code/Modulo8/src/install/pond2/share/pond2/hook/ament_prefix_path.sh'
[12.508s] INFO:colcon.colcon_core.shell:Skip shell extension 'powershell' for command environment: Not usable outside of PowerShell
[12.509s] DEBUG:colcon.colcon_core.shell:Skip shell extension 'dsv' for command environment
[12.868s] INFO:colcon.colcon_ros.task.ament_python.build:Building ROS package in '/home/igor/Code/Modulo8/src/pond3' with build type 'ament_python'
[12.868s] Level 1:colcon.colcon_core.shell:create_environment_hook('pond3', 'ament_prefix_path')
[13.046s] INFO:colcon.colcon_core.shell:Creating environment hook '/home/igor/Code/Modulo8/src/install/pond3/share/pond3/hook/ament_prefix_path.ps1'
[13.047s] INFO:colcon.colcon_core.shell:Creating environment descriptor '/home/igor/Code/Modulo8/src/install/pond3/share/pond3/hook/ament_prefix_path.dsv'
[13.050s] INFO:colcon.colcon_core.shell:Creating environment hook '/home/igor/Code/Modulo8/src/install/pond3/share/pond3/hook/ament_prefix_path.sh'
[13.242s] INFO:colcon.colcon_core.shell:Skip shell extension 'powershell' for command environment: Not usable outside of PowerShell
[13.243s] DEBUG:colcon.colcon_core.shell:Skip shell extension 'dsv' for command environment
[15.877s] INFO:colcon.colcon_core.task.python.build:Building Python package in '/home/igor/Code/Modulo8/src/pond2'
[16.056s] INFO:colcon.colcon_core.shell:Skip shell extension 'powershell' for command environment: Not usable outside of PowerShell
[16.057s] DEBUG:colcon.colcon_core.shell:Skip shell extension 'dsv' for command environment
[18.784s] INFO:colcon.colcon_core.task.python.build:Building Python package in '/home/igor/Code/Modulo8/src/pond3'
[18.958s] INFO:colcon.colcon_core.shell:Skip shell extension 'powershell' for command environment: Not usable outside of PowerShell
[18.958s] DEBUG:colcon.colcon_core.shell:Skip shell extension 'dsv' for command environment
[22.248s] DEBUG:colcon.colcon_core.event_handler.log_command:Invoking command in '/home/igor/Code/Modulo8/src/pond3': PYTHONPATH=/home/igor/Code/Modulo8/src/build/pond3/prefix_override:/home/igor/Code/Modulo8/src/install/pond3/lib/python3.10/site-packages:${PYTHONPATH} /usr/bin/python3 setup.py egg_info --egg-base ../build/pond3 build --build-base /home/igor/Code/Modulo8/src/build/pond3/build install --record /home/igor/Code/Modulo8/src/build/pond3/install.log --single-version-externally-managed
[22.703s] DEBUG:colcon.colcon_core.event_handler.log_command:Invoking command in '/home/igor/Code/Modulo8/src/pond2': PYTHONPATH=/home/igor/Code/Modulo8/src/build/pond2/prefix_override:/home/igor/Code/Modulo8/src/install/pond2/lib/python3.10/site-packages:${PYTHONPATH} /usr/bin/python3 setup.py egg_info --egg-base ../build/pond2 build --build-base /home/igor/Code/Modulo8/src/build/pond2/build install --record /home/igor/Code/Modulo8/src/build/pond2/install.log --single-version-externally-managed
[25.179s] DEBUG:colcon.colcon_core.event_handler.log_command:Invoked command in '/home/igor/Code/Modulo8/src/pond3' returned '0': PYTHONPATH=/home/igor/Code/Modulo8/src/build/pond3/prefix_override:/home/igor/Code/Modulo8/src/install/pond3/lib/python3.10/site-packages:${PYTHONPATH} /usr/bin/python3 setup.py egg_info --egg-base ../build/pond3 build --build-base /home/igor/Code/Modulo8/src/build/pond3/build install --record /home/igor/Code/Modulo8/src/build/pond3/install.log --single-version-externally-managed
[25.418s] Level 1:colcon.colcon_core.environment:checking '/home/igor/Code/Modulo8/src/install/pond3' for CMake module files
[25.422s] Level 1:colcon.colcon_core.environment:checking '/home/igor/Code/Modulo8/src/install/pond3' for CMake config files
[25.430s] Level 1:colcon.colcon_core.environment:checking '/home/igor/Code/Modulo8/src/install/pond3/lib'
[25.432s] Level 1:colcon.colcon_core.environment:checking '/home/igor/Code/Modulo8/src/install/pond3/bin'
[25.433s] Level 1:colcon.colcon_core.environment:checking '/home/igor/Code/Modulo8/src/install/pond3/lib/pkgconfig/pond3.pc'
[25.435s] Level 1:colcon.colcon_core.environment:checking '/home/igor/Code/Modulo8/src/install/pond3/lib/python3.10/site-packages'
[25.435s] Level 1:colcon.colcon_core.shell:create_environment_hook('pond3', 'pythonpath')
[25.581s] INFO:colcon.colcon_core.shell:Creating environment hook '/home/igor/Code/Modulo8/src/install/pond3/share/pond3/hook/pythonpath.ps1'
[25.583s] INFO:colcon.colcon_core.shell:Creating environment descriptor '/home/igor/Code/Modulo8/src/install/pond3/share/pond3/hook/pythonpath.dsv'
[25.584s] INFO:colcon.colcon_core.shell:Creating environment hook '/home/igor/Code/Modulo8/src/install/pond3/share/pond3/hook/pythonpath.sh'
[25.585s] Level 1:colcon.colcon_core.environment:checking '/home/igor/Code/Modulo8/src/install/pond3/bin'
[25.586s] Level 1:colcon.colcon_core.environment:create_environment_scripts_only(pond3)
[25.686s] INFO:colcon.colcon_core.shell:Creating package script '/home/igor/Code/Modulo8/src/install/pond3/share/pond3/package.ps1'
[25.690s] INFO:colcon.colcon_core.shell:Creating package descriptor '/home/igor/Code/Modulo8/src/install/pond3/share/pond3/package.dsv'
[25.697s] INFO:colcon.colcon_core.shell:Creating package script '/home/igor/Code/Modulo8/src/install/pond3/share/pond3/package.sh'
[25.700s] INFO:colcon.colcon_core.shell:Creating package script '/home/igor/Code/Modulo8/src/install/pond3/share/pond3/package.bash'
[25.702s] INFO:colcon.colcon_core.shell:Creating package script '/home/igor/Code/Modulo8/src/install/pond3/share/pond3/package.zsh'
[25.704s] Level 1:colcon.colcon_core.environment:create_file_with_runtime_dependencies(/home/igor/Code/Modulo8/src/install/pond3/share/colcon-core/packages/pond3)
[25.711s] DEBUG:colcon.colcon_core.event_handler.log_command:Invoked command in '/home/igor/Code/Modulo8/src/pond2' returned '0': PYTHONPATH=/home/igor/Code/Modulo8/src/build/pond2/prefix_override:/home/igor/Code/Modulo8/src/install/pond2/lib/python3.10/site-packages:${PYTHONPATH} /usr/bin/python3 setup.py egg_info --egg-base ../build/pond2 build --build-base /home/igor/Code/Modulo8/src/build/pond2/build install --record /home/igor/Code/Modulo8/src/build/pond2/install.log --single-version-externally-managed
[25.825s] Level 1:colcon.colcon_core.environment:checking '/home/igor/Code/Modulo8/src/install/pond2' for CMake module files
[25.827s] Level 1:colcon.colcon_core.environment:checking '/home/igor/Code/Modulo8/src/install/pond2' for CMake config files
[25.837s] Level 1:colcon.colcon_core.environment:checking '/home/igor/Code/Modulo8/src/install/pond2/lib'
[25.837s] Level 1:colcon.colcon_core.environment:checking '/home/igor/Code/Modulo8/src/install/pond2/bin'
[25.838s] Level 1:colcon.colcon_core.environment:checking '/home/igor/Code/Modulo8/src/install/pond2/lib/pkgconfig/pond2.pc'
[25.839s] Level 1:colcon.colcon_core.environment:checking '/home/igor/Code/Modulo8/src/install/pond2/lib/python3.10/site-packages'
[25.840s] Level 1:colcon.colcon_core.shell:create_environment_hook('pond2', 'pythonpath')
[25.959s] INFO:colcon.colcon_core.shell:Creating environment hook '/home/igor/Code/Modulo8/src/install/pond2/share/pond2/hook/pythonpath.ps1'
[25.961s] INFO:colcon.colcon_core.shell:Creating environment descriptor '/home/igor/Code/Modulo8/src/install/pond2/share/pond2/hook/pythonpath.dsv'
[25.964s] INFO:colcon.colcon_core.shell:Creating environment hook '/home/igor/Code/Modulo8/src/install/pond2/share/pond2/hook/pythonpath.sh'
[25.965s] Level 1:colcon.colcon_core.environment:checking '/home/igor/Code/Modulo8/src/install/pond2/bin'
[25.966s] Level 1:colcon.colcon_core.environment:create_environment_scripts_only(pond2)
[26.127s] INFO:colcon.colcon_core.shell:Creating package script '/home/igor/Code/Modulo8/src/install/pond2/share/pond2/package.ps1'
[26.130s] INFO:colcon.colcon_core.shell:Creating package descriptor '/home/igor/Code/Modulo8/src/install/pond2/share/pond2/package.dsv'
[26.138s] INFO:colcon.colcon_core.shell:Creating package script '/home/igor/Code/Modulo8/src/install/pond2/share/pond2/package.sh'
[26.141s] INFO:colcon.colcon_core.shell:Creating package script '/home/igor/Code/Modulo8/src/install/pond2/share/pond2/package.bash'
[26.142s] INFO:colcon.colcon_core.shell:Creating package script '/home/igor/Code/Modulo8/src/install/pond2/share/pond2/package.zsh'
[26.144s] Level 1:colcon.colcon_core.environment:create_file_with_runtime_dependencies(/home/igor/Code/Modulo8/src/install/pond2/share/colcon-core/packages/pond2)
[26.156s] DEBUG:colcon.colcon_parallel_executor.executor.parallel:closing loop
[26.158s] DEBUG:colcon.colcon_parallel_executor.executor.parallel:loop closed
[26.158s] DEBUG:colcon.colcon_parallel_executor.executor.parallel:run_until_complete finished with '0'
[26.159s] DEBUG:colcon.colcon_core.event_reactor:joining thread
[26.382s] INFO:colcon.colcon_core.plugin_system:Skipping extension 'colcon_notification.desktop_notification.terminal_notifier': Not used on non-Darwin systems
[26.382s] INFO:colcon.colcon_core.plugin_system:Skipping extension 'colcon_notification.desktop_notification.win32': Not used on non-Windows systems
[26.382s] INFO:colcon.colcon_notification.desktop_notification:Sending desktop notification using 'notify2'
[26.458s] DEBUG:colcon.colcon_core.event_reactor:joined thread
[26.626s] INFO:colcon.colcon_core.shell:Creating prefix script '/home/igor/Code/Modulo8/src/install/local_setup.ps1'
[26.637s] INFO:colcon.colcon_core.shell:Creating prefix util module '/home/igor/Code/Modulo8/src/install/_local_setup_util_ps1.py'
[26.642s] INFO:colcon.colcon_core.shell:Creating prefix chain script '/home/igor/Code/Modulo8/src/install/setup.ps1'
[26.830s] INFO:colcon.colcon_core.shell:Creating prefix script '/home/igor/Code/Modulo8/src/install/local_setup.sh'
[26.833s] INFO:colcon.colcon_core.shell:Creating prefix util module '/home/igor/Code/Modulo8/src/install/_local_setup_util_sh.py'
[26.841s] INFO:colcon.colcon_core.shell:Creating prefix chain script '/home/igor/Code/Modulo8/src/install/setup.sh'
[27.015s] INFO:colcon.colcon_core.shell:Creating prefix script '/home/igor/Code/Modulo8/src/install/local_setup.bash'
[27.019s] INFO:colcon.colcon_core.shell:Creating prefix chain script '/home/igor/Code/Modulo8/src/install/setup.bash'
[27.158s] INFO:colcon.colcon_core.shell:Creating prefix script '/home/igor/Code/Modulo8/src/install/local_setup.zsh'
[27.166s] INFO:colcon.colcon_core.shell:Creating prefix chain script '/home/igor/Code/Modulo8/src/install/setup.zsh'
