[1.690s] Invoking command in '/home/igor/Code/Modulo8/src/pond2': PYTHONPATH=/home/igor/Code/Modulo8/build/pond2/prefix_override:/home/igor/Code/Modulo8/install/pond2/lib/python3.10/site-packages:${PYTHONPATH} /usr/bin/python3 setup.py egg_info --egg-base ../../build/pond2 build --build-base /home/igor/Code/Modulo8/build/pond2/build install --record /home/igor/Code/Modulo8/build/pond2/install.log --single-version-externally-managed
[2.054s] running egg_info
[2.055s] writing ../../build/pond2/pond2.egg-info/PKG-INFO
[2.055s] writing dependency_links to ../../build/pond2/pond2.egg-info/dependency_links.txt
[2.056s] writing entry points to ../../build/pond2/pond2.egg-info/entry_points.txt
[2.057s] writing requirements to ../../build/pond2/pond2.egg-info/requires.txt
[2.058s] writing top-level names to ../../build/pond2/pond2.egg-info/top_level.txt
[2.063s] reading manifest file '../../build/pond2/pond2.egg-info/SOURCES.txt'
[2.065s] writing manifest file '../../build/pond2/pond2.egg-info/SOURCES.txt'
[2.066s] running build
[2.066s] running build_py
[2.066s] copying pond2/teleop.py -> /home/igor/Code/Modulo8/build/pond2/build/lib/pond2
[2.066s] running install
[2.067s] running install_lib
[2.068s] copying /home/igor/Code/Modulo8/build/pond2/build/lib/pond2/teleop.py -> /home/igor/Code/Modulo8/install/pond2/lib/python3.10/site-packages/pond2
[2.069s] byte-compiling /home/igor/Code/Modulo8/install/pond2/lib/python3.10/site-packages/pond2/teleop.py to teleop.cpython-310.pyc
[2.071s] running install_data
[2.072s] running install_egg_info
[2.075s] removing '/home/igor/Code/Modulo8/install/pond2/lib/python3.10/site-packages/pond2-1.0.0-py3.10.egg-info' (and everything under it)
[2.075s] Copying ../../build/pond2/pond2.egg-info to /home/igor/Code/Modulo8/install/pond2/lib/python3.10/site-packages/pond2-1.0.0-py3.10.egg-info
[2.077s] running install_scripts
[2.117s] Installing tartabot script to /home/igor/Code/Modulo8/install/pond2/lib/pond2
[2.117s] Installing teleop script to /home/igor/Code/Modulo8/install/pond2/lib/pond2
[2.121s] writing list of installed files to '/home/igor/Code/Modulo8/build/pond2/install.log'
[2.172s] Invoked command in '/home/igor/Code/Modulo8/src/pond2' returned '0': PYTHONPATH=/home/igor/Code/Modulo8/build/pond2/prefix_override:/home/igor/Code/Modulo8/install/pond2/lib/python3.10/site-packages:${PYTHONPATH} /usr/bin/python3 setup.py egg_info --egg-base ../../build/pond2 build --build-base /home/igor/Code/Modulo8/build/pond2/build install --record /home/igor/Code/Modulo8/build/pond2/install.log --single-version-externally-managed
