running egg_info
creating ../../build/pond3/pond3.egg-info
writing ../../build/pond3/pond3.egg-info/PKG-INFO
writing dependency_links to ../../build/pond3/pond3.egg-info/dependency_links.txt
writing entry points to ../../build/pond3/pond3.egg-info/entry_points.txt
writing requirements to ../../build/pond3/pond3.egg-info/requires.txt
writing top-level names to ../../build/pond3/pond3.egg-info/top_level.txt
writing manifest file '../../build/pond3/pond3.egg-info/SOURCES.txt'
reading manifest file '../../build/pond3/pond3.egg-info/SOURCES.txt'
writing manifest file '../../build/pond3/pond3.egg-info/SOURCES.txt'
running build
running build_py
creating /home/igor/Code/Modulo8/build/pond3/build
creating /home/igor/Code/Modulo8/build/pond3/build/lib
creating /home/igor/Code/Modulo8/build/pond3/build/lib/pond3
copying pond3/chatbot.py -> /home/igor/Code/Modulo8/build/pond3/build/lib/pond3
copying pond3/__init__.py -> /home/igor/Code/Modulo8/build/pond3/build/lib/pond3
running install
running install_lib
creating /home/igor/Code/Modulo8/install/pond3/lib/python3.10/site-packages/pond3
copying /home/igor/Code/Modulo8/build/pond3/build/lib/pond3/chatbot.py -> /home/igor/Code/Modulo8/install/pond3/lib/python3.10/site-packages/pond3
copying /home/igor/Code/Modulo8/build/pond3/build/lib/pond3/__init__.py -> /home/igor/Code/Modulo8/install/pond3/lib/python3.10/site-packages/pond3
byte-compiling /home/igor/Code/Modulo8/install/pond3/lib/python3.10/site-packages/pond3/chatbot.py to chatbot.cpython-310.pyc
byte-compiling /home/igor/Code/Modulo8/install/pond3/lib/python3.10/site-packages/pond3/__init__.py to __init__.cpython-310.pyc
running install_data
creating /home/igor/Code/Modulo8/install/pond3/share/ament_index
creating /home/igor/Code/Modulo8/install/pond3/share/ament_index/resource_index
creating /home/igor/Code/Modulo8/install/pond3/share/ament_index/resource_index/packages
copying resource/pond3 -> /home/igor/Code/Modulo8/install/pond3/share/ament_index/resource_index/packages
copying package.xml -> /home/igor/Code/Modulo8/install/pond3/share/pond3
running install_egg_info
Copying ../../build/pond3/pond3.egg-info to /home/igor/Code/Modulo8/install/pond3/lib/python3.10/site-packages/pond3-0.0.0-py3.10.egg-info
running install_scripts
writing list of installed files to '/home/igor/Code/Modulo8/build/pond3/install.log'
