[1.769s] Invoking command in '/home/igor/Code/Modulo8/src/pond3': PYTHONPATH=/home/igor/Code/Modulo8/build/pond3/prefix_override:/home/igor/Code/Modulo8/install/pond3/lib/python3.10/site-packages:${PYTHONPATH} /usr/bin/python3 setup.py egg_info --egg-base ../../build/pond3 build --build-base /home/igor/Code/Modulo8/build/pond3/build install --record /home/igor/Code/Modulo8/build/pond3/install.log --single-version-externally-managed
[2.173s] running egg_info
[2.173s] creating ../../build/pond3/pond3.egg-info
[2.174s] writing ../../build/pond3/pond3.egg-info/PKG-INFO
[2.174s] writing dependency_links to ../../build/pond3/pond3.egg-info/dependency_links.txt
[2.174s] writing entry points to ../../build/pond3/pond3.egg-info/entry_points.txt
[2.175s] writing requirements to ../../build/pond3/pond3.egg-info/requires.txt
[2.175s] writing top-level names to ../../build/pond3/pond3.egg-info/top_level.txt
[2.175s] writing manifest file '../../build/pond3/pond3.egg-info/SOURCES.txt'
[2.178s] reading manifest file '../../build/pond3/pond3.egg-info/SOURCES.txt'
[2.180s] writing manifest file '../../build/pond3/pond3.egg-info/SOURCES.txt'
[2.180s] running build
[2.181s] running build_py
[2.181s] creating /home/igor/Code/Modulo8/build/pond3/build
[2.181s] creating /home/igor/Code/Modulo8/build/pond3/build/lib
[2.181s] creating /home/igor/Code/Modulo8/build/pond3/build/lib/pond3
[2.181s] copying pond3/chatbot.py -> /home/igor/Code/Modulo8/build/pond3/build/lib/pond3
[2.182s] copying pond3/__init__.py -> /home/igor/Code/Modulo8/build/pond3/build/lib/pond3
[2.182s] running install
[2.182s] running install_lib
[2.183s] creating /home/igor/Code/Modulo8/install/pond3/lib/python3.10/site-packages/pond3
[2.183s] copying /home/igor/Code/Modulo8/build/pond3/build/lib/pond3/chatbot.py -> /home/igor/Code/Modulo8/install/pond3/lib/python3.10/site-packages/pond3
[2.183s] copying /home/igor/Code/Modulo8/build/pond3/build/lib/pond3/__init__.py -> /home/igor/Code/Modulo8/install/pond3/lib/python3.10/site-packages/pond3
[2.184s] byte-compiling /home/igor/Code/Modulo8/install/pond3/lib/python3.10/site-packages/pond3/chatbot.py to chatbot.cpython-310.pyc
[2.184s] byte-compiling /home/igor/Code/Modulo8/install/pond3/lib/python3.10/site-packages/pond3/__init__.py to __init__.cpython-310.pyc
[2.185s] running install_data
[2.186s] creating /home/igor/Code/Modulo8/install/pond3/share/ament_index
[2.186s] creating /home/igor/Code/Modulo8/install/pond3/share/ament_index/resource_index
[2.186s] creating /home/igor/Code/Modulo8/install/pond3/share/ament_index/resource_index/packages
[2.186s] copying resource/pond3 -> /home/igor/Code/Modulo8/install/pond3/share/ament_index/resource_index/packages
[2.186s] copying package.xml -> /home/igor/Code/Modulo8/install/pond3/share/pond3
[2.187s] running install_egg_info
[2.189s] Copying ../../build/pond3/pond3.egg-info to /home/igor/Code/Modulo8/install/pond3/lib/python3.10/site-packages/pond3-0.0.0-py3.10.egg-info
[2.190s] running install_scripts
[2.223s] writing list of installed files to '/home/igor/Code/Modulo8/build/pond3/install.log'
[2.341s] Invoked command in '/home/igor/Code/Modulo8/src/pond3' returned '0': PYTHONPATH=/home/igor/Code/Modulo8/build/pond3/prefix_override:/home/igor/Code/Modulo8/install/pond3/lib/python3.10/site-packages:${PYTHONPATH} /usr/bin/python3 setup.py egg_info --egg-base ../../build/pond3 build --build-base /home/igor/Code/Modulo8/build/pond3/build install --record /home/igor/Code/Modulo8/build/pond3/install.log --single-version-externally-managed
