[2.253s] Invoking command in '/home/igor/Code/Modulo8/src/pond3': PYTHONPATH=/home/igor/Code/Modulo8/build/pond3/prefix_override:/home/igor/Code/Modulo8/install/pond3/lib/python3.10/site-packages:${PYTHONPATH} /usr/bin/python3 setup.py egg_info --egg-base ../../build/pond3 build --build-base /home/igor/Code/Modulo8/build/pond3/build install --record /home/igor/Code/Modulo8/build/pond3/install.log --single-version-externally-managed
[2.727s] running egg_info
[2.728s] writing ../../build/pond3/pond3.egg-info/PKG-INFO
[2.729s] writing dependency_links to ../../build/pond3/pond3.egg-info/dependency_links.txt
[2.731s] writing entry points to ../../build/pond3/pond3.egg-info/entry_points.txt
[2.732s] writing requirements to ../../build/pond3/pond3.egg-info/requires.txt
[2.733s] writing top-level names to ../../build/pond3/pond3.egg-info/top_level.txt
[2.739s] reading manifest file '../../build/pond3/pond3.egg-info/SOURCES.txt'
[2.741s] writing manifest file '../../build/pond3/pond3.egg-info/SOURCES.txt'
[2.742s] running build
[2.743s] running build_py
[2.744s] running install
[2.745s] running install_lib
[2.746s] running install_data
[2.747s] running install_egg_info
[2.748s] removing '/home/igor/Code/Modulo8/install/pond3/lib/python3.10/site-packages/pond3-0.0.0-py3.10.egg-info' (and everything under it)
[2.749s] Copying ../../build/pond3/pond3.egg-info to /home/igor/Code/Modulo8/install/pond3/lib/python3.10/site-packages/pond3-0.0.0-py3.10.egg-info
[2.750s] running install_scripts
[2.788s] Installing chatbot script to /home/igor/Code/Modulo8/install/pond3/lib/pond3
[2.789s] writing list of installed files to '/home/igor/Code/Modulo8/build/pond3/install.log'
[2.908s] Invoked command in '/home/igor/Code/Modulo8/src/pond3' returned '0': PYTHONPATH=/home/igor/Code/Modulo8/build/pond3/prefix_override:/home/igor/Code/Modulo8/install/pond3/lib/python3.10/site-packages:${PYTHONPATH} /usr/bin/python3 setup.py egg_info --egg-base ../../build/pond3 build --build-base /home/igor/Code/Modulo8/build/pond3/build install --record /home/igor/Code/Modulo8/build/pond3/install.log --single-version-externally-managed
