[1.729s] Invoking command in '/home/igor/Code/Modulo8/src/pond2': PYTHONPATH=/home/igor/Code/Modulo8/build/pond2/prefix_override:/home/igor/Code/Modulo8/install/pond2/lib/python3.10/site-packages:${PYTHONPATH} /usr/bin/python3 setup.py egg_info --egg-base ../../build/pond2 build --build-base /home/igor/Code/Modulo8/build/pond2/build install --record /home/igor/Code/Modulo8/build/pond2/install.log --single-version-externally-managed
[2.089s] running egg_info
[2.090s] writing ../../build/pond2/pond2.egg-info/PKG-INFO
[2.091s] writing dependency_links to ../../build/pond2/pond2.egg-info/dependency_links.txt
[2.095s] writing entry points to ../../build/pond2/pond2.egg-info/entry_points.txt
[2.095s] writing requirements to ../../build/pond2/pond2.egg-info/requires.txt
[2.097s] writing top-level names to ../../build/pond2/pond2.egg-info/top_level.txt
[2.101s] reading manifest file '../../build/pond2/pond2.egg-info/SOURCES.txt'
[2.102s] writing manifest file '../../build/pond2/pond2.egg-info/SOURCES.txt'
[2.103s] running build
[2.103s] running build_py
[2.103s] running install
[2.104s] running install_lib
[2.106s] running install_data
[2.106s] running install_egg_info
[2.110s] removing '/home/igor/Code/Modulo8/install/pond2/lib/python3.10/site-packages/pond2-1.0.0-py3.10.egg-info' (and everything under it)
[2.111s] Copying ../../build/pond2/pond2.egg-info to /home/igor/Code/Modulo8/install/pond2/lib/python3.10/site-packages/pond2-1.0.0-py3.10.egg-info
[2.113s] running install_scripts
[2.146s] Installing savemap script to /home/igor/Code/Modulo8/install/pond2/lib/pond2
[2.146s] Installing tartabot script to /home/igor/Code/Modulo8/install/pond2/lib/pond2
[2.147s] writing list of installed files to '/home/igor/Code/Modulo8/build/pond2/install.log'
[2.292s] Invoked command in '/home/igor/Code/Modulo8/src/pond2' returned '0': PYTHONPATH=/home/igor/Code/Modulo8/build/pond2/prefix_override:/home/igor/Code/Modulo8/install/pond2/lib/python3.10/site-packages:${PYTHONPATH} /usr/bin/python3 setup.py egg_info --egg-base ../../build/pond2 build --build-base /home/igor/Code/Modulo8/build/pond2/build install --record /home/igor/Code/Modulo8/build/pond2/install.log --single-version-externally-managed
