[1.774s] Invoking command in '/home/igor/Code/Modulo8/src/pond2': PYTHONPATH=/home/igor/Code/Modulo8/build/pond2/prefix_override:/home/igor/Code/Modulo8/install/pond2/lib/python3.10/site-packages:${PYTHONPATH} /usr/bin/python3 setup.py egg_info --egg-base ../../build/pond2 build --build-base /home/igor/Code/Modulo8/build/pond2/build install --record /home/igor/Code/Modulo8/build/pond2/install.log --single-version-externally-managed
[2.146s] running egg_info
[2.146s] writing ../../build/pond2/pond2.egg-info/PKG-INFO
[2.147s] writing dependency_links to ../../build/pond2/pond2.egg-info/dependency_links.txt
[2.148s] writing entry points to ../../build/pond2/pond2.egg-info/entry_points.txt
[2.151s] writing requirements to ../../build/pond2/pond2.egg-info/requires.txt
[2.154s] writing top-level names to ../../build/pond2/pond2.egg-info/top_level.txt
[2.157s] reading manifest file '../../build/pond2/pond2.egg-info/SOURCES.txt'
[2.159s] writing manifest file '../../build/pond2/pond2.egg-info/SOURCES.txt'
[2.159s] running build
[2.160s] running build_py
[2.160s] copying pond2/teleop.py -> /home/igor/Code/Modulo8/build/pond2/build/lib/pond2
[2.160s] copying pond2/tartabot.py -> /home/igor/Code/Modulo8/build/pond2/build/lib/pond2
[2.160s] running install
[2.161s] running install_lib
[2.162s] copying /home/igor/Code/Modulo8/build/pond2/build/lib/pond2/teleop.py -> /home/igor/Code/Modulo8/install/pond2/lib/python3.10/site-packages/pond2
[2.162s] copying /home/igor/Code/Modulo8/build/pond2/build/lib/pond2/tartabot.py -> /home/igor/Code/Modulo8/install/pond2/lib/python3.10/site-packages/pond2
[2.163s] byte-compiling /home/igor/Code/Modulo8/install/pond2/lib/python3.10/site-packages/pond2/teleop.py to teleop.cpython-310.pyc
[2.164s] byte-compiling /home/igor/Code/Modulo8/install/pond2/lib/python3.10/site-packages/pond2/tartabot.py to tartabot.cpython-310.pyc
[2.165s] running install_data
[2.166s] copying launch/mapping_launch.py -> /home/igor/Code/Modulo8/install/pond2/share/pond2/launch
[2.167s] running install_egg_info
[2.169s] removing '/home/igor/Code/Modulo8/install/pond2/lib/python3.10/site-packages/pond2-1.0.0-py3.10.egg-info' (and everything under it)
[2.170s] Copying ../../build/pond2/pond2.egg-info to /home/igor/Code/Modulo8/install/pond2/lib/python3.10/site-packages/pond2-1.0.0-py3.10.egg-info
[2.171s] running install_scripts
[2.198s] Installing tartabot script to /home/igor/Code/Modulo8/install/pond2/lib/pond2
[2.199s] Installing teleop script to /home/igor/Code/Modulo8/install/pond2/lib/pond2
[2.200s] writing list of installed files to '/home/igor/Code/Modulo8/build/pond2/install.log'
[2.337s] Invoked command in '/home/igor/Code/Modulo8/src/pond2' returned '0': PYTHONPATH=/home/igor/Code/Modulo8/build/pond2/prefix_override:/home/igor/Code/Modulo8/install/pond2/lib/python3.10/site-packages:${PYTHONPATH} /usr/bin/python3 setup.py egg_info --egg-base ../../build/pond2 build --build-base /home/igor/Code/Modulo8/build/pond2/build install --record /home/igor/Code/Modulo8/build/pond2/install.log --single-version-externally-managed
