[1.564s] Invoking command in '/home/igor/Code/Modulo8/src/pond3': PYTHONPATH=/home/igor/Code/Modulo8/src/build/pond3/prefix_override:/home/igor/Code/Modulo8/src/install/pond3/lib/python3.10/site-packages:${PYTHONPATH} /usr/bin/python3 setup.py egg_info --egg-base ../build/pond3 build --build-base /home/igor/Code/Modulo8/src/build/pond3/build install --record /home/igor/Code/Modulo8/src/build/pond3/install.log --single-version-externally-managed
[1.921s] running egg_info
[1.922s] writing ../build/pond3/pond3.egg-info/PKG-INFO
[1.923s] writing dependency_links to ../build/pond3/pond3.egg-info/dependency_links.txt
[1.933s] writing entry points to ../build/pond3/pond3.egg-info/entry_points.txt
[1.934s] writing requirements to ../build/pond3/pond3.egg-info/requires.txt
[1.937s] writing top-level names to ../build/pond3/pond3.egg-info/top_level.txt
[1.944s] reading manifest file '../build/pond3/pond3.egg-info/SOURCES.txt'
[1.945s] writing manifest file '../build/pond3/pond3.egg-info/SOURCES.txt'
[1.946s] running build
[1.946s] running build_py
[1.947s] running install
[1.947s] running install_lib
[1.949s] byte-compiling /home/igor/Code/Modulo8/src/install/pond3/lib/python3.10/site-packages/pond3/chatbot.py to chatbot.cpython-310.pyc
[1.949s] running install_data
[1.950s]   File "/home/igor/Code/Modulo8/src/install/pond3/lib/python3.10/site-packages/pond3/chatbot.py", line 3
[1.950s]     import .dictionary.intent
[1.950s]            ^
[1.950s] SyntaxError: invalid syntax
[1.950s] 
[1.951s] running install_egg_info
[1.953s] removing '/home/igor/Code/Modulo8/src/install/pond3/lib/python3.10/site-packages/pond3-0.0.0-py3.10.egg-info' (and everything under it)
[1.953s] Copying ../build/pond3/pond3.egg-info to /home/igor/Code/Modulo8/src/install/pond3/lib/python3.10/site-packages/pond3-0.0.0-py3.10.egg-info
[1.955s] running install_scripts
[1.988s] writing list of installed files to '/home/igor/Code/Modulo8/src/build/pond3/install.log'
[2.119s] Invoked command in '/home/igor/Code/Modulo8/src/pond3' returned '0': PYTHONPATH=/home/igor/Code/Modulo8/src/build/pond3/prefix_override:/home/igor/Code/Modulo8/src/install/pond3/lib/python3.10/site-packages:${PYTHONPATH} /usr/bin/python3 setup.py egg_info --egg-base ../build/pond3 build --build-base /home/igor/Code/Modulo8/src/build/pond3/build install --record /home/igor/Code/Modulo8/src/build/pond3/install.log --single-version-externally-managed
