[3.350s] Invoking command in '/home/igor/Code/Modulo8/src/pond2': PYTHONPATH=/home/igor/Code/Modulo8/src/build/pond2/prefix_override:/home/igor/Code/Modulo8/src/install/pond2/lib/python3.10/site-packages:${PYTHONPATH} /usr/bin/python3 setup.py egg_info --egg-base ../build/pond2 build --build-base /home/igor/Code/Modulo8/src/build/pond2/build install --record /home/igor/Code/Modulo8/src/build/pond2/install.log --single-version-externally-managed
[4.231s] running egg_info
[4.234s] writing ../build/pond2/pond2.egg-info/PKG-INFO
[4.246s] writing dependency_links to ../build/pond2/pond2.egg-info/dependency_links.txt
[4.246s] writing entry points to ../build/pond2/pond2.egg-info/entry_points.txt
[4.246s] writing requirements to ../build/pond2/pond2.egg-info/requires.txt
[4.257s] writing top-level names to ../build/pond2/pond2.egg-info/top_level.txt
[4.257s] reading manifest file '../build/pond2/pond2.egg-info/SOURCES.txt'
[4.262s] writing manifest file '../build/pond2/pond2.egg-info/SOURCES.txt'
[4.262s] running build
[4.262s] running build_py
[4.262s] copying pond2/tartabot.py -> /home/igor/Code/Modulo8/src/build/pond2/build/lib/pond2
[4.262s] running install
[4.263s] running install_lib
[4.274s] copying /home/igor/Code/Modulo8/src/build/pond2/build/lib/pond2/tartabot.py -> /home/igor/Code/Modulo8/src/install/pond2/lib/python3.10/site-packages/pond2
[4.274s] byte-compiling /home/igor/Code/Modulo8/src/install/pond2/lib/python3.10/site-packages/pond2/tartabot.py to tartabot.cpython-310.pyc
[4.274s] running install_data
[4.274s] running install_egg_info
[4.282s] removing '/home/igor/Code/Modulo8/src/install/pond2/lib/python3.10/site-packages/pond2-1.0.0-py3.10.egg-info' (and everything under it)
[4.289s] Copying ../build/pond2/pond2.egg-info to /home/igor/Code/Modulo8/src/install/pond2/lib/python3.10/site-packages/pond2-1.0.0-py3.10.egg-info
[4.289s] running install_scripts
[4.346s] Installing savemap script to /home/igor/Code/Modulo8/src/install/pond2/lib/pond2
[4.347s] Installing tartabot script to /home/igor/Code/Modulo8/src/install/pond2/lib/pond2
[4.348s] writing list of installed files to '/home/igor/Code/Modulo8/src/build/pond2/install.log'
[4.632s] Invoked command in '/home/igor/Code/Modulo8/src/pond2' returned '0': PYTHONPATH=/home/igor/Code/Modulo8/src/build/pond2/prefix_override:/home/igor/Code/Modulo8/src/install/pond2/lib/python3.10/site-packages:${PYTHONPATH} /usr/bin/python3 setup.py egg_info --egg-base ../build/pond2 build --build-base /home/igor/Code/Modulo8/src/build/pond2/build install --record /home/igor/Code/Modulo8/src/build/pond2/install.log --single-version-externally-managed
