running egg_info
writing ../../build/pond2/pond2.egg-info/PKG-INFO
writing dependency_links to ../../build/pond2/pond2.egg-info/dependency_links.txt
writing entry points to ../../build/pond2/pond2.egg-info/entry_points.txt
writing requirements to ../../build/pond2/pond2.egg-info/requires.txt
writing top-level names to ../../build/pond2/pond2.egg-info/top_level.txt
reading manifest file '../../build/pond2/pond2.egg-info/SOURCES.txt'
writing manifest file '../../build/pond2/pond2.egg-info/SOURCES.txt'
running build
running build_py
running install
running install_lib
running install_data
creating /home/igor/Code/Modulo8/install/pond2/share/pond2/launch
running install_egg_info
removing '/home/igor/Code/Modulo8/install/pond2/lib/python3.10/site-packages/pond2-1.0.0-py3.10.egg-info' (and everything under it)
Copying ../../build/pond2/pond2.egg-info to /home/igor/Code/Modulo8/install/pond2/lib/python3.10/site-packages/pond2-1.0.0-py3.10.egg-info
running install_scripts
Installing tartabot script to /home/igor/Code/Modulo8/install/pond2/lib/pond2
writing list of installed files to '/home/igor/Code/Modulo8/build/pond2/install.log'
